

Microchip Technology PIC18 LITE Macro Assembler V1.34 build -361300703 
                                                                                               Tue Feb 08 16:49:34 2022

Microchip Technology Omniscient Code Generator (Lite mode) build 201502162209
     1                           	processor	18F4620
     2                           	fnconf	rparam,??,?,0
     3                           	opt	pw 120
     4                           	opt	lm
     5                           	psect	text0,global,reloc=2,class=CODE,delta=1
     6                           	psect	cinit,global,reloc=2,class=CODE,delta=1
     7                           	psect	cstackCOMRAM,global,class=COMRAM,space=1,delta=1
     8                           	psect	intsave_regs,global,class=BIGRAM,space=1,delta=1
     9                           	psect	rparam,global,class=COMRAM,space=1,delta=1
    10  0000                     _ADCON1	set	4033
    11  0000                     _PORTA	set	3968
    12  0000                     _PORTB	set	3969
    13  0000                     _PORTC	set	3970
    14  0000                     _TRISA	set	3986
    15  0000                     _TRISB	set	3987
    16  0000                     _TRISC	set	3988
    17                           
    18 ;;
    19 ;;Main: autosize = 0, tempsize = 0, incstack = 0, save=0
    20 ;;
    21 ;; *************** function _main *****************
    22 ;; Defined at:
    23 ;;		line 12 in file "Lab2p2.c"
    24 ;; Parameters:    Size  Location     Type
    25 ;;		None
    26 ;; Auto vars:     Size  Location     Type
    27 ;;  in1             1    1[COMRAM] unsigned char 
    28 ;;  in              1    0[COMRAM] unsigned char 
    29 ;; Return value:  Size  Location     Type
    30 ;;		None               void
    31 ;; Registers used:
    32 ;;		wreg, status,2, status,0
    33 ;; Tracked objects:
    34 ;;		On entry : 0/0
    35 ;;		On exit  : 0/0
    36 ;;		Unchanged: 0/0
    37 ;; Data sizes:     COMRAM   BANK0   BANK1   BANK2   BANK3   BANK4   BANK5   BANK6   BANK7   BANK8   BANK9  BANK10  BANK1
      +1  BANK12  BANK13  BANK14  BANK15
    38 ;;      Params:         0       0       0       0       0       0       0       0       0       0       0       0       
      +0       0       0       0       0
    39 ;;      Locals:         2       0       0       0       0       0       0       0       0       0       0       0       
      +0       0       0       0       0
    40 ;;      Temps:          0       0       0       0       0       0       0       0       0       0       0       0       
      +0       0       0       0       0
    41 ;;      Totals:         2       0       0       0       0       0       0       0       0       0       0       0       
      +0       0       0       0       0
    42 ;;Total ram usage:        2 bytes
    43 ;; This function calls:
    44 ;;		Nothing
    45 ;; This function is called by:
    46 ;;		Startup code after reset
    47 ;; This function uses a non-reentrant model
    48 ;;
    49                           
    50                           	psect	text0
    51  00FFCE                     __ptext0:
    52                           	opt stack 0
    53  00FFCE                     _main:
    54                           	opt stack 31
    55                           
    56                           ;Lab2p2.c: 14: char in;
    57                           ;Lab2p2.c: 15: char in1;
    58                           ;Lab2p2.c: 17: TRISA = 0xFF;
    59                           
    60                           ;incstack = 0
    61  00FFCE  6892               	setf	3986,c	;volatile
    62                           
    63                           ;Lab2p2.c: 18: TRISB = 0x00;
    64  00FFD0  0E00               	movlw	0
    65  00FFD2  6E93               	movwf	3987,c	;volatile
    66                           
    67                           ;Lab2p2.c: 19: TRISC = 0x00;
    68  00FFD4  0E00               	movlw	0
    69  00FFD6  6E94               	movwf	3988,c	;volatile
    70                           
    71                           ;Lab2p2.c: 21: ADCON1 = 0x0F;
    72  00FFD8  0E0F               	movlw	15
    73  00FFDA  6EC1               	movwf	4033,c	;volatile
    74  00FFDC  D000               	goto	l606
    75  00FFDE                     l606:
    76                           
    77                           ;Lab2p2.c: 24: {
    78                           ;Lab2p2.c: 25: in = PORTA;
    79  00FFDE  CF80 F001          	movff	3968,main@in	;volatile
    80                           
    81                           ;Lab2p2.c: 27: in = in & 0x0F;
    82  00FFE2  5001               	movf	main@in,w,c
    83  00FFE4  0B0F               	andlw	15
    84  00FFE6  6E01               	movwf	main@in,c
    85                           
    86                           ;Lab2p2.c: 28: PORTB = in;
    87  00FFE8  C001  FF81         	movff	main@in,3969	;volatile
    88                           
    89                           ;Lab2p2.c: 30: in1 = PORTA;
    90  00FFEC  CF80 F002          	movff	3968,main@in1	;volatile
    91                           
    92                           ;Lab2p2.c: 32: in1 = in1 & 0x07;
    93  00FFF0  5002               	movf	main@in1,w,c
    94  00FFF2  0B07               	andlw	7
    95  00FFF4  6E02               	movwf	main@in1,c
    96                           
    97                           ;Lab2p2.c: 33: PORTC = in1;
    98  00FFF6  C002  FF82         	movff	main@in1,3970	;volatile
    99  00FFFA  D7F1               	goto	l606
   100  00FFFC  EF00  F000         	goto	start
   101  010000                     __end_of_main:
   102                           	opt stack 0
   103  0000                     
   104                           	psect	cinit
   105  00FFC8                     __pcinit:
   106                           	opt stack 0
   107  00FFC8                     start_initialization:
   108                           	opt stack 0
   109  00FFC8                     __initialization:
   110                           	opt stack 0
   111  00FFC8                     end_of_initialization:
   112                           	opt stack 0
   113  00FFC8                     __end_of__initialization:
   114                           	opt stack 0
   115  00FFC8  0100               	movlb	0
   116  00FFCA  EFE7  F07F         	goto	_main	;jump to C main() function
   117                           
   118                           	psect	cstackCOMRAM
   119  000001                     __pcstackCOMRAM:
   120                           	opt stack 0
   121  000001                     main@in:
   122                           	opt stack 0
   123                           
   124                           ; 1 bytes @ 0x0
   125  000001                     	ds	1
   126  000002                     main@in1:
   127                           	opt stack 0
   128                           
   129                           ; 1 bytes @ 0x1
   130  000002                     	ds	1
   131                           
   132                           	psect	rparam


Data Sizes:
    Strings     0
    Constant    0
    Data        0
    BSS         0
    Persistent  0
    Stack       0

Auto Spaces:
    Space          Size  Autos    Used
    COMRAM          127      2       2
    BANK0           128      0       0
    BANK1           256      0       0
    BANK2           256      0       0
    BANK3           256      0       0
    BANK4           256      0       0
    BANK5           256      0       0
    BANK6           256      0       0
    BANK7           256      0       0
    BANK8           256      0       0
    BANK9           256      0       0
    BANK10          256      0       0
    BANK11          256      0       0
    BANK12          256      0       0
    BANK13          256      0       0
    BANK14          256      0       0
    BANK15          128      0       0

Pointer List with Targets:

    None.

Critical Paths under _main in COMRAM

    None.

Critical Paths under _main in BANK0

    None.

Critical Paths under _main in BANK1

    None.

Critical Paths under _main in BANK2

    None.

Critical Paths under _main in BANK3

    None.

Critical Paths under _main in BANK4

    None.

Critical Paths under _main in BANK5

    None.

Critical Paths under _main in BANK6

    None.

Critical Paths under _main in BANK7

    None.

Critical Paths under _main in BANK8

    None.

Critical Paths under _main in BANK9

    None.

Critical Paths under _main in BANK10

    None.

Critical Paths under _main in BANK11

    None.

Critical Paths under _main in BANK12

    None.

Critical Paths under _main in BANK13

    None.

Critical Paths under _main in BANK14

    None.

Critical Paths under _main in BANK15

    None.

Call Graph Tables:

 ---------------------------------------------------------------------------------
 (Depth) Function   	        Calls       Base Space   Used Autos Params    Refs
 ---------------------------------------------------------------------------------
 (0) _main                                                 2     2      0      60
                                              0 COMRAM     2     2      0
 ---------------------------------------------------------------------------------
 Estimated maximum stack depth 0
 ---------------------------------------------------------------------------------

 Call Graph Graphs:

 _main (ROOT)

 Address spaces:
Name               Size   Autos  Total    Cost      Usage
BITCOMRAM           7F      0       0       0        0.0%
EEDATA             400      0       0       0        0.0%
NULL                 0      0       0       0        0.0%
CODE                 0      0       0       0        0.0%
COMRAM              7F      2       2       1        1.6%
STACK                0      0       0       2        0.0%
DATA                 0      0       0       3        0.0%
BITBANK0            80      0       0       4        0.0%
BANK0               80      0       0       5        0.0%
BITBANK1           100      0       0       6        0.0%
BANK1              100      0       0       7        0.0%
BITBANK2           100      0       0       8        0.0%
BANK2              100      0       0       9        0.0%
BITBANK3           100      0       0      10        0.0%
BANK3              100      0       0      11        0.0%
BITBANK4           100      0       0      12        0.0%
BANK4              100      0       0      13        0.0%
BITBANK5           100      0       0      14        0.0%
BANK5              100      0       0      15        0.0%
BITBANK6           100      0       0      16        0.0%
BANK6              100      0       0      17        0.0%
BITBANK7           100      0       0      18        0.0%
BANK7              100      0       0      19        0.0%
BITBANK8           100      0       0      20        0.0%
BANK8              100      0       0      21        0.0%
BITBANK9           100      0       0      22        0.0%
BANK9              100      0       0      23        0.0%
BITBANK10          100      0       0      24        0.0%
BANK10             100      0       0      25        0.0%
BITBANK11          100      0       0      26        0.0%
BANK11             100      0       0      27        0.0%
BITBANK12          100      0       0      28        0.0%
BANK12             100      0       0      29        0.0%
BITBANK13          100      0       0      30        0.0%
BANK13             100      0       0      31        0.0%
BITBANK14          100      0       0      32        0.0%
BANK14             100      0       0      33        0.0%
ABS                  0      0       0      34        0.0%
BITBANK15           80      0       0      35        0.0%
BANK15              80      0       0      36        0.0%
BIGRAM             F7F      0       0      37        0.0%
BITSFR               0      0       0      40        0.0%
SFR                  0      0       0      40        0.0%


Microchip Technology PIC18 Macro Assembler V1.34 build -361300703 
Symbol Table                                                                                   Tue Feb 08 16:49:34 2022

                    l606 FFDE             __CFG_LVP$OFF 000000             __CFG_WDT$OFF 000000  
                   _main FFCE                     start 0000             ___param_bank 000010  
                  ?_main 0001                    _PORTA 000F80                    _PORTB 000F81  
                  _PORTC 000F82                    _TRISA 000F92                    _TRISB 000F93  
                  _TRISC 000F94           __CFG_BOREN$OFF 000000          __initialization FFC8  
           __end_of_main 0000                   ??_main 0001            __activetblptr 000000  
                 _ADCON1 000FC1                   main@in 0001               __accesstop 0080  
__end_of__initialization FFC8            ___rparam_used 000001           __pcstackCOMRAM 0001  
                __Hparam 0000                  __Lparam 0000                  __pcinit FFC8  
                __ramtop 1000                  __ptext0 FFCE                  main@in1 0002  
   end_of_initialization FFC8      start_initialization FFC8         __CFG_OSC$INTIO67 000000  
               __Hrparam 0000                 __Lrparam 0000            __size_of_main 0032  
