

Microchip Technology PIC18 LITE Macro Assembler V1.34 build -361300703 
                                                                                               Tue Feb 08 01:00:11 2022

Microchip Technology Omniscient Code Generator (Lite mode) build 201502162209
     1                           	processor	18F4620
     2                           	fnconf	rparam,??,?,0
     3                           	opt	pw 120
     4                           	opt	lm
     5                           	psect	text0,global,reloc=2,class=CODE,delta=1
     6                           	psect	cinit,global,reloc=2,class=CODE,delta=1
     7                           	psect	cstackCOMRAM,global,class=COMRAM,space=1,delta=1
     8                           	psect	text1,global,reloc=2,class=CODE,delta=1
     9                           	psect	intsave_regs,global,class=BIGRAM,space=1,delta=1
    10                           	psect	rparam,global,class=COMRAM,space=1,delta=1
    11  0000                     _ADCON1	set	4033
    12  0000                     _PORTA	set	3968
    13  0000                     _PORTC	set	3970
    14  0000                     _TRISA	set	3986
    15  0000                     _TRISB	set	3987
    16  0000                     _TRISC	set	3988
    17                           
    18 ;;
    19 ;;Main: autosize = 0, tempsize = 0, incstack = 0, save=0
    20 ;;
    21 ;; *************** function _main *****************
    22 ;; Defined at:
    23 ;;		line 14 in file "Lab2p3.c"
    24 ;; Parameters:    Size  Location     Type
    25 ;;		None
    26 ;; Auto vars:     Size  Location     Type
    27 ;;  i               2    2[COMRAM] int 
    28 ;;  in              1    4[COMRAM] unsigned char 
    29 ;; Return value:  Size  Location     Type
    30 ;;		None               void
    31 ;; Registers used:
    32 ;;		wreg, status,2, status,0, cstack
    33 ;; Tracked objects:
    34 ;;		On entry : 0/0
    35 ;;		On exit  : 0/0
    36 ;;		Unchanged: 0/0
    37 ;; Data sizes:     COMRAM   BANK0   BANK1   BANK2   BANK3   BANK4   BANK5   BANK6   BANK7   BANK8   BANK9  BANK10  BANK1
      +1  BANK12  BANK13  BANK14  BANK15
    38 ;;      Params:         0       0       0       0       0       0       0       0       0       0       0       0       
      +0       0       0       0       0
    39 ;;      Locals:         3       0       0       0       0       0       0       0       0       0       0       0       
      +0       0       0       0       0
    40 ;;      Temps:          0       0       0       0       0       0       0       0       0       0       0       0       
      +0       0       0       0       0
    41 ;;      Totals:         3       0       0       0       0       0       0       0       0       0       0       0       
      +0       0       0       0       0
    42 ;;Total ram usage:        3 bytes
    43 ;; Hardware stack levels required when called:    1
    44 ;; This function calls:
    45 ;;		_Delay_One_Sec
    46 ;; This function is called by:
    47 ;;		Startup code after reset
    48 ;; This function uses a non-reentrant model
    49 ;;
    50                           
    51                           	psect	text0
    52  00FFB6                     __ptext0:
    53                           	opt stack 0
    54  00FFB6                     _main:
    55                           	opt stack 30
    56                           
    57                           ;Lab2p3.c: 16: char in;
    58                           ;Lab2p3.c: 17: TRISA = 0xFF;
    59                           
    60                           ;incstack = 0
    61  00FFB6  6892               	setf	3986,c	;volatile
    62                           
    63                           ;Lab2p3.c: 18: TRISB = 0x00;
    64  00FFB8  0E00               	movlw	0
    65  00FFBA  6E93               	movwf	3987,c	;volatile
    66                           
    67                           ;Lab2p3.c: 19: TRISC = 0x00;
    68  00FFBC  0E00               	movlw	0
    69  00FFBE  6E94               	movwf	3988,c	;volatile
    70                           
    71                           ;Lab2p3.c: 20: ADCON1 = 0x0F;
    72  00FFC0  0E0F               	movlw	15
    73  00FFC2  6EC1               	movwf	4033,c	;volatile
    74                           
    75                           ;Lab2p3.c: 22: for (int i=0; i<7; i++) {
    76  00FFC4  0E00               	movlw	0
    77  00FFC6  6E04               	movwf	main@i+1,c
    78  00FFC8  0E00               	movlw	0
    79  00FFCA  6E03               	movwf	main@i,c
    80  00FFCC                     l620:
    81  00FFCC  BE04               	btfsc	main@i+1,7,c
    82  00FFCE  D00A               	goto	l17
    83  00FFD0  5004               	movf	main@i+1,w,c
    84  00FFD2  E114               	bnz	l19
    85  00FFD4  0E07               	movlw	7
    86  00FFD6  5C03               	subwf	main@i,w,c
    87  00FFD8  B0D8               	btfsc	status,0,c
    88  00FFDA  EF00  F000         	goto	start
    89  00FFDE  D002               	goto	l17
    90  00FFE0  EF00  F000         	goto	start
    91  00FFE4                     l17:
    92                           
    93                           ;Lab2p3.c: 23: in = PORTA;
    94  00FFE4  CF80 F005          	movff	3968,main@in	;volatile
    95                           
    96                           ;Lab2p3.c: 25: in = in & 0x07;
    97  00FFE8  5005               	movf	main@in,w,c
    98  00FFEA  0B07               	andlw	7
    99  00FFEC  6E05               	movwf	main@in,c
   100                           
   101                           ;Lab2p3.c: 26: PORTC = in;
   102  00FFEE  C005  FF82         	movff	main@in,3970	;volatile
   103                           
   104                           ;Lab2p3.c: 27: Delay_One_Sec();
   105  00FFF2  ECC9  F07F         	call	_Delay_One_Sec	;wreg free
   106  00FFF6  4A03               	infsnz	main@i,f,c
   107  00FFF8  2A04               	incf	main@i+1,f,c
   108  00FFFA  D7E8               	goto	l620
   109  00FFFC                     l19:
   110  00FFFC  EF00  F000         	goto	start
   111  010000                     __end_of_main:
   112                           	opt stack 0
   113                           status	equ	0xFD8
   114                           
   115                           	psect	cinit
   116  00FF8C                     __pcinit:
   117                           	opt stack 0
   118  00FF8C                     start_initialization:
   119                           	opt stack 0
   120  00FF8C                     __initialization:
   121                           	opt stack 0
   122  00FF8C                     end_of_initialization:
   123                           	opt stack 0
   124  00FF8C                     __end_of__initialization:
   125                           	opt stack 0
   126  00FF8C  0100               	movlb	0
   127  00FF8E  EFDB  F07F         	goto	_main	;jump to C main() function
   128                           status	equ	0xFD8
   129                           
   130                           	psect	cstackCOMRAM
   131  000001                     __pcstackCOMRAM:
   132                           	opt stack 0
   133  000001                     Delay_One_Sec@I:
   134                           	opt stack 0
   135                           
   136                           ; 2 bytes @ 0x0
   137  000001                     	ds	2
   138  000003                     main@i:
   139                           	opt stack 0
   140                           
   141                           ; 2 bytes @ 0x2
   142  000003                     	ds	2
   143  000005                     main@in:
   144                           	opt stack 0
   145                           
   146                           ; 1 bytes @ 0x4
   147  000005                     	ds	1
   148                           status	equ	0xFD8
   149                           
   150 ;; *************** function _Delay_One_Sec *****************
   151 ;; Defined at:
   152 ;;		line 31 in file "Lab2p3.c"
   153 ;; Parameters:    Size  Location     Type
   154 ;;		None
   155 ;; Auto vars:     Size  Location     Type
   156 ;;  I               2    0[COMRAM] int 
   157 ;; Return value:  Size  Location     Type
   158 ;;		None               void
   159 ;; Registers used:
   160 ;;		wreg, status,2, status,0
   161 ;; Tracked objects:
   162 ;;		On entry : 0/0
   163 ;;		On exit  : 0/0
   164 ;;		Unchanged: 0/0
   165 ;; Data sizes:     COMRAM   BANK0   BANK1   BANK2   BANK3   BANK4   BANK5   BANK6   BANK7   BANK8   BANK9  BANK10  BANK1
      +1  BANK12  BANK13  BANK14  BANK15
   166 ;;      Params:         0       0       0       0       0       0       0       0       0       0       0       0       
      +0       0       0       0       0
   167 ;;      Locals:         2       0       0       0       0       0       0       0       0       0       0       0       
      +0       0       0       0       0
   168 ;;      Temps:          0       0       0       0       0       0       0       0       0       0       0       0       
      +0       0       0       0       0
   169 ;;      Totals:         2       0       0       0       0       0       0       0       0       0       0       0       
      +0       0       0       0       0
   170 ;;Total ram usage:        2 bytes
   171 ;; Hardware stack levels used:    1
   172 ;; This function calls:
   173 ;;		Nothing
   174 ;; This function is called by:
   175 ;;		_main
   176 ;; This function uses a non-reentrant model
   177 ;;
   178                           
   179                           	psect	text1
   180  00FF92                     __ptext1:
   181                           	opt stack 0
   182  00FF92                     _Delay_One_Sec:
   183                           	opt stack 30
   184                           
   185                           ;Lab2p3.c: 33: for(int I=0; I <17000; I++);
   186                           
   187                           ;incstack = 0
   188  00FF92  0E00               	movlw	0
   189  00FF94  6E02               	movwf	Delay_One_Sec@I+1,c
   190  00FF96  0E00               	movlw	0
   191  00FF98  6E01               	movwf	Delay_One_Sec@I,c
   192  00FF9A                     l608:
   193  00FF9A  BE02               	btfsc	Delay_One_Sec@I+1,7,c
   194  00FF9C  D008               	goto	l612
   195  00FF9E  0E68               	movlw	104
   196  00FFA0  5C01               	subwf	Delay_One_Sec@I,w,c
   197  00FFA2  0E42               	movlw	66
   198  00FFA4  5802               	subwfb	Delay_One_Sec@I+1,w,c
   199  00FFA6  B0D8               	btfsc	status,0,c
   200  00FFA8  D005               	goto	l24
   201  00FFAA  D001               	goto	l612
   202  00FFAC  D003               	goto	l24
   203  00FFAE                     l612:
   204  00FFAE  4A01               	infsnz	Delay_One_Sec@I,f,c
   205  00FFB0  2A02               	incf	Delay_One_Sec@I+1,f,c
   206  00FFB2  D7F3               	goto	l608
   207  00FFB4                     l24:
   208  00FFB4  0012               	return		;funcret
   209  00FFB6                     __end_of_Delay_One_Sec:
   210                           	opt stack 0
   211  0000                     status	equ	0xFD8
   212                           status	equ	0xFD8
   213                           
   214                           	psect	rparam
   215  0000                     status	equ	0xFD8


Data Sizes:
    Strings     0
    Constant    0
    Data        0
    BSS         0
    Persistent  0
    Stack       0

Auto Spaces:
    Space          Size  Autos    Used
    COMRAM          127      5       5
    BANK0           128      0       0
    BANK1           256      0       0
    BANK2           256      0       0
    BANK3           256      0       0
    BANK4           256      0       0
    BANK5           256      0       0
    BANK6           256      0       0
    BANK7           256      0       0
    BANK8           256      0       0
    BANK9           256      0       0
    BANK10          256      0       0
    BANK11          256      0       0
    BANK12          256      0       0
    BANK13          256      0       0
    BANK14          256      0       0
    BANK15          128      0       0

Pointer List with Targets:

    None.

Critical Paths under _main in COMRAM

    _main->_Delay_One_Sec

Critical Paths under _main in BANK0

    None.

Critical Paths under _main in BANK1

    None.

Critical Paths under _main in BANK2

    None.

Critical Paths under _main in BANK3

    None.

Critical Paths under _main in BANK4

    None.

Critical Paths under _main in BANK5

    None.

Critical Paths under _main in BANK6

    None.

Critical Paths under _main in BANK7

    None.

Critical Paths under _main in BANK8

    None.

Critical Paths under _main in BANK9

    None.

Critical Paths under _main in BANK10

    None.

Critical Paths under _main in BANK11

    None.

Critical Paths under _main in BANK12

    None.

Critical Paths under _main in BANK13

    None.

Critical Paths under _main in BANK14

    None.

Critical Paths under _main in BANK15

    None.

Call Graph Tables:

 ---------------------------------------------------------------------------------
 (Depth) Function   	        Calls       Base Space   Used Autos Params    Refs
 ---------------------------------------------------------------------------------
 (0) _main                                                 3     3      0      90
                                              2 COMRAM     3     3      0
                      _Delay_One_Sec
 ---------------------------------------------------------------------------------
 (1) _Delay_One_Sec                                        2     2      0      30
                                              0 COMRAM     2     2      0
 ---------------------------------------------------------------------------------
 Estimated maximum stack depth 1
 ---------------------------------------------------------------------------------

 Call Graph Graphs:

 _main (ROOT)
   _Delay_One_Sec

 Address spaces:
Name               Size   Autos  Total    Cost      Usage
BITCOMRAM           7F      0       0       0        0.0%
EEDATA             400      0       0       0        0.0%
NULL                 0      0       0       0        0.0%
CODE                 0      0       0       0        0.0%
COMRAM              7F      5       5       1        3.9%
STACK                0      0       0       2        0.0%
DATA                 0      0       0       3        0.0%
BITBANK0            80      0       0       4        0.0%
BANK0               80      0       0       5        0.0%
BITBANK1           100      0       0       6        0.0%
BANK1              100      0       0       7        0.0%
BITBANK2           100      0       0       8        0.0%
BANK2              100      0       0       9        0.0%
BITBANK3           100      0       0      10        0.0%
BANK3              100      0       0      11        0.0%
BITBANK4           100      0       0      12        0.0%
BANK4              100      0       0      13        0.0%
BITBANK5           100      0       0      14        0.0%
BANK5              100      0       0      15        0.0%
BITBANK6           100      0       0      16        0.0%
BANK6              100      0       0      17        0.0%
BITBANK7           100      0       0      18        0.0%
BANK7              100      0       0      19        0.0%
BITBANK8           100      0       0      20        0.0%
BANK8              100      0       0      21        0.0%
BITBANK9           100      0       0      22        0.0%
BANK9              100      0       0      23        0.0%
BITBANK10          100      0       0      24        0.0%
BANK10             100      0       0      25        0.0%
BITBANK11          100      0       0      26        0.0%
BANK11             100      0       0      27        0.0%
BITBANK12          100      0       0      28        0.0%
BANK12             100      0       0      29        0.0%
BITBANK13          100      0       0      30        0.0%
BANK13             100      0       0      31        0.0%
BITBANK14          100      0       0      32        0.0%
BANK14             100      0       0      33        0.0%
ABS                  0      0       0      34        0.0%
BITBANK15           80      0       0      35        0.0%
BANK15              80      0       0      36        0.0%
BIGRAM             F7F      0       0      37        0.0%
BITSFR               0      0       0      40        0.0%
SFR                  0      0       0      40        0.0%


Microchip Technology PIC18 Macro Assembler V1.34 build -361300703 
Symbol Table                                                                                   Tue Feb 08 01:00:11 2022

                     l24 FFB4                       l17 FFE4                       l19 FFFC  
                    l612 FFAE                      l620 FFCC                      l608 FF9A  
           __CFG_LVP$OFF 000000             __CFG_WDT$OFF 000000                     _main FFB6  
                   start 0000             ___param_bank 000010                    ?_main 0001  
                  _PORTA 000F80                    _PORTC 000F82                    _TRISA 000F92  
                  _TRISB 000F93                    _TRISC 000F94                    main@i 0003  
         __CFG_BOREN$OFF 000000                    status 000FD8          __initialization FF8C  
           __end_of_main 0000                   ??_main 0003            __activetblptr 000000  
                 _ADCON1 000FC1                   main@in 0005               __accesstop 0080  
__end_of__initialization FF8C            ___rparam_used 000001           __pcstackCOMRAM 0001  
         Delay_One_Sec@I 0001   __size_of_Delay_One_Sec 0024                  __Hparam 0000  
                __Lparam 0000                  __pcinit FF8C                  __ramtop 1000  
                __ptext0 FFB6                  __ptext1 FF92     end_of_initialization FF8C  
          _Delay_One_Sec FF92           ?_Delay_One_Sec 0001      start_initialization FF8C  
       __CFG_OSC$INTIO67 000000          ??_Delay_One_Sec 0001                 __Hrparam 0000  
               __Lrparam 0000            __size_of_main 004A    __end_of_Delay_One_Sec FFB6  
