

Microchip Technology PIC18 LITE Macro Assembler V1.34 build -361300703 
                                                                                               Thu Feb 03 22:06:33 2022

Microchip Technology Omniscient Code Generator (Lite mode) build 201502162209
     1                           	processor	18F4620
     2                           	fnconf	rparam,??,?,0
     3                           	opt	pw 120
     4                           	opt	lm
     5                           	psect	text0,global,reloc=2,class=CODE,delta=1
     6                           	psect	cinit,global,reloc=2,class=CODE,delta=1
     7                           	psect	cstackCOMRAM,global,class=COMRAM,space=1,delta=1
     8                           	psect	text1,global,reloc=2,class=CODE,delta=1
     9                           	psect	text2,global,reloc=2,class=CODE,delta=1
    10                           	psect	text3,global,reloc=2,class=CODE,delta=1
    11                           	psect	intsave_regs,global,class=BIGRAM,space=1,delta=1
    12                           	psect	rparam,global,class=COMRAM,space=1,delta=1
    13  0000                     _ADCON0	set	4034
    14  0000                     _ADCON0bits	set	4034
    15  0000                     _ADCON1	set	4033
    16  0000                     _ADCON2	set	4032
    17  0000                     _ADRESH	set	4036
    18  0000                     _ADRESL	set	4035
    19  0000                     _LATB	set	3978
    20  0000                     _TRISB	set	3987
    21                           
    22 ;;
    23 ;;Main: autosize = 0, tempsize = 0, incstack = 0, save=0
    24 ;;
    25 ;; *************** function _main *****************
    26 ;; Defined at:
    27 ;;		line 20 in file "Lab1p1.c"
    28 ;; Parameters:    Size  Location     Type
    29 ;;		None
    30 ;; Auto vars:     Size  Location     Type
    31 ;;  ADC_Result      2    6[COMRAM] unsigned int 
    32 ;; Return value:  Size  Location     Type
    33 ;;		None               void
    34 ;; Registers used:
    35 ;;		wreg, status,2, status,0, cstack
    36 ;; Tracked objects:
    37 ;;		On entry : 0/0
    38 ;;		On exit  : 0/0
    39 ;;		Unchanged: 0/0
    40 ;; Data sizes:     COMRAM   BANK0   BANK1   BANK2   BANK3   BANK4   BANK5   BANK6   BANK7   BANK8   BANK9  BANK10  BANK1
      +1  BANK12  BANK13  BANK14  BANK15
    41 ;;      Params:         0       0       0       0       0       0       0       0       0       0       0       0       
      +0       0       0       0       0
    42 ;;      Locals:         2       0       0       0       0       0       0       0       0       0       0       0       
      +0       0       0       0       0
    43 ;;      Temps:          0       0       0       0       0       0       0       0       0       0       0       0       
      +0       0       0       0       0
    44 ;;      Totals:         2       0       0       0       0       0       0       0       0       0       0       0       
      +0       0       0       0       0
    45 ;;Total ram usage:        2 bytes
    46 ;; Hardware stack levels required when called:    1
    47 ;; This function calls:
    48 ;;		_Flash_LED
    49 ;;		_Get_Full_ADC
    50 ;;		_Init_ADC
    51 ;; This function is called by:
    52 ;;		Startup code after reset
    53 ;; This function uses a non-reentrant model
    54 ;;
    55                           
    56                           	psect	text0
    57  00FF5E                     __ptext0:
    58                           	opt stack 0
    59  00FF5E                     _main:
    60                           	opt stack 30
    61                           
    62                           ;Lab1p1.c: 22: unsigned int ADC_Result;
    63                           ;Lab1p1.c: 23: Init_ADC();
    64                           
    65                           ;incstack = 0
    66  00FF5E  EC95  F07F         	call	_Init_ADC	;wreg free
    67                           
    68                           ;Lab1p1.c: 25: TRISB =0x00;
    69  00FF62  0E00               	movlw	0
    70  00FF64  6E93               	movwf	3987,c	;volatile
    71  00FF66  D000               	goto	l728
    72  00FF68                     l728:
    73                           
    74                           ;Lab1p1.c: 28: {
    75                           ;Lab1p1.c: 29: ADC_Result = Get_Full_ADC();
    76  00FF68  EC9C  F07F         	call	_Get_Full_ADC	;wreg free
    77  00FF6C  C001  F007         	movff	?_Get_Full_ADC,main@ADC_Result
    78  00FF70  C002  F008         	movff	?_Get_Full_ADC+1,main@ADC_Result+1
    79                           
    80                           ;Lab1p1.c: 30: Flash_LED(ADC_Result);
    81  00FF74  C007  F001         	movff	main@ADC_Result,Flash_LED@ADC_result
    82  00FF78  C008  F002         	movff	main@ADC_Result+1,Flash_LED@ADC_result+1
    83  00FF7C  ECC3  F07F         	call	_Flash_LED	;wreg free
    84  00FF80  D7F3               	goto	l728
    85  00FF82  EF00  F000         	goto	start
    86  00FF86                     __end_of_main:
    87                           	opt stack 0
    88                           
    89                           	psect	cinit
    90  00FF24                     __pcinit:
    91                           	opt stack 0
    92  00FF24                     start_initialization:
    93                           	opt stack 0
    94  00FF24                     __initialization:
    95                           	opt stack 0
    96  00FF24                     end_of_initialization:
    97                           	opt stack 0
    98  00FF24                     __end_of__initialization:
    99                           	opt stack 0
   100  00FF24  0100               	movlb	0
   101  00FF26  EFAF  F07F         	goto	_main	;jump to C main() function
   102                           
   103                           	psect	cstackCOMRAM
   104  000001                     __pcstackCOMRAM:
   105                           	opt stack 0
   106  000001                     ?_Get_Full_ADC:
   107                           	opt stack 0
   108  000001                     Flash_LED@ADC_result:
   109                           	opt stack 0
   110                           
   111                           ; 2 bytes @ 0x0
   112  000001                     	ds	2
   113  000003                     ??_Get_Full_ADC:
   114  000003                     Flash_LED@counter1:
   115                           	opt stack 0
   116                           
   117                           ; 2 bytes @ 0x2
   118  000003                     	ds	2
   119  000005                     Get_Full_ADC@result:
   120                           	opt stack 0
   121  000005                     Flash_LED@counter2:
   122                           	opt stack 0
   123                           
   124                           ; 2 bytes @ 0x4
   125  000005                     	ds	2
   126  000007                     main@ADC_Result:
   127                           	opt stack 0
   128                           
   129                           ; 2 bytes @ 0x6
   130  000007                     	ds	2
   131                           
   132 ;; *************** function _Init_ADC *****************
   133 ;; Defined at:
   134 ;;		line 36 in file "Lab1p1.c"
   135 ;; Parameters:    Size  Location     Type
   136 ;;		None
   137 ;; Auto vars:     Size  Location     Type
   138 ;;		None
   139 ;; Return value:  Size  Location     Type
   140 ;;		None               void
   141 ;; Registers used:
   142 ;;		wreg, status,2
   143 ;; Tracked objects:
   144 ;;		On entry : 0/0
   145 ;;		On exit  : 0/0
   146 ;;		Unchanged: 0/0
   147 ;; Data sizes:     COMRAM   BANK0   BANK1   BANK2   BANK3   BANK4   BANK5   BANK6   BANK7   BANK8   BANK9  BANK10  BANK1
      +1  BANK12  BANK13  BANK14  BANK15
   148 ;;      Params:         0       0       0       0       0       0       0       0       0       0       0       0       
      +0       0       0       0       0
   149 ;;      Locals:         0       0       0       0       0       0       0       0       0       0       0       0       
      +0       0       0       0       0
   150 ;;      Temps:          0       0       0       0       0       0       0       0       0       0       0       0       
      +0       0       0       0       0
   151 ;;      Totals:         0       0       0       0       0       0       0       0       0       0       0       0       
      +0       0       0       0       0
   152 ;;Total ram usage:        0 bytes
   153 ;; Hardware stack levels used:    1
   154 ;; This function calls:
   155 ;;		Nothing
   156 ;; This function is called by:
   157 ;;		_main
   158 ;; This function uses a non-reentrant model
   159 ;;
   160                           
   161                           	psect	text1
   162  00FF2A                     __ptext1:
   163                           	opt stack 0
   164  00FF2A                     _Init_ADC:
   165                           	opt stack 30
   166                           
   167                           ;Lab1p1.c: 38: ADCON0=0x01;
   168                           
   169                           ;incstack = 0
   170  00FF2A  0E01               	movlw	1
   171  00FF2C  6EC2               	movwf	4034,c	;volatile
   172                           
   173                           ;Lab1p1.c: 39: ADCON1=0x0E;
   174  00FF2E  0E0E               	movlw	14
   175  00FF30  6EC1               	movwf	4033,c	;volatile
   176                           
   177                           ;Lab1p1.c: 41: ADCON2=0xA9;
   178  00FF32  0EA9               	movlw	169
   179  00FF34  6EC0               	movwf	4032,c	;volatile
   180  00FF36  0012               	return		;funcret
   181  00FF38                     __end_of_Init_ADC:
   182                           	opt stack 0
   183                           
   184 ;; *************** function _Get_Full_ADC *****************
   185 ;; Defined at:
   186 ;;		line 44 in file "Lab1p1.c"
   187 ;; Parameters:    Size  Location     Type
   188 ;;		None
   189 ;; Auto vars:     Size  Location     Type
   190 ;;  result          2    4[COMRAM] int 
   191 ;; Return value:  Size  Location     Type
   192 ;;                  2    0[COMRAM] unsigned int 
   193 ;; Registers used:
   194 ;;		wreg, status,2, status,0
   195 ;; Tracked objects:
   196 ;;		On entry : 0/0
   197 ;;		On exit  : 0/0
   198 ;;		Unchanged: 0/0
   199 ;; Data sizes:     COMRAM   BANK0   BANK1   BANK2   BANK3   BANK4   BANK5   BANK6   BANK7   BANK8   BANK9  BANK10  BANK1
      +1  BANK12  BANK13  BANK14  BANK15
   200 ;;      Params:         2       0       0       0       0       0       0       0       0       0       0       0       
      +0       0       0       0       0
   201 ;;      Locals:         2       0       0       0       0       0       0       0       0       0       0       0       
      +0       0       0       0       0
   202 ;;      Temps:          2       0       0       0       0       0       0       0       0       0       0       0       
      +0       0       0       0       0
   203 ;;      Totals:         6       0       0       0       0       0       0       0       0       0       0       0       
      +0       0       0       0       0
   204 ;;Total ram usage:        6 bytes
   205 ;; Hardware stack levels used:    1
   206 ;; This function calls:
   207 ;;		Nothing
   208 ;; This function is called by:
   209 ;;		_main
   210 ;; This function uses a non-reentrant model
   211 ;;
   212                           
   213                           	psect	text2
   214  00FF38                     __ptext2:
   215                           	opt stack 0
   216  00FF38                     _Get_Full_ADC:
   217                           	opt stack 30
   218                           
   219                           ;Lab1p1.c: 46: int result;
   220                           ;Lab1p1.c: 47: ADCON0bits.GO=1;
   221                           
   222                           ;incstack = 0
   223  00FF38  82C2               	bsf	4034,1,c	;volatile
   224                           
   225                           ;Lab1p1.c: 48: while(ADCON0bits.DONE==1)
   226  00FF3A  D00A               	goto	l686
   227  00FF3C                     l684:
   228                           
   229                           ;Lab1p1.c: 49: result = (ADRESH * 0x100) + ADRESL;
   230  00FF3C  50C4               	movf	4036,w,c	;volatile
   231  00FF3E  6E04               	movwf	(??_Get_Full_ADC+1)& (0+255),c
   232  00FF40  6A03               	clrf	??_Get_Full_ADC& (0+255),c
   233  00FF42  50C3               	movf	4035,w,c	;volatile
   234  00FF44  2403               	addwf	??_Get_Full_ADC,w,c
   235  00FF46  6E05               	movwf	Get_Full_ADC@result,c
   236  00FF48  0E00               	movlw	0
   237  00FF4A  2004               	addwfc	??_Get_Full_ADC+1,w,c
   238  00FF4C  6E06               	movwf	Get_Full_ADC@result+1,c
   239  00FF4E  D000               	goto	l686
   240  00FF50                     l686:
   241  00FF50  B2C2               	btfsc	4034,1,c	;volatile
   242  00FF52  D7F4               	goto	l684
   243                           
   244                           ;Lab1p1.c: 50: return result;
   245  00FF54  C005  F001         	movff	Get_Full_ADC@result,?_Get_Full_ADC
   246  00FF58  C006  F002         	movff	Get_Full_ADC@result+1,?_Get_Full_ADC+1
   247  00FF5C  0012               	return		;funcret
   248  00FF5E                     __end_of_Get_Full_ADC:
   249                           	opt stack 0
   250                           
   251 ;; *************** function _Flash_LED *****************
   252 ;; Defined at:
   253 ;;		line 53 in file "Lab1p1.c"
   254 ;; Parameters:    Size  Location     Type
   255 ;;  ADC_result      2    0[COMRAM] unsigned int 
   256 ;; Auto vars:     Size  Location     Type
   257 ;;  counter2        2    4[COMRAM] unsigned int 
   258 ;;  counter1        2    2[COMRAM] unsigned int 
   259 ;; Return value:  Size  Location     Type
   260 ;;		None               void
   261 ;; Registers used:
   262 ;;		wreg, status,2, status,0
   263 ;; Tracked objects:
   264 ;;		On entry : 0/0
   265 ;;		On exit  : 0/0
   266 ;;		Unchanged: 0/0
   267 ;; Data sizes:     COMRAM   BANK0   BANK1   BANK2   BANK3   BANK4   BANK5   BANK6   BANK7   BANK8   BANK9  BANK10  BANK1
      +1  BANK12  BANK13  BANK14  BANK15
   268 ;;      Params:         2       0       0       0       0       0       0       0       0       0       0       0       
      +0       0       0       0       0
   269 ;;      Locals:         4       0       0       0       0       0       0       0       0       0       0       0       
      +0       0       0       0       0
   270 ;;      Temps:          0       0       0       0       0       0       0       0       0       0       0       0       
      +0       0       0       0       0
   271 ;;      Totals:         6       0       0       0       0       0       0       0       0       0       0       0       
      +0       0       0       0       0
   272 ;;Total ram usage:        6 bytes
   273 ;; Hardware stack levels used:    1
   274 ;; This function calls:
   275 ;;		Nothing
   276 ;; This function is called by:
   277 ;;		_main
   278 ;; This function uses a non-reentrant model
   279 ;;
   280                           
   281                           	psect	text3
   282  00FF86                     __ptext3:
   283                           	opt stack 0
   284  00FF86                     _Flash_LED:
   285                           	opt stack 30
   286                           
   287                           ;Lab1p1.c: 55: unsigned int counter1, counter2;
   288                           ;Lab1p1.c: 56: LATB = 0x0A;
   289                           
   290                           ;incstack = 0
   291  00FF86  0E0A               	movlw	10
   292  00FF88  6E8A               	movwf	3978,c	;volatile
   293                           
   294                           ;Lab1p1.c: 58: for (counter2=5; counter2>0; --counter2)
   295  00FF8A  0E00               	movlw	0
   296  00FF8C  6E06               	movwf	Flash_LED@counter2+1,c
   297  00FF8E  0E05               	movlw	5
   298  00FF90  6E05               	movwf	Flash_LED@counter2,c
   299  00FF92                     l690:
   300  00FF92  5005               	movf	Flash_LED@counter2,w,c
   301  00FF94  1006               	iorwf	Flash_LED@counter2+1,w,c
   302  00FF96  B4D8               	btfsc	status,2,c
   303  00FF98  D014               	goto	l706
   304  00FF9A  D001               	goto	l40
   305  00FF9C  D012               	goto	l706
   306  00FF9E                     l40:
   307                           
   308                           ;Lab1p1.c: 59: {
   309                           ;Lab1p1.c: 60: for (counter1=ADC_result ; counter1>0; -- counter1);
   310  00FF9E  C001  F003         	movff	Flash_LED@ADC_result,Flash_LED@counter1
   311  00FFA2  C002  F004         	movff	Flash_LED@ADC_result+1,Flash_LED@counter1+1
   312  00FFA6                     l694:
   313  00FFA6  5003               	movf	Flash_LED@counter1,w,c
   314  00FFA8  1004               	iorwf	Flash_LED@counter1+1,w,c
   315  00FFAA  B4D8               	btfsc	status,2,c
   316  00FFAC  D006               	goto	l702
   317  00FFAE  D001               	goto	l698
   318  00FFB0  D004               	goto	l702
   319  00FFB2                     l698:
   320  00FFB2  0603               	decf	Flash_LED@counter1,f,c
   321  00FFB4  A0D8               	btfss	status,0,c
   322  00FFB6  0604               	decf	Flash_LED@counter1+1,f,c
   323  00FFB8  D7F6               	goto	l694
   324  00FFBA                     l702:
   325  00FFBA  0605               	decf	Flash_LED@counter2,f,c
   326  00FFBC  A0D8               	btfss	status,0,c
   327  00FFBE  0606               	decf	Flash_LED@counter2+1,f,c
   328  00FFC0  D7E8               	goto	l690
   329  00FFC2                     l706:
   330                           
   331                           ;Lab1p1.c: 61: }
   332                           ;Lab1p1.c: 62: LATB = 0x05;
   333  00FFC2  0E05               	movlw	5
   334  00FFC4  6E8A               	movwf	3978,c	;volatile
   335                           
   336                           ;Lab1p1.c: 64: for (counter2=5; counter2>0; --counter2)
   337  00FFC6  0E00               	movlw	0
   338  00FFC8  6E06               	movwf	Flash_LED@counter2+1,c
   339  00FFCA  0E05               	movlw	5
   340  00FFCC  6E05               	movwf	Flash_LED@counter2,c
   341  00FFCE                     l708:
   342  00FFCE  5005               	movf	Flash_LED@counter2,w,c
   343  00FFD0  1006               	iorwf	Flash_LED@counter2+1,w,c
   344  00FFD2  B4D8               	btfsc	status,2,c
   345  00FFD4  D014               	goto	l48
   346  00FFD6  D001               	goto	l44
   347  00FFD8  D012               	goto	l48
   348  00FFDA                     l44:
   349                           
   350                           ;Lab1p1.c: 65: {
   351                           ;Lab1p1.c: 66: for (counter1=ADC_result ; counter1>0; -- counter1);
   352  00FFDA  C001  F003         	movff	Flash_LED@ADC_result,Flash_LED@counter1
   353  00FFDE  C002  F004         	movff	Flash_LED@ADC_result+1,Flash_LED@counter1+1
   354  00FFE2                     l712:
   355  00FFE2  5003               	movf	Flash_LED@counter1,w,c
   356  00FFE4  1004               	iorwf	Flash_LED@counter1+1,w,c
   357  00FFE6  B4D8               	btfsc	status,2,c
   358  00FFE8  D006               	goto	l720
   359  00FFEA  D001               	goto	l716
   360  00FFEC  D004               	goto	l720
   361  00FFEE                     l716:
   362  00FFEE  0603               	decf	Flash_LED@counter1,f,c
   363  00FFF0  A0D8               	btfss	status,0,c
   364  00FFF2  0604               	decf	Flash_LED@counter1+1,f,c
   365  00FFF4  D7F6               	goto	l712
   366  00FFF6                     l720:
   367  00FFF6  0605               	decf	Flash_LED@counter2,f,c
   368  00FFF8  A0D8               	btfss	status,0,c
   369  00FFFA  0606               	decf	Flash_LED@counter2+1,f,c
   370  00FFFC  D7E8               	goto	l708
   371  00FFFE                     l48:
   372  00FFFE  0012               	return		;funcret
   373  010000                     __end_of_Flash_LED:
   374                           	opt stack 0
   375  0000                     status	equ	0xFD8
   376                           status	equ	0xFD8
   377                           
   378                           	psect	rparam
   379  0000                     status	equ	0xFD8


Data Sizes:
    Strings     0
    Constant    0
    Data        0
    BSS         0
    Persistent  0
    Stack       0

Auto Spaces:
    Space          Size  Autos    Used
    COMRAM          127      8       8
    BANK0           128      0       0
    BANK1           256      0       0
    BANK2           256      0       0
    BANK3           256      0       0
    BANK4           256      0       0
    BANK5           256      0       0
    BANK6           256      0       0
    BANK7           256      0       0
    BANK8           256      0       0
    BANK9           256      0       0
    BANK10          256      0       0
    BANK11          256      0       0
    BANK12          256      0       0
    BANK13          256      0       0
    BANK14          256      0       0
    BANK15          128      0       0

Pointer List with Targets:

    None.

Critical Paths under _main in COMRAM

    _main->_Flash_LED
    _main->_Get_Full_ADC

Critical Paths under _main in BANK0

    None.

Critical Paths under _main in BANK1

    None.

Critical Paths under _main in BANK2

    None.

Critical Paths under _main in BANK3

    None.

Critical Paths under _main in BANK4

    None.

Critical Paths under _main in BANK5

    None.

Critical Paths under _main in BANK6

    None.

Critical Paths under _main in BANK7

    None.

Critical Paths under _main in BANK8

    None.

Critical Paths under _main in BANK9

    None.

Critical Paths under _main in BANK10

    None.

Critical Paths under _main in BANK11

    None.

Critical Paths under _main in BANK12

    None.

Critical Paths under _main in BANK13

    None.

Critical Paths under _main in BANK14

    None.

Critical Paths under _main in BANK15

    None.

Call Graph Tables:

 ---------------------------------------------------------------------------------
 (Depth) Function   	        Calls       Base Space   Used Autos Params    Refs
 ---------------------------------------------------------------------------------
 (0) _main                                                 2     2      0     317
                                              6 COMRAM     2     2      0
                          _Flash_LED
                       _Get_Full_ADC
                           _Init_ADC
 ---------------------------------------------------------------------------------
 (1) _Init_ADC                                             0     0      0       0
 ---------------------------------------------------------------------------------
 (1) _Get_Full_ADC                                         6     4      2      23
                                              0 COMRAM     6     4      2
 ---------------------------------------------------------------------------------
 (1) _Flash_LED                                            6     4      2     271
                                              0 COMRAM     6     4      2
 ---------------------------------------------------------------------------------
 Estimated maximum stack depth 1
 ---------------------------------------------------------------------------------

 Call Graph Graphs:

 _main (ROOT)
   _Flash_LED
   _Get_Full_ADC
   _Init_ADC

 Address spaces:
Name               Size   Autos  Total    Cost      Usage
BITCOMRAM           7F      0       0       0        0.0%
EEDATA             400      0       0       0        0.0%
NULL                 0      0       0       0        0.0%
CODE                 0      0       0       0        0.0%
COMRAM              7F      8       8       1        6.3%
STACK                0      0       0       2        0.0%
DATA                 0      0       0       3        0.0%
BITBANK0            80      0       0       4        0.0%
BANK0               80      0       0       5        0.0%
BITBANK1           100      0       0       6        0.0%
BANK1              100      0       0       7        0.0%
BITBANK2           100      0       0       8        0.0%
BANK2              100      0       0       9        0.0%
BITBANK3           100      0       0      10        0.0%
BANK3              100      0       0      11        0.0%
BITBANK4           100      0       0      12        0.0%
BANK4              100      0       0      13        0.0%
BITBANK5           100      0       0      14        0.0%
BANK5              100      0       0      15        0.0%
BITBANK6           100      0       0      16        0.0%
BANK6              100      0       0      17        0.0%
BITBANK7           100      0       0      18        0.0%
BANK7              100      0       0      19        0.0%
BITBANK8           100      0       0      20        0.0%
BANK8              100      0       0      21        0.0%
BITBANK9           100      0       0      22        0.0%
BANK9              100      0       0      23        0.0%
BITBANK10          100      0       0      24        0.0%
BANK10             100      0       0      25        0.0%
BITBANK11          100      0       0      26        0.0%
BANK11             100      0       0      27        0.0%
BITBANK12          100      0       0      28        0.0%
BANK12             100      0       0      29        0.0%
BITBANK13          100      0       0      30        0.0%
BANK13             100      0       0      31        0.0%
BITBANK14          100      0       0      32        0.0%
BANK14             100      0       0      33        0.0%
ABS                  0      0       0      34        0.0%
BITBANK15           80      0       0      35        0.0%
BANK15              80      0       0      36        0.0%
BIGRAM             F7F      0       0      37        0.0%
BITSFR               0      0       0      40        0.0%
SFR                  0      0       0      40        0.0%


Microchip Technology PIC18 Macro Assembler V1.34 build -361300703 
Symbol Table                                                                                   Thu Feb 03 22:06:33 2022

                     l40 FF9E                       l44 FFDA                       l48 FFFE  
                    l702 FFBA                      l720 FFF6                      l712 FFE2  
                    l706 FFC2                      l716 FFEE                      l708 FFCE  
                    l728 FF68                      l690 FF92                      l684 FF3C  
                    l694 FFA6                      l686 FF50                      l698 FFB2  
           __CFG_LVP$OFF 000000             __CFG_WDT$OFF 000000                     _LATB 000F8A  
                   _main FF5E                     start 0000             ___param_bank 000010  
    Flash_LED@ADC_result 0001     __end_of_Get_Full_ADC FF5E                    ?_main 0001  
                  _TRISB 000F93           __CFG_BOREN$OFF 000000                    status 000FD8  
        __initialization FF24             __end_of_main FF86         __end_of_Init_ADC FF38  
                 ??_main 0007            __activetblptr 000000       __size_of_Flash_LED 007A  
                 _ADCON0 000FC2                   _ADCON1 000FC1                   _ADCON2 000FC0  
                 _ADRESH 000FC4                   _ADRESL 000FC3       Get_Full_ADC@result 0005  
             __accesstop 0080  __end_of__initialization FF24            ___rparam_used 000001  
  __size_of_Get_Full_ADC 0026        __end_of_Flash_LED 0000           __pcstackCOMRAM 0001  
           _Get_Full_ADC FF38                ?_Init_ADC 0001               ??_Init_ADC 0001  
                __Hparam 0000                  __Lparam 0000                  __pcinit FF24  
                __ramtop 1000                  __ptext0 FF5E                  __ptext1 FF2A  
                __ptext2 FF38                  __ptext3 FF86     end_of_initialization FF24  
              _Flash_LED FF86      start_initialization FF24         __CFG_OSC$INTIO67 000000  
      __size_of_Init_ADC 000E               ?_Flash_LED 0001              ??_Flash_LED 0003  
             _ADCON0bits 000FC2           main@ADC_Result 0007                 _Init_ADC FF2A  
               __Hrparam 0000                 __Lrparam 0000            ?_Get_Full_ADC 0001  
          __size_of_main 0028           ??_Get_Full_ADC 0003        Flash_LED@counter1 0003  
      Flash_LED@counter2 0005  
