

Microchip Technology PIC18 LITE Macro Assembler V1.34 build -361300703 
                                                                                               Mon Mar 21 22:23:01 2022

Microchip Technology Omniscient Code Generator (Lite mode) build 201502162209
     1                           	processor	18F4620
     2                           	fnconf	rparam,??,?,0
     3                           	opt	pw 120
     4                           	opt	lm
     5                           	psect	text0,global,reloc=2,class=CODE,delta=1
     6                           	psect	cinit,global,reloc=2,class=CODE,delta=1
     7                           	psect	cstackCOMRAM,global,class=COMRAM,space=1,delta=1
     8                           	psect	text1,global,reloc=2,class=CODE,delta=1
     9                           	psect	text2,global,reloc=2,class=CODE,delta=1
    10                           	psect	text3,global,reloc=2,class=CODE,delta=1
    11                           	psect	text4,global,reloc=2,class=CODE,delta=1
    12                           	psect	text5,global,reloc=2,class=CODE,delta=1
    13                           	psect	text6,global,reloc=2,class=CODE,delta=1
    14                           	psect	text7,global,reloc=2,class=CODE,delta=1
    15                           	psect	text8,global,reloc=2,class=CODE,delta=1
    16                           	psect	text9,global,reloc=2,class=CODE,delta=1
    17                           	psect	intsave_regs,global,class=BIGRAM,space=1,delta=1
    18                           	psect	rparam,global,class=COMRAM,space=1,delta=1
    19  0000                     _ADCON0	set	4034
    20  0000                     _ADCON0bits	set	4034
    21  0000                     _ADCON1	set	4033
    22  0000                     _ADCON2	set	4032
    23  0000                     _ADRESH	set	4036
    24  0000                     _ADRESL	set	4035
    25  0000                     _INTCONbits	set	4082
    26  0000                     _OSCCON	set	4051
    27  0000                     _PIE1bits	set	3997
    28  0000                     _PIR1bits	set	3998
    29  0000                     _PORTAbits	set	3968
    30  0000                     _PORTBbits	set	3969
    31  0000                     _PORTDbits	set	3971
    32  0000                     _PORTEbits	set	3972
    33  0000                     _RCSTA	set	4011
    34  0000                     _RCSTAbits	set	4011
    35  0000                     _SPBRG	set	4015
    36  0000                     _SPBRGH	set	4016
    37  0000                     _T0CON	set	4053
    38  0000                     _T0CONbits	set	4053
    39  0000                     _TMR0H	set	4055
    40  0000                     _TMR0L	set	4054
    41  0000                     _TRISA	set	3986
    42  0000                     _TRISB	set	3987
    43  0000                     _TRISC	set	3988
    44  0000                     _TRISCbits	set	3988
    45  0000                     _TRISD	set	3989
    46  0000                     _TRISE	set	3990
    47  0000                     _TXREG	set	4013
    48  0000                     _TXSTA	set	4012
    49  0000                     _TXSTAbits	set	4012
    50  0000                     _TRMT	set	32097
    51                           
    52 ;;
    53 ;;Main: autosize = 0, tempsize = 0, incstack = 0, save=0
    54 ;;
    55 ;; *************** function _main *****************
    56 ;; Defined at:
    57 ;;		line 84 in file "Lab8_Colors.c"
    58 ;; Parameters:    Size  Location     Type
    59 ;;		None
    60 ;; Auto vars:     Size  Location     Type
    61 ;;  i               2    3[COMRAM] int 
    62 ;; Return value:  Size  Location     Type
    63 ;;		None               void
    64 ;; Registers used:
    65 ;;		wreg, status,2, status,0, cstack
    66 ;; Tracked objects:
    67 ;;		On entry : 0/0
    68 ;;		On exit  : 0/0
    69 ;;		Unchanged: 0/0
    70 ;; Data sizes:     COMRAM   BANK0   BANK1   BANK2   BANK3   BANK4   BANK5   BANK6   BANK7   BANK8   BANK9  BANK10  BANK1
      +1  BANK12  BANK13  BANK14  BANK15
    71 ;;      Params:         0       0       0       0       0       0       0       0       0       0       0       0       
      +0       0       0       0       0
    72 ;;      Locals:         2       0       0       0       0       0       0       0       0       0       0       0       
      +0       0       0       0       0
    73 ;;      Temps:          0       0       0       0       0       0       0       0       0       0       0       0       
      +0       0       0       0       0
    74 ;;      Totals:         2       0       0       0       0       0       0       0       0       0       0       0       
      +0       0       0       0       0
    75 ;;Total ram usage:        2 bytes
    76 ;; Hardware stack levels required when called:    2
    77 ;; This function calls:
    78 ;;		_Init_ADC
    79 ;;		_Init_UART
    80 ;;		_Set_EW
    81 ;;		_Set_EWLT
    82 ;;		_Set_NS
    83 ;;		_Set_NSLT
    84 ;;		_Wait_One_Second
    85 ;; This function is called by:
    86 ;;		Startup code after reset
    87 ;; This function uses a non-reentrant model
    88 ;;
    89                           
    90                           	psect	text0
    91  00FF30                     __ptext0:
    92                           	opt stack 0
    93  00FF30                     _main:
    94                           	opt stack 29
    95                           
    96                           ;Lab8_Colors.c: 86: TRISA = 0x1F;
    97                           
    98                           ;incstack = 0
    99  00FF30  0E1F               	movlw	31
   100  00FF32  6E92               	movwf	3986,c	;volatile
   101                           
   102                           ;Lab8_Colors.c: 87: TRISB = 0x00;
   103  00FF34  0E00               	movlw	0
   104  00FF36  6E93               	movwf	3987,c	;volatile
   105                           
   106                           ;Lab8_Colors.c: 88: TRISC = 0x00;
   107  00FF38  0E00               	movlw	0
   108  00FF3A  6E94               	movwf	3988,c	;volatile
   109                           
   110                           ;Lab8_Colors.c: 89: TRISD = 0x00;
   111  00FF3C  0E00               	movlw	0
   112  00FF3E  6E95               	movwf	3989,c	;volatile
   113                           
   114                           ;Lab8_Colors.c: 90: TRISE = 0x00;
   115  00FF40  0E00               	movlw	0
   116  00FF42  6E96               	movwf	3990,c	;volatile
   117                           
   118                           ;Lab8_Colors.c: 92: Init_ADC();
   119  00FF44  EC07  F07F         	call	_Init_ADC	;wreg free
   120                           
   121                           ;Lab8_Colors.c: 93: Init_UART();
   122  00FF48  EC15  F07F         	call	_Init_UART	;wreg free
   123  00FF4C                     l82:
   124                           
   125                           ;Lab8_Colors.c: 96: {
   126                           ;Lab8_Colors.c: 97: for (int i=0; i<4; i++)
   127  00FF4C  0E00               	movlw	0
   128  00FF4E  6E05               	movwf	main@i+1,c
   129  00FF50  0E00               	movlw	0
   130  00FF52  6E04               	movwf	main@i,c
   131  00FF54                     l943:
   132  00FF54  BE05               	btfsc	main@i+1,7,c
   133  00FF56  D008               	goto	l947
   134  00FF58  5005               	movf	main@i+1,w,c
   135  00FF5A  E1F8               	bnz	l82
   136  00FF5C  0E04               	movlw	4
   137  00FF5E  5C04               	subwf	main@i,w,c
   138  00FF60  B0D8               	btfsc	status,0,c
   139  00FF62  D7F4               	goto	l82
   140  00FF64  D001               	goto	l947
   141  00FF66  D7F2               	goto	l82
   142  00FF68                     l947:
   143                           
   144                           ;Lab8_Colors.c: 98: {
   145                           ;Lab8_Colors.c: 99: Set_NS(i);
   146  00FF68  5004               	movf	main@i,w,c
   147  00FF6A  EC62  F07F         	call	_Set_NS
   148                           
   149                           ;Lab8_Colors.c: 100: Set_NSLT(i);
   150  00FF6E  5004               	movf	main@i,w,c
   151  00FF70  EC7D  F07F         	call	_Set_NSLT
   152                           
   153                           ;Lab8_Colors.c: 101: Set_EW(i);
   154  00FF74  5004               	movf	main@i,w,c
   155  00FF76  EC2C  F07F         	call	_Set_EW
   156                           
   157                           ;Lab8_Colors.c: 102: Set_EWLT(i);
   158  00FF7A  5004               	movf	main@i,w,c
   159  00FF7C  EC47  F07F         	call	_Set_EWLT
   160                           
   161                           ;Lab8_Colors.c: 103: Wait_One_Second();
   162  00FF80  EC0E  F07F         	call	_Wait_One_Second	;wreg free
   163  00FF84  4A04               	infsnz	main@i,f,c
   164  00FF86  2A05               	incf	main@i+1,f,c
   165  00FF88  D7E5               	goto	l943
   166  00FF8A  D7E0               	goto	l82
   167  00FF8C  EF00  F000         	goto	start
   168  00FF90                     __end_of_main:
   169                           	opt stack 0
   170                           status	equ	0xFD8
   171                           
   172                           	psect	cinit
   173  00FE04                     __pcinit:
   174                           	opt stack 0
   175  00FE04                     start_initialization:
   176                           	opt stack 0
   177  00FE04                     __initialization:
   178                           	opt stack 0
   179  00FE04                     end_of_initialization:
   180                           	opt stack 0
   181  00FE04                     __end_of__initialization:
   182                           	opt stack 0
   183  00FE04  0E00               	movlw	low (__Lmediumconst shr (0+16))
   184  00FE06  6EF8               	movwf	tblptru,c
   185  00FE08  0100               	movlb	0
   186  00FE0A  EF98  F07F         	goto	_main	;jump to C main() function
   187                           tblptru	equ	0xFF8
   188                           status	equ	0xFD8
   189                           
   190                           	psect	cstackCOMRAM
   191  000001                     __pcstackCOMRAM:
   192                           	opt stack 0
   193  000001                     Set_NS@color:
   194                           	opt stack 0
   195  000001                     Set_NSLT@color:
   196                           	opt stack 0
   197  000001                     Set_EW@color:
   198                           	opt stack 0
   199  000001                     Set_EWLT@color:
   200                           	opt stack 0
   201  000001                     OpenUSART@spbrg:
   202                           	opt stack 0
   203                           
   204                           ; 2 bytes @ 0x0
   205  000001                     	ds	2
   206  000003                     OpenUSART@config:
   207                           	opt stack 0
   208                           
   209                           ; 1 bytes @ 0x2
   210  000003                     	ds	1
   211  000004                     main@i:
   212                           	opt stack 0
   213                           
   214                           ; 2 bytes @ 0x3
   215  000004                     	ds	2
   216                           tblptru	equ	0xFF8
   217                           status	equ	0xFD8
   218                           
   219 ;; *************** function _Wait_One_Second *****************
   220 ;; Defined at:
   221 ;;		line 152 in file "Lab8_Colors.c"
   222 ;; Parameters:    Size  Location     Type
   223 ;;		None
   224 ;; Auto vars:     Size  Location     Type
   225 ;;		None
   226 ;; Return value:  Size  Location     Type
   227 ;;		None               void
   228 ;; Registers used:
   229 ;;		wreg, status,2, cstack
   230 ;; Tracked objects:
   231 ;;		On entry : 0/0
   232 ;;		On exit  : 0/0
   233 ;;		Unchanged: 0/0
   234 ;; Data sizes:     COMRAM   BANK0   BANK1   BANK2   BANK3   BANK4   BANK5   BANK6   BANK7   BANK8   BANK9  BANK10  BANK1
      +1  BANK12  BANK13  BANK14  BANK15
   235 ;;      Params:         0       0       0       0       0       0       0       0       0       0       0       0       
      +0       0       0       0       0
   236 ;;      Locals:         0       0       0       0       0       0       0       0       0       0       0       0       
      +0       0       0       0       0
   237 ;;      Temps:          0       0       0       0       0       0       0       0       0       0       0       0       
      +0       0       0       0       0
   238 ;;      Totals:         0       0       0       0       0       0       0       0       0       0       0       0       
      +0       0       0       0       0
   239 ;;Total ram usage:        0 bytes
   240 ;; Hardware stack levels used:    1
   241 ;; Hardware stack levels required when called:    1
   242 ;; This function calls:
   243 ;;		_Wait_Half_Second
   244 ;; This function is called by:
   245 ;;		_main
   246 ;;		_Wait_N_Seconds
   247 ;; This function uses a non-reentrant model
   248 ;;
   249                           
   250                           	psect	text1
   251  00FE1C                     __ptext1:
   252                           	opt stack 0
   253  00FE1C                     _Wait_One_Second:
   254                           	opt stack 29
   255                           
   256                           ;Lab8_Colors.c: 154: PORTDbits.RD7 = 0;
   257                           
   258                           ;incstack = 0
   259  00FE1C  9E83               	bcf	3971,7,c	;volatile
   260                           
   261                           ;Lab8_Colors.c: 155: Wait_Half_Second();
   262  00FE1E  EC1F  F07F         	call	_Wait_Half_Second	;wreg free
   263                           
   264                           ;Lab8_Colors.c: 156: PORTDbits.RD7 = 1;
   265  00FE22  8E83               	bsf	3971,7,c	;volatile
   266                           
   267                           ;Lab8_Colors.c: 157: Wait_Half_Second();
   268  00FE24  EC1F  F07F         	call	_Wait_Half_Second	;wreg free
   269  00FE28  0012               	return		;funcret
   270  00FE2A                     __end_of_Wait_One_Second:
   271                           	opt stack 0
   272                           tblptru	equ	0xFF8
   273                           status	equ	0xFD8
   274                           
   275 ;; *************** function _Wait_Half_Second *****************
   276 ;; Defined at:
   277 ;;		line 73 in file "Lab8_Colors.c"
   278 ;; Parameters:    Size  Location     Type
   279 ;;		None
   280 ;; Auto vars:     Size  Location     Type
   281 ;;		None
   282 ;; Return value:  Size  Location     Type
   283 ;;		None               void
   284 ;; Registers used:
   285 ;;		wreg, status,2
   286 ;; Tracked objects:
   287 ;;		On entry : 0/0
   288 ;;		On exit  : 0/0
   289 ;;		Unchanged: 0/0
   290 ;; Data sizes:     COMRAM   BANK0   BANK1   BANK2   BANK3   BANK4   BANK5   BANK6   BANK7   BANK8   BANK9  BANK10  BANK1
      +1  BANK12  BANK13  BANK14  BANK15
   291 ;;      Params:         0       0       0       0       0       0       0       0       0       0       0       0       
      +0       0       0       0       0
   292 ;;      Locals:         0       0       0       0       0       0       0       0       0       0       0       0       
      +0       0       0       0       0
   293 ;;      Temps:          0       0       0       0       0       0       0       0       0       0       0       0       
      +0       0       0       0       0
   294 ;;      Totals:         0       0       0       0       0       0       0       0       0       0       0       0       
      +0       0       0       0       0
   295 ;;Total ram usage:        0 bytes
   296 ;; Hardware stack levels used:    1
   297 ;; This function calls:
   298 ;;		Nothing
   299 ;; This function is called by:
   300 ;;		_Wait_One_Second
   301 ;; This function uses a non-reentrant model
   302 ;;
   303                           
   304                           	psect	text2
   305  00FE3E                     __ptext2:
   306                           	opt stack 0
   307  00FE3E                     _Wait_Half_Second:
   308                           	opt stack 29
   309                           
   310                           ;Lab8_Colors.c: 75: T0CON = 0x02;
   311                           
   312                           ;incstack = 0
   313  00FE3E  0E02               	movlw	2
   314  00FE40  6ED5               	movwf	4053,c	;volatile
   315                           
   316                           ;Lab8_Colors.c: 76: TMR0L = 0xDC;
   317  00FE42  0EDC               	movlw	220
   318  00FE44  6ED6               	movwf	4054,c	;volatile
   319                           
   320                           ;Lab8_Colors.c: 77: TMR0H = 0x0B;
   321  00FE46  0E0B               	movlw	11
   322  00FE48  6ED7               	movwf	4055,c	;volatile
   323                           
   324                           ;Lab8_Colors.c: 78: INTCONbits.TMR0IF = 0;
   325  00FE4A  94F2               	bcf	intcon,2,c	;volatile
   326                           
   327                           ;Lab8_Colors.c: 79: T0CONbits.TMR0ON = 1;
   328  00FE4C  8ED5               	bsf	4053,7,c	;volatile
   329                           
   330                           ;Lab8_Colors.c: 80: while(INTCONbits.TMR0IF == 0);
   331  00FE4E  D000               	goto	l76
   332  00FE50                     l76:
   333  00FE50  A4F2               	btfss	intcon,2,c	;volatile
   334  00FE52  D7FE               	goto	l76
   335                           
   336                           ;Lab8_Colors.c: 81: T0CONbits.TMR0ON = 0;
   337  00FE54  9ED5               	bcf	4053,7,c	;volatile
   338  00FE56  0012               	return		;funcret
   339  00FE58                     __end_of_Wait_Half_Second:
   340                           	opt stack 0
   341                           tblptru	equ	0xFF8
   342                           intcon	equ	0xFF2
   343                           status	equ	0xFD8
   344                           
   345 ;; *************** function _Set_NSLT *****************
   346 ;; Defined at:
   347 ;;		line 119 in file "Lab8_Colors.c"
   348 ;; Parameters:    Size  Location     Type
   349 ;;  color           1    wreg     unsigned char 
   350 ;; Auto vars:     Size  Location     Type
   351 ;;  color           1    0[COMRAM] unsigned char 
   352 ;; Return value:  Size  Location     Type
   353 ;;		None               void
   354 ;; Registers used:
   355 ;;		wreg, status,2, status,0
   356 ;; Tracked objects:
   357 ;;		On entry : 0/0
   358 ;;		On exit  : 0/0
   359 ;;		Unchanged: 0/0
   360 ;; Data sizes:     COMRAM   BANK0   BANK1   BANK2   BANK3   BANK4   BANK5   BANK6   BANK7   BANK8   BANK9  BANK10  BANK1
      +1  BANK12  BANK13  BANK14  BANK15
   361 ;;      Params:         0       0       0       0       0       0       0       0       0       0       0       0       
      +0       0       0       0       0
   362 ;;      Locals:         1       0       0       0       0       0       0       0       0       0       0       0       
      +0       0       0       0       0
   363 ;;      Temps:          0       0       0       0       0       0       0       0       0       0       0       0       
      +0       0       0       0       0
   364 ;;      Totals:         1       0       0       0       0       0       0       0       0       0       0       0       
      +0       0       0       0       0
   365 ;;Total ram usage:        1 bytes
   366 ;; Hardware stack levels used:    1
   367 ;; This function calls:
   368 ;;		Nothing
   369 ;; This function is called by:
   370 ;;		_main
   371 ;; This function uses a non-reentrant model
   372 ;;
   373                           
   374                           	psect	text3
   375  00FEFA                     __ptext3:
   376                           	opt stack 0
   377  00FEFA                     _Set_NSLT:
   378                           	opt stack 30
   379                           
   380                           ;incstack = 0
   381                           ;Set_NSLT@color stored from wreg
   382  00FEFA  6E01               	movwf	Set_NSLT@color,c
   383                           
   384                           ;Lab8_Colors.c: 121: switch(color)
   385  00FEFC  D00A               	goto	l825
   386  00FEFE                     l100:
   387  00FEFE  9281               	bcf	3969,1,c	;volatile
   388  00FF00  D001               	goto	L1
   389  00FF02                     l102:
   390  00FF02  8281               	bsf	3969,1,c	;volatile
   391  00FF04                     L1:
   392  00FF04  9481               	bcf	3969,2,c	;volatile
   393  00FF06  D013               	goto	l105
   394  00FF08                     l103:
   395  00FF08  9281               	bcf	3969,1,c	;volatile
   396  00FF0A  D001               	goto	L2
   397  00FF0C                     l104:
   398  00FF0C  8281               	bsf	3969,1,c	;volatile
   399  00FF0E                     L2:
   400  00FF0E  8481               	bsf	3969,2,c	;volatile
   401                           
   402                           ;Lab8_Colors.c: 127: }
   403  00FF10  D00E               	goto	l105
   404  00FF12                     l825:
   405  00FF12  5001               	movf	Set_NSLT@color,w,c
   406                           
   407                           ; Switch size 1, requested type "space"
   408                           ; Number of cases is 4, Range of values is 0 to 3
   409                           ; switch strategies available:
   410                           ; Name         Instructions Cycles
   411                           ; simple_byte           13     7 (average)
   412                           ;	Chosen strategy is simple_byte
   413  00FF14  0A00               	xorlw	0	; case 0
   414  00FF16  B4D8               	btfsc	status,2,c
   415  00FF18  D7F2               	goto	l100
   416  00FF1A  0A01               	xorlw	1	; case 1
   417  00FF1C  B4D8               	btfsc	status,2,c
   418  00FF1E  D7F1               	goto	l102
   419  00FF20  0A03               	xorlw	3	; case 2
   420  00FF22  B4D8               	btfsc	status,2,c
   421  00FF24  D7F1               	goto	l103
   422  00FF26  0A01               	xorlw	1	; case 3
   423  00FF28  B4D8               	btfsc	status,2,c
   424  00FF2A  D7F0               	goto	l104
   425  00FF2C  D000               	goto	l105
   426  00FF2E                     l105:
   427  00FF2E  0012               	return		;funcret
   428  00FF30                     __end_of_Set_NSLT:
   429                           	opt stack 0
   430                           tblptru	equ	0xFF8
   431                           intcon	equ	0xFF2
   432                           status	equ	0xFD8
   433                           
   434 ;; *************** function _Set_NS *****************
   435 ;; Defined at:
   436 ;;		line 108 in file "Lab8_Colors.c"
   437 ;; Parameters:    Size  Location     Type
   438 ;;  color           1    wreg     unsigned char 
   439 ;; Auto vars:     Size  Location     Type
   440 ;;  color           1    0[COMRAM] unsigned char 
   441 ;; Return value:  Size  Location     Type
   442 ;;		None               void
   443 ;; Registers used:
   444 ;;		wreg, status,2, status,0
   445 ;; Tracked objects:
   446 ;;		On entry : 0/0
   447 ;;		On exit  : 0/0
   448 ;;		Unchanged: 0/0
   449 ;; Data sizes:     COMRAM   BANK0   BANK1   BANK2   BANK3   BANK4   BANK5   BANK6   BANK7   BANK8   BANK9  BANK10  BANK1
      +1  BANK12  BANK13  BANK14  BANK15
   450 ;;      Params:         0       0       0       0       0       0       0       0       0       0       0       0       
      +0       0       0       0       0
   451 ;;      Locals:         1       0       0       0       0       0       0       0       0       0       0       0       
      +0       0       0       0       0
   452 ;;      Temps:          0       0       0       0       0       0       0       0       0       0       0       0       
      +0       0       0       0       0
   453 ;;      Totals:         1       0       0       0       0       0       0       0       0       0       0       0       
      +0       0       0       0       0
   454 ;;Total ram usage:        1 bytes
   455 ;; Hardware stack levels used:    1
   456 ;; This function calls:
   457 ;;		Nothing
   458 ;; This function is called by:
   459 ;;		_main
   460 ;; This function uses a non-reentrant model
   461 ;;
   462                           
   463                           	psect	text4
   464  00FEC4                     __ptext4:
   465                           	opt stack 0
   466  00FEC4                     _Set_NS:
   467                           	opt stack 30
   468                           
   469                           ;incstack = 0
   470                           ;Set_NS@color stored from wreg
   471  00FEC4  6E01               	movwf	Set_NS@color,c
   472                           
   473                           ;Lab8_Colors.c: 110: switch(color)
   474  00FEC6  D00A               	goto	l819
   475  00FEC8                     l91:
   476  00FEC8  9A80               	bcf	3968,5,c	;volatile
   477  00FECA  D001               	goto	L3
   478  00FECC                     l93:
   479  00FECC  8A80               	bsf	3968,5,c	;volatile
   480  00FECE                     L3:
   481  00FECE  9081               	bcf	3969,0,c	;volatile
   482  00FED0  D013               	goto	l96
   483  00FED2                     l94:
   484  00FED2  9A80               	bcf	3968,5,c	;volatile
   485  00FED4  D001               	goto	L4
   486  00FED6                     l95:
   487  00FED6  8A80               	bsf	3968,5,c	;volatile
   488  00FED8                     L4:
   489  00FED8  8081               	bsf	3969,0,c	;volatile
   490                           
   491                           ;Lab8_Colors.c: 116: }
   492  00FEDA  D00E               	goto	l96
   493  00FEDC                     l819:
   494  00FEDC  5001               	movf	Set_NS@color,w,c
   495                           
   496                           ; Switch size 1, requested type "space"
   497                           ; Number of cases is 4, Range of values is 0 to 3
   498                           ; switch strategies available:
   499                           ; Name         Instructions Cycles
   500                           ; simple_byte           13     7 (average)
   501                           ;	Chosen strategy is simple_byte
   502  00FEDE  0A00               	xorlw	0	; case 0
   503  00FEE0  B4D8               	btfsc	status,2,c
   504  00FEE2  D7F2               	goto	l91
   505  00FEE4  0A01               	xorlw	1	; case 1
   506  00FEE6  B4D8               	btfsc	status,2,c
   507  00FEE8  D7F1               	goto	l93
   508  00FEEA  0A03               	xorlw	3	; case 2
   509  00FEEC  B4D8               	btfsc	status,2,c
   510  00FEEE  D7F1               	goto	l94
   511  00FEF0  0A01               	xorlw	1	; case 3
   512  00FEF2  B4D8               	btfsc	status,2,c
   513  00FEF4  D7F0               	goto	l95
   514  00FEF6  D000               	goto	l96
   515  00FEF8                     l96:
   516  00FEF8  0012               	return		;funcret
   517  00FEFA                     __end_of_Set_NS:
   518                           	opt stack 0
   519                           tblptru	equ	0xFF8
   520                           intcon	equ	0xFF2
   521                           status	equ	0xFD8
   522                           
   523 ;; *************** function _Set_EWLT *****************
   524 ;; Defined at:
   525 ;;		line 141 in file "Lab8_Colors.c"
   526 ;; Parameters:    Size  Location     Type
   527 ;;  color           1    wreg     unsigned char 
   528 ;; Auto vars:     Size  Location     Type
   529 ;;  color           1    0[COMRAM] unsigned char 
   530 ;; Return value:  Size  Location     Type
   531 ;;		None               void
   532 ;; Registers used:
   533 ;;		wreg, status,2, status,0
   534 ;; Tracked objects:
   535 ;;		On entry : 0/0
   536 ;;		On exit  : 0/0
   537 ;;		Unchanged: 0/0
   538 ;; Data sizes:     COMRAM   BANK0   BANK1   BANK2   BANK3   BANK4   BANK5   BANK6   BANK7   BANK8   BANK9  BANK10  BANK1
      +1  BANK12  BANK13  BANK14  BANK15
   539 ;;      Params:         0       0       0       0       0       0       0       0       0       0       0       0       
      +0       0       0       0       0
   540 ;;      Locals:         1       0       0       0       0       0       0       0       0       0       0       0       
      +0       0       0       0       0
   541 ;;      Temps:          0       0       0       0       0       0       0       0       0       0       0       0       
      +0       0       0       0       0
   542 ;;      Totals:         1       0       0       0       0       0       0       0       0       0       0       0       
      +0       0       0       0       0
   543 ;;Total ram usage:        1 bytes
   544 ;; Hardware stack levels used:    1
   545 ;; This function calls:
   546 ;;		Nothing
   547 ;; This function is called by:
   548 ;;		_main
   549 ;; This function uses a non-reentrant model
   550 ;;
   551                           
   552                           	psect	text5
   553  00FE8E                     __ptext5:
   554                           	opt stack 0
   555  00FE8E                     _Set_EWLT:
   556                           	opt stack 30
   557                           
   558                           ;incstack = 0
   559                           ;Set_EWLT@color stored from wreg
   560  00FE8E  6E01               	movwf	Set_EWLT@color,c
   561                           
   562                           ;Lab8_Colors.c: 143: switch(color)
   563  00FE90  D00A               	goto	l837
   564  00FE92                     l118:
   565  00FE92  9284               	bcf	3972,1,c	;volatile
   566  00FE94  D001               	goto	L5
   567  00FE96                     l120:
   568  00FE96  8284               	bsf	3972,1,c	;volatile
   569  00FE98                     L5:
   570  00FE98  9484               	bcf	3972,2,c	;volatile
   571  00FE9A  D013               	goto	l123
   572  00FE9C                     l121:
   573  00FE9C  9284               	bcf	3972,1,c	;volatile
   574  00FE9E  D001               	goto	L6
   575  00FEA0                     l122:
   576  00FEA0  8284               	bsf	3972,1,c	;volatile
   577  00FEA2                     L6:
   578  00FEA2  8484               	bsf	3972,2,c	;volatile
   579                           
   580                           ;Lab8_Colors.c: 149: }
   581  00FEA4  D00E               	goto	l123
   582  00FEA6                     l837:
   583  00FEA6  5001               	movf	Set_EWLT@color,w,c
   584                           
   585                           ; Switch size 1, requested type "space"
   586                           ; Number of cases is 4, Range of values is 0 to 3
   587                           ; switch strategies available:
   588                           ; Name         Instructions Cycles
   589                           ; simple_byte           13     7 (average)
   590                           ;	Chosen strategy is simple_byte
   591  00FEA8  0A00               	xorlw	0	; case 0
   592  00FEAA  B4D8               	btfsc	status,2,c
   593  00FEAC  D7F2               	goto	l118
   594  00FEAE  0A01               	xorlw	1	; case 1
   595  00FEB0  B4D8               	btfsc	status,2,c
   596  00FEB2  D7F1               	goto	l120
   597  00FEB4  0A03               	xorlw	3	; case 2
   598  00FEB6  B4D8               	btfsc	status,2,c
   599  00FEB8  D7F1               	goto	l121
   600  00FEBA  0A01               	xorlw	1	; case 3
   601  00FEBC  B4D8               	btfsc	status,2,c
   602  00FEBE  D7F0               	goto	l122
   603  00FEC0  D000               	goto	l123
   604  00FEC2                     l123:
   605  00FEC2  0012               	return		;funcret
   606  00FEC4                     __end_of_Set_EWLT:
   607                           	opt stack 0
   608                           tblptru	equ	0xFF8
   609                           intcon	equ	0xFF2
   610                           status	equ	0xFD8
   611                           
   612 ;; *************** function _Set_EW *****************
   613 ;; Defined at:
   614 ;;		line 130 in file "Lab8_Colors.c"
   615 ;; Parameters:    Size  Location     Type
   616 ;;  color           1    wreg     unsigned char 
   617 ;; Auto vars:     Size  Location     Type
   618 ;;  color           1    0[COMRAM] unsigned char 
   619 ;; Return value:  Size  Location     Type
   620 ;;		None               void
   621 ;; Registers used:
   622 ;;		wreg, status,2, status,0
   623 ;; Tracked objects:
   624 ;;		On entry : 0/0
   625 ;;		On exit  : 0/0
   626 ;;		Unchanged: 0/0
   627 ;; Data sizes:     COMRAM   BANK0   BANK1   BANK2   BANK3   BANK4   BANK5   BANK6   BANK7   BANK8   BANK9  BANK10  BANK1
      +1  BANK12  BANK13  BANK14  BANK15
   628 ;;      Params:         0       0       0       0       0       0       0       0       0       0       0       0       
      +0       0       0       0       0
   629 ;;      Locals:         1       0       0       0       0       0       0       0       0       0       0       0       
      +0       0       0       0       0
   630 ;;      Temps:          0       0       0       0       0       0       0       0       0       0       0       0       
      +0       0       0       0       0
   631 ;;      Totals:         1       0       0       0       0       0       0       0       0       0       0       0       
      +0       0       0       0       0
   632 ;;Total ram usage:        1 bytes
   633 ;; Hardware stack levels used:    1
   634 ;; This function calls:
   635 ;;		Nothing
   636 ;; This function is called by:
   637 ;;		_main
   638 ;; This function uses a non-reentrant model
   639 ;;
   640                           
   641                           	psect	text6
   642  00FE58                     __ptext6:
   643                           	opt stack 0
   644  00FE58                     _Set_EW:
   645                           	opt stack 30
   646                           
   647                           ;incstack = 0
   648                           ;Set_EW@color stored from wreg
   649  00FE58  6E01               	movwf	Set_EW@color,c
   650                           
   651                           ;Lab8_Colors.c: 132: switch(color)
   652  00FE5A  D00A               	goto	l831
   653  00FE5C                     l109:
   654  00FE5C  9881               	bcf	3969,4,c	;volatile
   655  00FE5E  D001               	goto	L7
   656  00FE60                     l111:
   657  00FE60  8881               	bsf	3969,4,c	;volatile
   658  00FE62                     L7:
   659  00FE62  9A81               	bcf	3969,5,c	;volatile
   660  00FE64  D013               	goto	l114
   661  00FE66                     l112:
   662  00FE66  9881               	bcf	3969,4,c	;volatile
   663  00FE68  D001               	goto	L8
   664  00FE6A                     l113:
   665  00FE6A  8881               	bsf	3969,4,c	;volatile
   666  00FE6C                     L8:
   667  00FE6C  8A81               	bsf	3969,5,c	;volatile
   668                           
   669                           ;Lab8_Colors.c: 138: }
   670  00FE6E  D00E               	goto	l114
   671  00FE70                     l831:
   672  00FE70  5001               	movf	Set_EW@color,w,c
   673                           
   674                           ; Switch size 1, requested type "space"
   675                           ; Number of cases is 4, Range of values is 0 to 3
   676                           ; switch strategies available:
   677                           ; Name         Instructions Cycles
   678                           ; simple_byte           13     7 (average)
   679                           ;	Chosen strategy is simple_byte
   680  00FE72  0A00               	xorlw	0	; case 0
   681  00FE74  B4D8               	btfsc	status,2,c
   682  00FE76  D7F2               	goto	l109
   683  00FE78  0A01               	xorlw	1	; case 1
   684  00FE7A  B4D8               	btfsc	status,2,c
   685  00FE7C  D7F1               	goto	l111
   686  00FE7E  0A03               	xorlw	3	; case 2
   687  00FE80  B4D8               	btfsc	status,2,c
   688  00FE82  D7F1               	goto	l112
   689  00FE84  0A01               	xorlw	1	; case 3
   690  00FE86  B4D8               	btfsc	status,2,c
   691  00FE88  D7F0               	goto	l113
   692  00FE8A  D000               	goto	l114
   693  00FE8C                     l114:
   694  00FE8C  0012               	return		;funcret
   695  00FE8E                     __end_of_Set_EW:
   696                           	opt stack 0
   697                           tblptru	equ	0xFF8
   698                           intcon	equ	0xFF2
   699                           status	equ	0xFD8
   700                           
   701 ;; *************** function _Init_UART *****************
   702 ;; Defined at:
   703 ;;		line 52 in file "Lab8_Colors.c"
   704 ;; Parameters:    Size  Location     Type
   705 ;;		None
   706 ;; Auto vars:     Size  Location     Type
   707 ;;		None
   708 ;; Return value:  Size  Location     Type
   709 ;;		None               void
   710 ;; Registers used:
   711 ;;		wreg, status,2, cstack
   712 ;; Tracked objects:
   713 ;;		On entry : 0/0
   714 ;;		On exit  : 0/0
   715 ;;		Unchanged: 0/0
   716 ;; Data sizes:     COMRAM   BANK0   BANK1   BANK2   BANK3   BANK4   BANK5   BANK6   BANK7   BANK8   BANK9  BANK10  BANK1
      +1  BANK12  BANK13  BANK14  BANK15
   717 ;;      Params:         0       0       0       0       0       0       0       0       0       0       0       0       
      +0       0       0       0       0
   718 ;;      Locals:         0       0       0       0       0       0       0       0       0       0       0       0       
      +0       0       0       0       0
   719 ;;      Temps:          0       0       0       0       0       0       0       0       0       0       0       0       
      +0       0       0       0       0
   720 ;;      Totals:         0       0       0       0       0       0       0       0       0       0       0       0       
      +0       0       0       0       0
   721 ;;Total ram usage:        0 bytes
   722 ;; Hardware stack levels used:    1
   723 ;; Hardware stack levels required when called:    1
   724 ;; This function calls:
   725 ;;		_OpenUSART
   726 ;; This function is called by:
   727 ;;		_main
   728 ;; This function uses a non-reentrant model
   729 ;;
   730                           
   731                           	psect	text7
   732  00FE2A                     __ptext7:
   733                           	opt stack 0
   734  00FE2A                     _Init_UART:
   735                           	opt stack 29
   736                           
   737                           ;Lab8_Colors.c: 54: OpenUSART (0b01111111 & 0b10111111 &
   738                           ;Lab8_Colors.c: 55: 0b11111110 & 0b11111101 & 0b11111111 &
   739                           ;Lab8_Colors.c: 56: 0b11111111, 25);
   740                           
   741                           ;incstack = 0
   742  00FE2A  0E00               	movlw	0
   743  00FE2C  6E02               	movwf	OpenUSART@spbrg+1,c
   744  00FE2E  0E19               	movlw	25
   745  00FE30  6E01               	movwf	OpenUSART@spbrg,c
   746  00FE32  0E3C               	movlw	60
   747  00FE34  ECC8  F07F         	call	_OpenUSART
   748                           
   749                           ;Lab8_Colors.c: 57: OSCCON = 0x60;
   750  00FE38  0E60               	movlw	96
   751  00FE3A  6ED3               	movwf	4051,c	;volatile
   752  00FE3C  0012               	return		;funcret
   753  00FE3E                     __end_of_Init_UART:
   754                           	opt stack 0
   755                           tblptru	equ	0xFF8
   756                           intcon	equ	0xFF2
   757                           status	equ	0xFD8
   758                           
   759 ;; *************** function _OpenUSART *****************
   760 ;; Defined at:
   761 ;;		line 73 in file "D:\Program Files (x86)\Microchip\xc8\v1.34\sources\pic18\plib\USART\uopen.c"
   762 ;; Parameters:    Size  Location     Type
   763 ;;  config          1    wreg     unsigned char 
   764 ;;  spbrg           2    0[COMRAM] unsigned int 
   765 ;; Auto vars:     Size  Location     Type
   766 ;;  config          1    2[COMRAM] unsigned char 
   767 ;; Return value:  Size  Location     Type
   768 ;;		None               void
   769 ;; Registers used:
   770 ;;		wreg, status,2
   771 ;; Tracked objects:
   772 ;;		On entry : 0/0
   773 ;;		On exit  : 0/0
   774 ;;		Unchanged: 0/0
   775 ;; Data sizes:     COMRAM   BANK0   BANK1   BANK2   BANK3   BANK4   BANK5   BANK6   BANK7   BANK8   BANK9  BANK10  BANK1
      +1  BANK12  BANK13  BANK14  BANK15
   776 ;;      Params:         2       0       0       0       0       0       0       0       0       0       0       0       
      +0       0       0       0       0
   777 ;;      Locals:         1       0       0       0       0       0       0       0       0       0       0       0       
      +0       0       0       0       0
   778 ;;      Temps:          0       0       0       0       0       0       0       0       0       0       0       0       
      +0       0       0       0       0
   779 ;;      Totals:         3       0       0       0       0       0       0       0       0       0       0       0       
      +0       0       0       0       0
   780 ;;Total ram usage:        3 bytes
   781 ;; Hardware stack levels used:    1
   782 ;; This function calls:
   783 ;;		Nothing
   784 ;; This function is called by:
   785 ;;		_Init_UART
   786 ;; This function uses a non-reentrant model
   787 ;;
   788                           
   789                           	psect	text8
   790  00FF90                     __ptext8:
   791                           	opt stack 0
   792  00FF90                     _OpenUSART:
   793                           	opt stack 29
   794                           
   795                           ;incstack = 0
   796                           ;OpenUSART@config stored from wreg
   797  00FF90  6E03               	movwf	OpenUSART@config,c
   798  00FF92  0E00               	movlw	0
   799  00FF94  6EAC               	movwf	4012,c	;volatile
   800  00FF96  0E00               	movlw	0
   801  00FF98  6EAB               	movwf	4011,c	;volatile
   802  00FF9A  A003               	btfss	OpenUSART@config,0,c
   803  00FF9C  D002               	goto	l889
   804  00FF9E  88AC               	bsf	4012,4,c	;volatile
   805  00FFA0  D000               	goto	l889
   806  00FFA2                     l889:
   807  00FFA2  A203               	btfss	OpenUSART@config,1,c
   808  00FFA4  D003               	goto	l893
   809  00FFA6  8CAC               	bsf	4012,6,c	;volatile
   810  00FFA8  8CAB               	bsf	4011,6,c	;volatile
   811  00FFAA  D000               	goto	l893
   812  00FFAC                     l893:
   813  00FFAC  A403               	btfss	OpenUSART@config,2,c
   814  00FFAE  D002               	goto	l897
   815  00FFB0  8EAC               	bsf	4012,7,c	;volatile
   816  00FFB2  D000               	goto	l897
   817  00FFB4                     l897:
   818  00FFB4  A603               	btfss	OpenUSART@config,3,c
   819  00FFB6  D002               	goto	l162
   820  00FFB8  88AB               	bsf	4011,4,c	;volatile
   821  00FFBA  D002               	goto	l901
   822  00FFBC                     l162:
   823  00FFBC  8AAB               	bsf	4011,5,c	;volatile
   824  00FFBE  D000               	goto	l901
   825  00FFC0                     l901:
   826  00FFC0  B803               	btfsc	OpenUSART@config,4,c
   827  00FFC2  84AC               	bsf	4012,2,c	;volatile
   828  00FFC4  989E               	bcf	3998,4,c	;volatile
   829  00FFC6  AA03               	btfss	OpenUSART@config,5,c
   830  00FFC8  D002               	goto	l909
   831  00FFCA  86AB               	bsf	4011,3,c	;volatile
   832  00FFCC  D000               	goto	l909
   833  00FFCE                     l909:
   834  00FFCE  AC03               	btfss	OpenUSART@config,6,c
   835  00FFD0  D002               	goto	l166
   836  00FFD2  8A9D               	bsf	3997,5,c	;volatile
   837  00FFD4  D001               	goto	l167
   838  00FFD6                     l166:
   839  00FFD6  9A9D               	bcf	3997,5,c	;volatile
   840  00FFD8                     l167:
   841  00FFD8  9A9E               	bcf	3998,5,c	;volatile
   842  00FFDA  AE03               	btfss	OpenUSART@config,7,c
   843  00FFDC  D002               	goto	l168
   844  00FFDE  889D               	bsf	3997,4,c	;volatile
   845  00FFE0  D001               	goto	l169
   846  00FFE2                     l168:
   847  00FFE2  989D               	bcf	3997,4,c	;volatile
   848  00FFE4                     l169:
   849  00FFE4  C001  FFAF         	movff	OpenUSART@spbrg,4015	;volatile
   850  00FFE8  5002               	movf	OpenUSART@spbrg+1,w,c
   851  00FFEA  6EB0               	movwf	4016,c	;volatile
   852  00FFEC  8AAC               	bsf	4012,5,c	;volatile
   853  00FFEE  8EAB               	bsf	4011,7,c	;volatile
   854  00FFF0  9C94               	bcf	3988,6,c	;volatile
   855  00FFF2  8E94               	bsf	3988,7,c	;volatile
   856  00FFF4  B8AC               	btfsc	4012,4,c	;volatile
   857  00FFF6  BEAC               	btfsc	4012,7,c	;volatile
   858  00FFF8  D002               	goto	l171
   859  00FFFA  8C94               	bsf	3988,6,c	;volatile
   860  00FFFC  D000               	goto	l171
   861  00FFFE                     l171:
   862  00FFFE  0012               	return		;funcret
   863  010000                     __end_of_OpenUSART:
   864                           	opt stack 0
   865                           tblptru	equ	0xFF8
   866                           intcon	equ	0xFF2
   867                           status	equ	0xFD8
   868                           
   869 ;; *************** function _Init_ADC *****************
   870 ;; Defined at:
   871 ;;		line 66 in file "Lab8_Colors.c"
   872 ;; Parameters:    Size  Location     Type
   873 ;;		None
   874 ;; Auto vars:     Size  Location     Type
   875 ;;		None
   876 ;; Return value:  Size  Location     Type
   877 ;;		None               void
   878 ;; Registers used:
   879 ;;		wreg, status,2
   880 ;; Tracked objects:
   881 ;;		On entry : 0/0
   882 ;;		On exit  : 0/0
   883 ;;		Unchanged: 0/0
   884 ;; Data sizes:     COMRAM   BANK0   BANK1   BANK2   BANK3   BANK4   BANK5   BANK6   BANK7   BANK8   BANK9  BANK10  BANK1
      +1  BANK12  BANK13  BANK14  BANK15
   885 ;;      Params:         0       0       0       0       0       0       0       0       0       0       0       0       
      +0       0       0       0       0
   886 ;;      Locals:         0       0       0       0       0       0       0       0       0       0       0       0       
      +0       0       0       0       0
   887 ;;      Temps:          0       0       0       0       0       0       0       0       0       0       0       0       
      +0       0       0       0       0
   888 ;;      Totals:         0       0       0       0       0       0       0       0       0       0       0       0       
      +0       0       0       0       0
   889 ;;Total ram usage:        0 bytes
   890 ;; Hardware stack levels used:    1
   891 ;; This function calls:
   892 ;;		Nothing
   893 ;; This function is called by:
   894 ;;		_main
   895 ;; This function uses a non-reentrant model
   896 ;;
   897                           
   898                           	psect	text9
   899  00FE0E                     __ptext9:
   900                           	opt stack 0
   901  00FE0E                     _Init_ADC:
   902                           	opt stack 30
   903                           
   904                           ;Lab8_Colors.c: 68: ADCON0 = 0x01;
   905                           
   906                           ;incstack = 0
   907  00FE0E  0E01               	movlw	1
   908  00FE10  6EC2               	movwf	4034,c	;volatile
   909                           
   910                           ;Lab8_Colors.c: 69: ADCON1 = 0x0E;
   911  00FE12  0E0E               	movlw	14
   912  00FE14  6EC1               	movwf	4033,c	;volatile
   913                           
   914                           ;Lab8_Colors.c: 70: ADCON2 = 0xA9;
   915  00FE16  0EA9               	movlw	169
   916  00FE18  6EC0               	movwf	4032,c	;volatile
   917  00FE1A  0012               	return		;funcret
   918  00FE1C                     __end_of_Init_ADC:
   919                           	opt stack 0
   920  0000                     tblptru	equ	0xFF8
   921                           intcon	equ	0xFF2
   922                           status	equ	0xFD8
   923                           tblptru	equ	0xFF8
   924                           intcon	equ	0xFF2
   925                           status	equ	0xFD8
   926                           
   927                           	psect	rparam
   928  0000                     tblptru	equ	0xFF8
   929                           intcon	equ	0xFF2
   930                           status	equ	0xFD8


Data Sizes:
    Strings     0
    Constant    0
    Data        0
    BSS         0
    Persistent  0
    Stack       0

Auto Spaces:
    Space          Size  Autos    Used
    COMRAM          127      5       5
    BANK0           128      0       0
    BANK1           256      0       0
    BANK2           256      0       0
    BANK3           256      0       0
    BANK4           256      0       0
    BANK5           256      0       0
    BANK6           256      0       0
    BANK7           256      0       0
    BANK8           256      0       0
    BANK9           256      0       0
    BANK10          256      0       0
    BANK11          256      0       0
    BANK12          256      0       0
    BANK13          256      0       0
    BANK14          256      0       0
    BANK15          128      0       0

Pointer List with Targets:

    None.

Critical Paths under _main in COMRAM

    _Init_UART->_OpenUSART

Critical Paths under _main in BANK0

    None.

Critical Paths under _main in BANK1

    None.

Critical Paths under _main in BANK2

    None.

Critical Paths under _main in BANK3

    None.

Critical Paths under _main in BANK4

    None.

Critical Paths under _main in BANK5

    None.

Critical Paths under _main in BANK6

    None.

Critical Paths under _main in BANK7

    None.

Critical Paths under _main in BANK8

    None.

Critical Paths under _main in BANK9

    None.

Critical Paths under _main in BANK10

    None.

Critical Paths under _main in BANK11

    None.

Critical Paths under _main in BANK12

    None.

Critical Paths under _main in BANK13

    None.

Critical Paths under _main in BANK14

    None.

Critical Paths under _main in BANK15

    None.

Call Graph Tables:

 ---------------------------------------------------------------------------------
 (Depth) Function   	        Calls       Base Space   Used Autos Params    Refs
 ---------------------------------------------------------------------------------
 (0) _main                                                 2     2      0     457
                                              3 COMRAM     2     2      0
                           _Init_ADC
                          _Init_UART
                             _Set_EW
                           _Set_EWLT
                             _Set_NS
                           _Set_NSLT
                    _Wait_One_Second
 ---------------------------------------------------------------------------------
 (1) _Wait_One_Second                                      0     0      0       0
                   _Wait_Half_Second
 ---------------------------------------------------------------------------------
 (2) _Wait_Half_Second                                     0     0      0       0
 ---------------------------------------------------------------------------------
 (1) _Set_NSLT                                             1     1      0      15
                                              0 COMRAM     1     1      0
 ---------------------------------------------------------------------------------
 (1) _Set_NS                                               1     1      0      15
                                              0 COMRAM     1     1      0
 ---------------------------------------------------------------------------------
 (1) _Set_EWLT                                             1     1      0      15
                                              0 COMRAM     1     1      0
 ---------------------------------------------------------------------------------
 (1) _Set_EW                                               1     1      0      15
                                              0 COMRAM     1     1      0
 ---------------------------------------------------------------------------------
 (1) _Init_UART                                            0     0      0     263
                          _OpenUSART
 ---------------------------------------------------------------------------------
 (2) _OpenUSART                                            3     1      2     263
                                              0 COMRAM     3     1      2
 ---------------------------------------------------------------------------------
 (1) _Init_ADC                                             0     0      0       0
 ---------------------------------------------------------------------------------
 Estimated maximum stack depth 2
 ---------------------------------------------------------------------------------

 Call Graph Graphs:

 _main (ROOT)
   _Init_ADC
   _Init_UART
     _OpenUSART
   _Set_EW
   _Set_EWLT
   _Set_NS
   _Set_NSLT
   _Wait_One_Second
     _Wait_Half_Second

 Address spaces:
Name               Size   Autos  Total    Cost      Usage
BITCOMRAM           7F      0       0       0        0.0%
EEDATA             400      0       0       0        0.0%
NULL                 0      0       0       0        0.0%
CODE                 0      0       0       0        0.0%
COMRAM              7F      5       5       1        3.9%
STACK                0      0       0       2        0.0%
DATA                 0      0       0       3        0.0%
BITBANK0            80      0       0       4        0.0%
BANK0               80      0       0       5        0.0%
BITBANK1           100      0       0       6        0.0%
BANK1              100      0       0       7        0.0%
BITBANK2           100      0       0       8        0.0%
BANK2              100      0       0       9        0.0%
BITBANK3           100      0       0      10        0.0%
BANK3              100      0       0      11        0.0%
BITBANK4           100      0       0      12        0.0%
BANK4              100      0       0      13        0.0%
BITBANK5           100      0       0      14        0.0%
BANK5              100      0       0      15        0.0%
BITBANK6           100      0       0      16        0.0%
BANK6              100      0       0      17        0.0%
BITBANK7           100      0       0      18        0.0%
BANK7              100      0       0      19        0.0%
BITBANK8           100      0       0      20        0.0%
BANK8              100      0       0      21        0.0%
BITBANK9           100      0       0      22        0.0%
BANK9              100      0       0      23        0.0%
BITBANK10          100      0       0      24        0.0%
BANK10             100      0       0      25        0.0%
BITBANK11          100      0       0      26        0.0%
BANK11             100      0       0      27        0.0%
BITBANK12          100      0       0      28        0.0%
BANK12             100      0       0      29        0.0%
BITBANK13          100      0       0      30        0.0%
BANK13             100      0       0      31        0.0%
BITBANK14          100      0       0      32        0.0%
BANK14             100      0       0      33        0.0%
ABS                  0      0       0      34        0.0%
BITBANK15           80      0       0      35        0.0%
BANK15              80      0       0      36        0.0%
BIGRAM             F7F      0       0      37        0.0%
BITSFR               0      0       0      40        0.0%
SFR                  0      0       0      40        0.0%


Microchip Technology PIC18 Macro Assembler V1.34 build -361300703 
Symbol Table                                                                                   Mon Mar 21 22:23:01 2022

                       l82 FF4C                         l91 FEC8                         l76 FE50  
                       l93 FECC                         l94 FED2                         l95 FED6  
                       l96 FEF8                        l100 FEFE                        l102 FF02  
                      l111 FE60                        l103 FF08                        l112 FE66  
                      l120 FE96                        l104 FF0C                        l113 FE6A  
                      l121 FE9C                        l105 FF2E                        l114 FE8C  
                      l122 FEA0                        l123 FEC2                        l109 FE5C  
                      l118 FE92                        l162 FFBC                        l171 FFFE  
                      l166 FFD6                        l167 FFD8                        l168 FFE2  
                      l169 FFE4                        l901 FFC0                        l831 FE70  
                      l825 FF12                        l819 FEDC                        l909 FFCE  
                      l837 FEA6                        l943 FF54                        l947 FF68  
                      l893 FFAC                        l897 FFB4                        l889 FFA2  
        ?_Wait_Half_Second 0001         ??_Wait_Half_Second 0001               __CFG_LVP$OFF 000000  
             __CFG_WDT$OFF 000000                       _TRMT 007D61                       _main FF30  
                     start 0000               ___param_bank 000010                      ?_main 0001  
                    _T0CON 000FD5                      _RCSTA 000FAB                      _TMR0H 000FD7  
                    _TMR0L 000FD6                      _SPBRG 000FAF                      _TRISA 000F92  
                    _TRISB 000F93                      _TRISC 000F94                      _TRISD 000F95  
                    _TRISE 000F96                      _TXREG 000FAD                      _TXSTA 000FAC  
        ??_Wait_One_Second 0001                      main@i 0004             __CFG_BOREN$OFF 000000  
                    status 000FD8            __initialization FE04               __end_of_main FF90  
         __end_of_Init_ADC FE1C           __end_of_Set_EWLT FEC4           __end_of_Set_NSLT FF30  
                   ??_main 0004              __activetblptr 000002                     _ADCON0 000FC2  
                   _ADCON1 000FC1                     _ADCON2 000FC0                     _ADRESH 000FC4  
                   _ADRESL 000FC3                     _OSCCON 000FD3         __size_of_Init_UART 0014  
                   _SPBRGH 000FB0                     _Set_EW FE58                     _Set_NS FEC4  
       __size_of_OpenUSART 0070                Set_EW@color 0001                     tblptru 000FF8  
              Set_NS@color 0001                 __accesstop 0080    __end_of__initialization FE04  
            ___rparam_used 000001             __pcstackCOMRAM 0001          __end_of_Init_UART FE3E  
        __end_of_OpenUSART 0000                  ?_Init_ADC 0001  __size_of_Wait_Half_Second 001A  
                ?_Set_EWLT 0001                  ?_Set_NSLT 0001                    ?_Set_EW 0001  
                  ?_Set_NS 0001         __CFG_CCP2MX$PORTBE 000000            _Wait_One_Second FE1C  
               ??_Init_ADC 0001                 ??_Set_EWLT 0001                 ??_Set_NSLT 0001  
                  __Hparam 0000                    __Lparam 0000            __size_of_Set_EW 0036  
          __size_of_Set_NS 0036                    __pcinit FE04                    __ramtop 1000  
                  __ptext0 FF30                    __ptext1 FE1C                    __ptext2 FE3E  
                  __ptext3 FEFA                    __ptext4 FEC4                    __ptext5 FE8E  
                  __ptext6 FE58                    __ptext7 FE2A                    __ptext8 FF90  
                  __ptext9 FE0E                  _T0CONbits 000FD5       end_of_initialization FE04  
            __Lmediumconst 0000    __end_of_Wait_One_Second FE2A                  _RCSTAbits 000FAB  
                _PORTAbits 000F80                  _PORTBbits 000F81                  _PORTDbits 000F83  
                _PORTEbits 000F84                  _TRISCbits 000F94           _Wait_Half_Second FE3E  
                _TXSTAbits 000FAC             __end_of_Set_EW FE8E             __end_of_Set_NS FEFA  
      start_initialization FE04                  _Init_UART FE2A                  _OpenUSART FF90  
         __CFG_OSC$INTIO67 000000          __size_of_Init_ADC 000E                   ??_Set_EW 0001  
                 ??_Set_NS 0001          __size_of_Set_EWLT 0036          __size_of_Set_NSLT 0036  
         ?_Wait_One_Second 0001                 ?_Init_UART 0001                 ?_OpenUSART 0001  
                 _PIE1bits 000F9D                   _PIR1bits 000F9E                 _ADCON0bits 000FC2  
 __end_of_Wait_Half_Second FE58                ??_Init_UART 0004                   _Init_ADC FE0E  
              ??_OpenUSART 0003            OpenUSART@config 0003                   _Set_EWLT FE8E  
                 _Set_NSLT FEFA                   __Hrparam 0000                   __Lrparam 0000  
            __size_of_main 0060                 _INTCONbits 000FF2             OpenUSART@spbrg 0001  
            Set_EWLT@color 0001   __size_of_Wait_One_Second 000E              Set_NSLT@color 0001  
