

Microchip Technology PIC18 LITE Macro Assembler V1.34 build -361300703 
                                                                                               Tue Feb 08 17:02:05 2022

Microchip Technology Omniscient Code Generator (Lite mode) build 201502162209
     1                           	processor	18F4620
     2                           	fnconf	rparam,??,?,0
     3                           	opt	pw 120
     4                           	opt	lm
     5                           	psect	text0,global,reloc=2,class=CODE,delta=1
     6                           	psect	cinit,global,reloc=2,class=CODE,delta=1
     7                           	psect	cstackCOMRAM,global,class=COMRAM,space=1,delta=1
     8                           	psect	text1,global,reloc=2,class=CODE,delta=1
     9                           	psect	intsave_regs,global,class=BIGRAM,space=1,delta=1
    10                           	psect	rparam,global,class=COMRAM,space=1,delta=1
    11  0000                     _ADCON1	set	4033
    12  0000                     _PORTC	set	3970
    13  0000                     _TRISC	set	3988
    14                           
    15 ;;
    16 ;;Main: autosize = 0, tempsize = 0, incstack = 0, save=0
    17 ;;
    18 ;; *************** function _main *****************
    19 ;; Defined at:
    20 ;;		line 14 in file "Lab2p3.c"
    21 ;; Parameters:    Size  Location     Type
    22 ;;		None
    23 ;; Auto vars:     Size  Location     Type
    24 ;;  i               2    2[COMRAM] int 
    25 ;; Return value:  Size  Location     Type
    26 ;;		None               void
    27 ;; Registers used:
    28 ;;		wreg, status,2, status,0, cstack
    29 ;; Tracked objects:
    30 ;;		On entry : 0/0
    31 ;;		On exit  : 0/0
    32 ;;		Unchanged: 0/0
    33 ;; Data sizes:     COMRAM   BANK0   BANK1   BANK2   BANK3   BANK4   BANK5   BANK6   BANK7   BANK8   BANK9  BANK10  BANK1
      +1  BANK12  BANK13  BANK14  BANK15
    34 ;;      Params:         0       0       0       0       0       0       0       0       0       0       0       0       
      +0       0       0       0       0
    35 ;;      Locals:         2       0       0       0       0       0       0       0       0       0       0       0       
      +0       0       0       0       0
    36 ;;      Temps:          0       0       0       0       0       0       0       0       0       0       0       0       
      +0       0       0       0       0
    37 ;;      Totals:         2       0       0       0       0       0       0       0       0       0       0       0       
      +0       0       0       0       0
    38 ;;Total ram usage:        2 bytes
    39 ;; Hardware stack levels required when called:    1
    40 ;; This function calls:
    41 ;;		_Delay_One_Sec
    42 ;; This function is called by:
    43 ;;		Startup code after reset
    44 ;; This function uses a non-reentrant model
    45 ;;
    46                           
    47                           	psect	text0
    48  00FFC6                     __ptext0:
    49                           	opt stack 0
    50  00FFC6                     _main:
    51                           	opt stack 30
    52                           
    53                           ;Lab2p3.c: 20: TRISC = 0x00;
    54                           
    55                           ;incstack = 0
    56  00FFC6  0E00               	movlw	0
    57  00FFC8  6E94               	movwf	3988,c	;volatile
    58                           
    59                           ;Lab2p3.c: 22: ADCON1 = 0x0F;
    60  00FFCA  0E0F               	movlw	15
    61  00FFCC  6EC1               	movwf	4033,c	;volatile
    62                           
    63                           ;Lab2p3.c: 24: for (int i=0; i<=7; i++) {
    64  00FFCE  0E00               	movlw	0
    65  00FFD0  6E04               	movwf	main@i+1,c
    66  00FFD2  0E00               	movlw	0
    67  00FFD4  6E03               	movwf	main@i,c
    68  00FFD6                     l612:
    69  00FFD6  BE04               	btfsc	main@i+1,7,c
    70  00FFD8  D00A               	goto	l11
    71  00FFDA  5004               	movf	main@i+1,w,c
    72  00FFDC  E10F               	bnz	l13
    73  00FFDE  0E08               	movlw	8
    74  00FFE0  5C03               	subwf	main@i,w,c
    75  00FFE2  B0D8               	btfsc	status,0,c
    76  00FFE4  EF00  F000         	goto	start
    77  00FFE8  D002               	goto	l11
    78  00FFEA  EF00  F000         	goto	start
    79  00FFEE                     l11:
    80                           
    81                           ;Lab2p3.c: 28: PORTC = i;
    82  00FFEE  C003  FF82         	movff	main@i,3970	;volatile
    83                           
    84                           ;Lab2p3.c: 29: Delay_One_Sec();
    85  00FFF2  ECD1  F07F         	call	_Delay_One_Sec	;wreg free
    86  00FFF6  4A03               	infsnz	main@i,f,c
    87  00FFF8  2A04               	incf	main@i+1,f,c
    88  00FFFA  D7ED               	goto	l612
    89  00FFFC                     l13:
    90  00FFFC  EF00  F000         	goto	start
    91  010000                     __end_of_main:
    92                           	opt stack 0
    93                           status	equ	0xFD8
    94                           
    95                           	psect	cinit
    96  00FF9C                     __pcinit:
    97                           	opt stack 0
    98  00FF9C                     start_initialization:
    99                           	opt stack 0
   100  00FF9C                     __initialization:
   101                           	opt stack 0
   102  00FF9C                     end_of_initialization:
   103                           	opt stack 0
   104  00FF9C                     __end_of__initialization:
   105                           	opt stack 0
   106  00FF9C  0100               	movlb	0
   107  00FF9E  EFE3  F07F         	goto	_main	;jump to C main() function
   108                           status	equ	0xFD8
   109                           
   110                           	psect	cstackCOMRAM
   111  000001                     __pcstackCOMRAM:
   112                           	opt stack 0
   113  000001                     Delay_One_Sec@I:
   114                           	opt stack 0
   115                           
   116                           ; 2 bytes @ 0x0
   117  000001                     	ds	2
   118  000003                     main@i:
   119                           	opt stack 0
   120                           
   121                           ; 2 bytes @ 0x2
   122  000003                     	ds	2
   123                           status	equ	0xFD8
   124                           
   125 ;; *************** function _Delay_One_Sec *****************
   126 ;; Defined at:
   127 ;;		line 33 in file "Lab2p3.c"
   128 ;; Parameters:    Size  Location     Type
   129 ;;		None
   130 ;; Auto vars:     Size  Location     Type
   131 ;;  I               2    0[COMRAM] int 
   132 ;; Return value:  Size  Location     Type
   133 ;;		None               void
   134 ;; Registers used:
   135 ;;		wreg, status,2, status,0
   136 ;; Tracked objects:
   137 ;;		On entry : 0/0
   138 ;;		On exit  : 0/0
   139 ;;		Unchanged: 0/0
   140 ;; Data sizes:     COMRAM   BANK0   BANK1   BANK2   BANK3   BANK4   BANK5   BANK6   BANK7   BANK8   BANK9  BANK10  BANK1
      +1  BANK12  BANK13  BANK14  BANK15
   141 ;;      Params:         0       0       0       0       0       0       0       0       0       0       0       0       
      +0       0       0       0       0
   142 ;;      Locals:         2       0       0       0       0       0       0       0       0       0       0       0       
      +0       0       0       0       0
   143 ;;      Temps:          0       0       0       0       0       0       0       0       0       0       0       0       
      +0       0       0       0       0
   144 ;;      Totals:         2       0       0       0       0       0       0       0       0       0       0       0       
      +0       0       0       0       0
   145 ;;Total ram usage:        2 bytes
   146 ;; Hardware stack levels used:    1
   147 ;; This function calls:
   148 ;;		Nothing
   149 ;; This function is called by:
   150 ;;		_main
   151 ;; This function uses a non-reentrant model
   152 ;;
   153                           
   154                           	psect	text1
   155  00FFA2                     __ptext1:
   156                           	opt stack 0
   157  00FFA2                     _Delay_One_Sec:
   158                           	opt stack 30
   159                           
   160                           ;Lab2p3.c: 35: for(int I=0; I <17000; I++);
   161                           
   162                           ;incstack = 0
   163  00FFA2  0E00               	movlw	0
   164  00FFA4  6E02               	movwf	Delay_One_Sec@I+1,c
   165  00FFA6  0E00               	movlw	0
   166  00FFA8  6E01               	movwf	Delay_One_Sec@I,c
   167  00FFAA                     l602:
   168  00FFAA  BE02               	btfsc	Delay_One_Sec@I+1,7,c
   169  00FFAC  D008               	goto	l606
   170  00FFAE  0E68               	movlw	104
   171  00FFB0  5C01               	subwf	Delay_One_Sec@I,w,c
   172  00FFB2  0E42               	movlw	66
   173  00FFB4  5802               	subwfb	Delay_One_Sec@I+1,w,c
   174  00FFB6  B0D8               	btfsc	status,0,c
   175  00FFB8  D005               	goto	l18
   176  00FFBA  D001               	goto	l606
   177  00FFBC  D003               	goto	l18
   178  00FFBE                     l606:
   179  00FFBE  4A01               	infsnz	Delay_One_Sec@I,f,c
   180  00FFC0  2A02               	incf	Delay_One_Sec@I+1,f,c
   181  00FFC2  D7F3               	goto	l602
   182  00FFC4                     l18:
   183  00FFC4  0012               	return		;funcret
   184  00FFC6                     __end_of_Delay_One_Sec:
   185                           	opt stack 0
   186  0000                     status	equ	0xFD8
   187                           status	equ	0xFD8
   188                           
   189                           	psect	rparam
   190  0000                     status	equ	0xFD8


Data Sizes:
    Strings     0
    Constant    0
    Data        0
    BSS         0
    Persistent  0
    Stack       0

Auto Spaces:
    Space          Size  Autos    Used
    COMRAM          127      4       4
    BANK0           128      0       0
    BANK1           256      0       0
    BANK2           256      0       0
    BANK3           256      0       0
    BANK4           256      0       0
    BANK5           256      0       0
    BANK6           256      0       0
    BANK7           256      0       0
    BANK8           256      0       0
    BANK9           256      0       0
    BANK10          256      0       0
    BANK11          256      0       0
    BANK12          256      0       0
    BANK13          256      0       0
    BANK14          256      0       0
    BANK15          128      0       0

Pointer List with Targets:

    None.

Critical Paths under _main in COMRAM

    _main->_Delay_One_Sec

Critical Paths under _main in BANK0

    None.

Critical Paths under _main in BANK1

    None.

Critical Paths under _main in BANK2

    None.

Critical Paths under _main in BANK3

    None.

Critical Paths under _main in BANK4

    None.

Critical Paths under _main in BANK5

    None.

Critical Paths under _main in BANK6

    None.

Critical Paths under _main in BANK7

    None.

Critical Paths under _main in BANK8

    None.

Critical Paths under _main in BANK9

    None.

Critical Paths under _main in BANK10

    None.

Critical Paths under _main in BANK11

    None.

Critical Paths under _main in BANK12

    None.

Critical Paths under _main in BANK13

    None.

Critical Paths under _main in BANK14

    None.

Critical Paths under _main in BANK15

    None.

Call Graph Tables:

 ---------------------------------------------------------------------------------
 (Depth) Function   	        Calls       Base Space   Used Autos Params    Refs
 ---------------------------------------------------------------------------------
 (0) _main                                                 2     2      0      75
                                              2 COMRAM     2     2      0
                      _Delay_One_Sec
 ---------------------------------------------------------------------------------
 (1) _Delay_One_Sec                                        2     2      0      30
                                              0 COMRAM     2     2      0
 ---------------------------------------------------------------------------------
 Estimated maximum stack depth 1
 ---------------------------------------------------------------------------------

 Call Graph Graphs:

 _main (ROOT)
   _Delay_One_Sec

 Address spaces:
Name               Size   Autos  Total    Cost      Usage
BITCOMRAM           7F      0       0       0        0.0%
EEDATA             400      0       0       0        0.0%
NULL                 0      0       0       0        0.0%
CODE                 0      0       0       0        0.0%
COMRAM              7F      4       4       1        3.1%
STACK                0      0       0       2        0.0%
DATA                 0      0       0       3        0.0%
BITBANK0            80      0       0       4        0.0%
BANK0               80      0       0       5        0.0%
BITBANK1           100      0       0       6        0.0%
BANK1              100      0       0       7        0.0%
BITBANK2           100      0       0       8        0.0%
BANK2              100      0       0       9        0.0%
BITBANK3           100      0       0      10        0.0%
BANK3              100      0       0      11        0.0%
BITBANK4           100      0       0      12        0.0%
BANK4              100      0       0      13        0.0%
BITBANK5           100      0       0      14        0.0%
BANK5              100      0       0      15        0.0%
BITBANK6           100      0       0      16        0.0%
BANK6              100      0       0      17        0.0%
BITBANK7           100      0       0      18        0.0%
BANK7              100      0       0      19        0.0%
BITBANK8           100      0       0      20        0.0%
BANK8              100      0       0      21        0.0%
BITBANK9           100      0       0      22        0.0%
BANK9              100      0       0      23        0.0%
BITBANK10          100      0       0      24        0.0%
BANK10             100      0       0      25        0.0%
BITBANK11          100      0       0      26        0.0%
BANK11             100      0       0      27        0.0%
BITBANK12          100      0       0      28        0.0%
BANK12             100      0       0      29        0.0%
BITBANK13          100      0       0      30        0.0%
BANK13             100      0       0      31        0.0%
BITBANK14          100      0       0      32        0.0%
BANK14             100      0       0      33        0.0%
ABS                  0      0       0      34        0.0%
BITBANK15           80      0       0      35        0.0%
BANK15              80      0       0      36        0.0%
BIGRAM             F7F      0       0      37        0.0%
BITSFR               0      0       0      40        0.0%
SFR                  0      0       0      40        0.0%


Microchip Technology PIC18 Macro Assembler V1.34 build -361300703 
Symbol Table                                                                                   Tue Feb 08 17:02:05 2022

                     l11 FFEE                       l13 FFFC                       l18 FFC4  
                    l602 FFAA                      l612 FFD6                      l606 FFBE  
           __CFG_LVP$OFF 000000             __CFG_WDT$OFF 000000                     _main FFC6  
                   start 0000             ___param_bank 000010                    ?_main 0001  
                  _PORTC 000F82                    _TRISC 000F94                    main@i 0003  
         __CFG_BOREN$OFF 000000                    status 000FD8          __initialization FF9C  
           __end_of_main 0000                   ??_main 0003            __activetblptr 000000  
                 _ADCON1 000FC1               __accesstop 0080  __end_of__initialization FF9C  
          ___rparam_used 000001           __pcstackCOMRAM 0001           Delay_One_Sec@I 0001  
 __size_of_Delay_One_Sec 0024                  __Hparam 0000                  __Lparam 0000  
                __pcinit FF9C                  __ramtop 1000                  __ptext0 FFC6  
                __ptext1 FFA2     end_of_initialization FF9C            _Delay_One_Sec FFA2  
         ?_Delay_One_Sec 0001      start_initialization FF9C         __CFG_OSC$INTIO67 000000  
        ??_Delay_One_Sec 0001                 __Hrparam 0000                 __Lrparam 0000  
          __size_of_main 003A    __end_of_Delay_One_Sec FFC6  
