

Microchip Technology PIC18 LITE Macro Assembler V1.34 build -361300703 
                                                                                               Thu Mar 10 00:37:34 2022

Microchip Technology Omniscient Code Generator (Lite mode) build 201502162209
     1                           	processor	18F4620
     2                           	fnconf	rparam,??,?,0
     3                           	opt	pw 120
     4                           	opt	lm
     5                           	psect	idataCOMRAM,global,class=CODE,delta=1
     6                           	psect	cinit,global,reloc=2,class=CODE,delta=1
     7                           	psect	dataCOMRAM,global,class=COMRAM,space=1,delta=1
     8                           	psect	cstackCOMRAM,global,class=COMRAM,space=1,delta=1
     9                           	psect	text0,global,reloc=2,class=CODE,delta=1
    10                           	psect	text1,global,reloc=2,class=CODE,delta=1
    11                           	psect	text2,global,reloc=2,class=CODE,delta=1
    12                           	psect	text3,global,reloc=2,class=CODE,delta=1
    13                           	psect	text4,global,reloc=2,class=CODE,delta=1
    14                           	psect	intsave_regs,global,class=BIGRAM,space=1,delta=1
    15                           	psect	rparam,global,class=COMRAM,space=1,delta=1
    16  0000                     
    17                           	psect	idataCOMRAM
    18  00FE4C                     __pidataCOMRAM:
    19                           	opt stack 0
    20                           
    21                           ;initializer for _array
    22  00FE4C  40                 	db	64
    23  00FE4D  79                 	db	121
    24  00FE4E  24                 	db	36
    25  00FE4F  30                 	db	48
    26  00FE50  19                 	db	25
    27  00FE51  12                 	db	18
    28  00FE52  02                 	db	2
    29  00FE53  78                 	db	120
    30  00FE54  00                 	db	0
    31  00FE55  18                 	db	24
    32  0000                     _ADCON1	set	4033
    33  0000                     _ADCON2	set	4032
    34  0000                     _PORTA	set	3968
    35  0000                     _PORTB	set	3969
    36  0000                     _PORTC	set	3970
    37  0000                     _PORTD	set	3971
    38  0000                     _PORTE	set	3972
    39  0000                     _TRISA	set	3986
    40  0000                     _TRISB	set	3987
    41  0000                     _TRISC	set	3988
    42  0000                     _TRISD	set	3989
    43  0000                     _TRISE	set	3990
    44                           
    45                           ; #config settings
    46  0000                     
    47                           	psect	cinit
    48  00FE92                     __pcinit:
    49                           	opt stack 0
    50  00FE92                     start_initialization:
    51                           	opt stack 0
    52  00FE92                     __initialization:
    53                           	opt stack 0
    54                           
    55                           ; Initialize objects allocated to COMRAM (10 bytes)
    56                           ; load TBLPTR registers with __pidataCOMRAM
    57  00FE92  0E4C               	movlw	low __pidataCOMRAM
    58  00FE94  6EF6               	movwf	tblptrl,c
    59  00FE96  0EFE               	movlw	high __pidataCOMRAM
    60  00FE98  6EF7               	movwf	tblptrh,c
    61  00FE9A  0E00               	movlw	low (__pidataCOMRAM shr (0+16))
    62  00FE9C  6EF8               	movwf	tblptru,c
    63  00FE9E  EE00  F001         	lfsr	0,__pdataCOMRAM
    64  00FEA2  EE10 F00A          	lfsr	1,10
    65  00FEA6                     copy_data0:
    66  00FEA6  0009               	tblrd		*+
    67  00FEA8  CFF5 FFEE          	movff	tablat,postinc0
    68  00FEAC  50E5               	movf	postdec1,w,c
    69  00FEAE  50E1               	movf	fsr1l,w,c
    70  00FEB0  E1FA               	bnz	copy_data0
    71  00FEB2                     end_of_initialization:
    72                           	opt stack 0
    73  00FEB2                     __end_of__initialization:
    74                           	opt stack 0
    75  00FEB2  0100               	movlb	0
    76  00FEB4  EF7C  F07F         	goto	_main	;jump to C main() function
    77                           tblptru	equ	0xFF8
    78                           tblptrh	equ	0xFF7
    79                           tblptrl	equ	0xFF6
    80                           tablat	equ	0xFF5
    81                           postinc0	equ	0xFEE
    82                           postdec1	equ	0xFE5
    83                           fsr1l	equ	0xFE1
    84                           
    85                           	psect	dataCOMRAM
    86  000001                     __pdataCOMRAM:
    87                           	opt stack 0
    88  000001                     _array:
    89                           	opt stack 0
    90  000001                     	ds	10
    91                           tblptru	equ	0xFF8
    92                           tblptrh	equ	0xFF7
    93                           tblptrl	equ	0xFF6
    94                           tablat	equ	0xFF5
    95                           postinc0	equ	0xFEE
    96                           postdec1	equ	0xFE5
    97                           fsr1l	equ	0xFE1
    98                           
    99                           	psect	cstackCOMRAM
   100  00000B                     __pcstackCOMRAM:
   101                           	opt stack 0
   102  00000B                     Display_Upper_Digit@PE:
   103                           	opt stack 0
   104  00000B                     Display_Lower_Digit@digit:
   105                           	opt stack 0
   106  00000B                     WAIT_1_SEC@j:
   107                           	opt stack 0
   108                           
   109                           ; 2 bytes @ 0x0
   110  00000B                     	ds	1
   111  00000C                     Display_Upper_Digit@digit:
   112                           	opt stack 0
   113                           
   114                           ; 1 bytes @ 0x1
   115  00000C                     	ds	1
   116  00000D                     main@i_53:
   117                           	opt stack 0
   118                           
   119                           ; 2 bytes @ 0x2
   120  00000D                     	ds	2
   121  00000F                     main@i_54:
   122                           	opt stack 0
   123                           
   124                           ; 2 bytes @ 0x4
   125  00000F                     	ds	2
   126  000011                     main@i_55:
   127                           	opt stack 0
   128                           
   129                           ; 2 bytes @ 0x6
   130  000011                     	ds	2
   131  000013                     main@i:
   132                           	opt stack 0
   133                           
   134                           ; 2 bytes @ 0x8
   135  000013                     	ds	2
   136                           tblptru	equ	0xFF8
   137                           tblptrh	equ	0xFF7
   138                           tblptrl	equ	0xFF6
   139                           tablat	equ	0xFF5
   140                           postinc0	equ	0xFEE
   141                           postdec1	equ	0xFE5
   142                           fsr1l	equ	0xFE1
   143                           
   144 ;;
   145 ;;Main: autosize = 0, tempsize = 0, incstack = 0, save=0
   146 ;;
   147 ;; *************** function _main *****************
   148 ;; Defined at:
   149 ;;		line 25 in file "Lab5_7Seg.c"
   150 ;; Parameters:    Size  Location     Type
   151 ;;		None
   152 ;; Auto vars:     Size  Location     Type
   153 ;;  i               2    6[COMRAM] int 
   154 ;;  i               2    4[COMRAM] int 
   155 ;;  i               2    2[COMRAM] int 
   156 ;;  i               2    8[COMRAM] int 
   157 ;; Return value:  Size  Location     Type
   158 ;;		None               void
   159 ;; Registers used:
   160 ;;		wreg, fsr2l, fsr2h, status,2, status,0, prodl, prodh, cstack
   161 ;; Tracked objects:
   162 ;;		On entry : 0/0
   163 ;;		On exit  : 0/0
   164 ;;		Unchanged: 0/0
   165 ;; Data sizes:     COMRAM   BANK0   BANK1   BANK2   BANK3   BANK4   BANK5   BANK6   BANK7   BANK8   BANK9  BANK10  BANK1
      +1  BANK12  BANK13  BANK14  BANK15
   166 ;;      Params:         0       0       0       0       0       0       0       0       0       0       0       0       
      +0       0       0       0       0
   167 ;;      Locals:         8       0       0       0       0       0       0       0       0       0       0       0       
      +0       0       0       0       0
   168 ;;      Temps:          0       0       0       0       0       0       0       0       0       0       0       0       
      +0       0       0       0       0
   169 ;;      Totals:         8       0       0       0       0       0       0       0       0       0       0       0       
      +0       0       0       0       0
   170 ;;Total ram usage:        8 bytes
   171 ;; Hardware stack levels required when called:    1
   172 ;; This function calls:
   173 ;;		_Display_Lower_Digit
   174 ;;		_Display_Upper_Digit
   175 ;;		_Init_ADC
   176 ;;		_WAIT_1_SEC
   177 ;; This function is called by:
   178 ;;		Startup code after reset
   179 ;; This function uses a non-reentrant model
   180 ;;
   181                           
   182                           	psect	text0
   183  00FEF8                     __ptext0:
   184                           	opt stack 0
   185  00FEF8                     _main:
   186                           	opt stack 30
   187                           
   188                           ;Lab5_7Seg.c: 28: Init_ADC();
   189                           
   190                           ;incstack = 0
   191  00FEF8  EC21  F07F         	call	_Init_ADC	;wreg free
   192                           
   193                           ;Lab5_7Seg.c: 29: TRISA = 0x0F;
   194  00FEFC  0E0F               	movlw	15
   195  00FEFE  6E92               	movwf	3986,c	;volatile
   196                           
   197                           ;Lab5_7Seg.c: 30: TRISB = 0x00;
   198  00FF00  0E00               	movlw	0
   199  00FF02  6E93               	movwf	3987,c	;volatile
   200                           
   201                           ;Lab5_7Seg.c: 31: TRISC = 0x00;
   202  00FF04  0E00               	movlw	0
   203  00FF06  6E94               	movwf	3988,c	;volatile
   204                           
   205                           ;Lab5_7Seg.c: 32: TRISC = 0x00;
   206  00FF08  0E00               	movlw	0
   207  00FF0A  6E94               	movwf	3988,c	;volatile
   208                           
   209                           ;Lab5_7Seg.c: 33: TRISD = 0x00;
   210  00FF0C  0E00               	movlw	0
   211  00FF0E  6E95               	movwf	3989,c	;volatile
   212                           
   213                           ;Lab5_7Seg.c: 34: TRISE = 0x00;
   214  00FF10  0E00               	movlw	0
   215  00FF12  6E96               	movwf	3990,c	;volatile
   216  00FF14  D000               	goto	l680
   217  00FF16                     l680:
   218                           
   219                           ;Lab5_7Seg.c: 37: {
   220                           ;Lab5_7Seg.c: 38: PORTA = 0x00;
   221  00FF16  0E00               	movlw	0
   222  00FF18  6E80               	movwf	3968,c	;volatile
   223                           
   224                           ;Lab5_7Seg.c: 39: PORTB = 0x00;
   225  00FF1A  0E00               	movlw	0
   226  00FF1C  6E81               	movwf	3969,c	;volatile
   227                           
   228                           ;Lab5_7Seg.c: 40: PORTC = 0xFF;
   229  00FF1E  6882               	setf	3970,c	;volatile
   230                           
   231                           ;Lab5_7Seg.c: 41: PORTD = 0xFF;
   232  00FF20  6883               	setf	3971,c	;volatile
   233                           
   234                           ;Lab5_7Seg.c: 42: PORTE = 0xFF;
   235  00FF22  6884               	setf	3972,c	;volatile
   236                           
   237                           ;Lab5_7Seg.c: 44: for (int i=0; i<10; i++)
   238  00FF24  0E00               	movlw	0
   239  00FF26  6E14               	movwf	main@i+1,c
   240  00FF28  0E00               	movlw	0
   241  00FF2A  6E13               	movwf	main@i,c
   242  00FF2C  BE14               	btfsc	main@i+1,7,c
   243  00FF2E  D008               	goto	l696
   244  00FF30  5014               	movf	main@i+1,w,c
   245  00FF32  E115               	bnz	l42
   246  00FF34  0E0A               	movlw	10
   247  00FF36  5C13               	subwf	main@i,w,c
   248  00FF38  B0D8               	btfsc	status,0,c
   249  00FF3A  D011               	goto	l42
   250  00FF3C  D001               	goto	l696
   251  00FF3E  D00F               	goto	l42
   252  00FF40                     l696:
   253                           
   254                           ;Lab5_7Seg.c: 45: {
   255                           ;Lab5_7Seg.c: 46: Display_Upper_Digit(i);
   256  00FF40  5013               	movf	main@i,w,c
   257  00FF42  EC5C  F07F         	call	_Display_Upper_Digit
   258                           
   259                           ;Lab5_7Seg.c: 47: Display_Lower_Digit(i);
   260  00FF46  5013               	movf	main@i,w,c
   261  00FF48  EC2B  F07F         	call	_Display_Lower_Digit
   262                           
   263                           ;Lab5_7Seg.c: 48: WAIT_1_SEC();
   264  00FF4C  EC37  F07F         	call	_WAIT_1_SEC	;wreg free
   265  00FF50  4A13               	infsnz	main@i,f,c
   266  00FF52  2A14               	incf	main@i+1,f,c
   267  00FF54  BE14               	btfsc	main@i+1,7,c
   268  00FF56  D7F4               	goto	l696
   269  00FF58  5014               	movf	main@i+1,w,c
   270  00FF5A  E101               	bnz	u50
   271  00FF5C  D7EB               	goto	L1
   272  00FF5E                     u50:
   273  00FF5E                     l42:
   274                           
   275                           ;Lab5_7Seg.c: 49: }
   276                           ;Lab5_7Seg.c: 50: PORTC = 0xFF;
   277  00FF5E  6882               	setf	3970,c	;volatile
   278                           
   279                           ;Lab5_7Seg.c: 51: PORTD = 0xFF;
   280  00FF60  6883               	setf	3971,c	;volatile
   281                           
   282                           ;Lab5_7Seg.c: 52: PORTE = 0xFF;
   283  00FF62  6884               	setf	3972,c	;volatile
   284                           
   285                           ;Lab5_7Seg.c: 54: for (int i=0; i<8; i++)
   286  00FF64  0E00               	movlw	0
   287  00FF66  6E0E               	movwf	main@i_53+1,c
   288  00FF68  0E00               	movlw	0
   289  00FF6A  6E0D               	movwf	main@i_53,c
   290  00FF6C                     l706:
   291  00FF6C  BE0E               	btfsc	main@i_53+1,7,c
   292  00FF6E  D008               	goto	l43
   293  00FF70  500E               	movf	main@i_53+1,w,c
   294  00FF72  E10E               	bnz	l716
   295  00FF74  0E08               	movlw	8
   296  00FF76  5C0D               	subwf	main@i_53,w,c
   297  00FF78  B0D8               	btfsc	status,0,c
   298  00FF7A  D00A               	goto	l716
   299  00FF7C  D001               	goto	l43
   300  00FF7E  D008               	goto	l716
   301  00FF80                     l43:
   302                           
   303                           ;Lab5_7Seg.c: 55: {
   304                           ;Lab5_7Seg.c: 56: PORTB = i;
   305  00FF80  C00D  FF81         	movff	main@i_53,3969	;volatile
   306                           
   307                           ;Lab5_7Seg.c: 57: WAIT_1_SEC();
   308  00FF84  EC37  F07F         	call	_WAIT_1_SEC	;wreg free
   309  00FF88  4A0D               	infsnz	main@i_53,f,c
   310  00FF8A  2A0E               	incf	main@i_53+1,f,c
   311  00FF8C  D7EF               	goto	l706
   312  00FF8E  D000               	goto	l716
   313  00FF90                     l716:
   314                           
   315                           ;Lab5_7Seg.c: 58: }
   316                           ;Lab5_7Seg.c: 59: PORTB = 0x00;
   317  00FF90  0E00               	movlw	0
   318  00FF92  6E81               	movwf	3969,c	;volatile
   319                           
   320                           ;Lab5_7Seg.c: 61: for (int i=0; i<8; i++)
   321  00FF94  0E00               	movlw	0
   322  00FF96  6E10               	movwf	main@i_54+1,c
   323  00FF98  0E00               	movlw	0
   324  00FF9A  6E0F               	movwf	main@i_54,c
   325  00FF9C                     l718:
   326  00FF9C  BE10               	btfsc	main@i_54+1,7,c
   327  00FF9E  D008               	goto	l722
   328  00FFA0  5010               	movf	main@i_54+1,w,c
   329  00FFA2  E110               	bnz	l730
   330  00FFA4  0E08               	movlw	8
   331  00FFA6  5C0F               	subwf	main@i_54,w,c
   332  00FFA8  B0D8               	btfsc	status,0,c
   333  00FFAA  D00C               	goto	l730
   334  00FFAC  D001               	goto	l722
   335  00FFAE  D00A               	goto	l730
   336  00FFB0                     l722:
   337                           
   338                           ;Lab5_7Seg.c: 62: {
   339                           ;Lab5_7Seg.c: 63: PORTB = i<<5;
   340  00FFB0  380F               	swapf	main@i_54,w,c
   341  00FFB2  46E8               	rlncf	wreg,f,c
   342  00FFB4  0BE0               	andlw	224
   343  00FFB6  6E81               	movwf	3969,c	;volatile
   344                           
   345                           ;Lab5_7Seg.c: 64: WAIT_1_SEC();
   346  00FFB8  EC37  F07F         	call	_WAIT_1_SEC	;wreg free
   347  00FFBC  4A0F               	infsnz	main@i_54,f,c
   348  00FFBE  2A10               	incf	main@i_54+1,f,c
   349  00FFC0  D7ED               	goto	l718
   350  00FFC2  D000               	goto	l730
   351  00FFC4                     l730:
   352                           
   353                           ;Lab5_7Seg.c: 65: }
   354                           ;Lab5_7Seg.c: 66: PORTB = 0x00;
   355  00FFC4  0E00               	movlw	0
   356  00FFC6  6E81               	movwf	3969,c	;volatile
   357                           
   358                           ;Lab5_7Seg.c: 68: for (int i=0; i<4; i++)
   359  00FFC8  0E00               	movlw	0
   360  00FFCA  6E12               	movwf	main@i_55+1,c
   361  00FFCC  0E00               	movlw	0
   362  00FFCE  6E11               	movwf	main@i_55,c
   363  00FFD0                     l732:
   364  00FFD0  BE12               	btfsc	main@i_55+1,7,c
   365  00FFD2  D008               	goto	l736
   366  00FFD4  5012               	movf	main@i_55+1,w,c
   367  00FFD6  E10F               	bnz	l744
   368  00FFD8  0E04               	movlw	4
   369  00FFDA  5C11               	subwf	main@i_55,w,c
   370  00FFDC  B0D8               	btfsc	status,0,c
   371  00FFDE  D00B               	goto	l744
   372  00FFE0  D001               	goto	l736
   373  00FFE2  D009               	goto	l744
   374  00FFE4                     l736:
   375                           
   376                           ;Lab5_7Seg.c: 69: {
   377                           ;Lab5_7Seg.c: 70: PORTA = i<<4;
   378  00FFE4  3811               	swapf	main@i_55,w,c
   379  00FFE6  0BF0               	andlw	240
   380  00FFE8  6E80               	movwf	3968,c	;volatile
   381                           
   382                           ;Lab5_7Seg.c: 71: WAIT_1_SEC();
   383  00FFEA  EC37  F07F         	call	_WAIT_1_SEC	;wreg free
   384  00FFEE  4A11               	infsnz	main@i_55,f,c
   385  00FFF0  2A12               	incf	main@i_55+1,f,c
   386  00FFF2  D7EE               	goto	l732
   387  00FFF4  D000               	goto	l744
   388  00FFF6                     l744:
   389                           
   390                           ;Lab5_7Seg.c: 72: }
   391                           ;Lab5_7Seg.c: 73: PORTA = 0x00;
   392  00FFF6  0E00               	movlw	0
   393  00FFF8  6E80               	movwf	3968,c	;volatile
   394  00FFFA  D78D               	goto	l680
   395  00FFFC  EF00  F000         	goto	start
   396  010000                     __end_of_main:
   397                           	opt stack 0
   398                           tblptru	equ	0xFF8
   399                           tblptrh	equ	0xFF7
   400                           tblptrl	equ	0xFF6
   401                           tablat	equ	0xFF5
   402                           postinc0	equ	0xFEE
   403                           wreg	equ	0xFE8
   404                           postdec1	equ	0xFE5
   405                           fsr1l	equ	0xFE1
   406                           status	equ	0xFD8
   407                           
   408 ;; *************** function _WAIT_1_SEC *****************
   409 ;; Defined at:
   410 ;;		line 18 in file "Lab5_7Seg.c"
   411 ;; Parameters:    Size  Location     Type
   412 ;;		None
   413 ;; Auto vars:     Size  Location     Type
   414 ;;  j               2    0[COMRAM] int 
   415 ;; Return value:  Size  Location     Type
   416 ;;		None               void
   417 ;; Registers used:
   418 ;;		wreg, status,2, status,0
   419 ;; Tracked objects:
   420 ;;		On entry : 0/0
   421 ;;		On exit  : 0/0
   422 ;;		Unchanged: 0/0
   423 ;; Data sizes:     COMRAM   BANK0   BANK1   BANK2   BANK3   BANK4   BANK5   BANK6   BANK7   BANK8   BANK9  BANK10  BANK1
      +1  BANK12  BANK13  BANK14  BANK15
   424 ;;      Params:         0       0       0       0       0       0       0       0       0       0       0       0       
      +0       0       0       0       0
   425 ;;      Locals:         2       0       0       0       0       0       0       0       0       0       0       0       
      +0       0       0       0       0
   426 ;;      Temps:          0       0       0       0       0       0       0       0       0       0       0       0       
      +0       0       0       0       0
   427 ;;      Totals:         2       0       0       0       0       0       0       0       0       0       0       0       
      +0       0       0       0       0
   428 ;;Total ram usage:        2 bytes
   429 ;; Hardware stack levels used:    1
   430 ;; This function calls:
   431 ;;		Nothing
   432 ;; This function is called by:
   433 ;;		_main
   434 ;; This function uses a non-reentrant model
   435 ;;
   436                           
   437                           	psect	text1
   438  00FE6E                     __ptext1:
   439                           	opt stack 0
   440  00FE6E                     _WAIT_1_SEC:
   441                           	opt stack 30
   442                           
   443                           ;Lab5_7Seg.c: 20: for (int j=0; j<17000; j++);
   444                           
   445                           ;incstack = 0
   446  00FE6E  0E00               	movlw	0
   447  00FE70  6E0C               	movwf	WAIT_1_SEC@j+1,c
   448  00FE72  0E00               	movlw	0
   449  00FE74  6E0B               	movwf	WAIT_1_SEC@j,c
   450  00FE76                     l646:
   451  00FE76  BE0C               	btfsc	WAIT_1_SEC@j+1,7,c
   452  00FE78  D008               	goto	l650
   453  00FE7A  0E68               	movlw	104
   454  00FE7C  5C0B               	subwf	WAIT_1_SEC@j,w,c
   455  00FE7E  0E42               	movlw	66
   456  00FE80  580C               	subwfb	WAIT_1_SEC@j+1,w,c
   457  00FE82  B0D8               	btfsc	status,0,c
   458  00FE84  D005               	goto	l35
   459  00FE86  D001               	goto	l650
   460  00FE88  D003               	goto	l35
   461  00FE8A                     l650:
   462  00FE8A  4A0B               	infsnz	WAIT_1_SEC@j,f,c
   463  00FE8C  2A0C               	incf	WAIT_1_SEC@j+1,f,c
   464  00FE8E  D7F3               	goto	l646
   465  00FE90                     l35:
   466  00FE90  0012               	return		;funcret
   467  00FE92                     __end_of_WAIT_1_SEC:
   468                           	opt stack 0
   469                           tblptru	equ	0xFF8
   470                           tblptrh	equ	0xFF7
   471                           tblptrl	equ	0xFF6
   472                           tablat	equ	0xFF5
   473                           postinc0	equ	0xFEE
   474                           wreg	equ	0xFE8
   475                           postdec1	equ	0xFE5
   476                           fsr1l	equ	0xFE1
   477                           status	equ	0xFD8
   478                           
   479 ;; *************** function _Init_ADC *****************
   480 ;; Defined at:
   481 ;;		line 77 in file "Lab5_7Seg.c"
   482 ;; Parameters:    Size  Location     Type
   483 ;;		None
   484 ;; Auto vars:     Size  Location     Type
   485 ;;		None
   486 ;; Return value:  Size  Location     Type
   487 ;;		None               void
   488 ;; Registers used:
   489 ;;		wreg, status,2
   490 ;; Tracked objects:
   491 ;;		On entry : 0/0
   492 ;;		On exit  : 0/0
   493 ;;		Unchanged: 0/0
   494 ;; Data sizes:     COMRAM   BANK0   BANK1   BANK2   BANK3   BANK4   BANK5   BANK6   BANK7   BANK8   BANK9  BANK10  BANK1
      +1  BANK12  BANK13  BANK14  BANK15
   495 ;;      Params:         0       0       0       0       0       0       0       0       0       0       0       0       
      +0       0       0       0       0
   496 ;;      Locals:         0       0       0       0       0       0       0       0       0       0       0       0       
      +0       0       0       0       0
   497 ;;      Temps:          0       0       0       0       0       0       0       0       0       0       0       0       
      +0       0       0       0       0
   498 ;;      Totals:         0       0       0       0       0       0       0       0       0       0       0       0       
      +0       0       0       0       0
   499 ;;Total ram usage:        0 bytes
   500 ;; Hardware stack levels used:    1
   501 ;; This function calls:
   502 ;;		Nothing
   503 ;; This function is called by:
   504 ;;		_main
   505 ;; This function uses a non-reentrant model
   506 ;;
   507                           
   508                           	psect	text2
   509  00FE42                     __ptext2:
   510                           	opt stack 0
   511  00FE42                     _Init_ADC:
   512                           	opt stack 30
   513                           
   514                           ;Lab5_7Seg.c: 79: ADCON1 = 0x1B;
   515                           
   516                           ;incstack = 0
   517  00FE42  0E1B               	movlw	27
   518  00FE44  6EC1               	movwf	4033,c	;volatile
   519                           
   520                           ;Lab5_7Seg.c: 80: ADCON2 = 0xA9;
   521  00FE46  0EA9               	movlw	169
   522  00FE48  6EC0               	movwf	4032,c	;volatile
   523  00FE4A  0012               	return		;funcret
   524  00FE4C                     __end_of_Init_ADC:
   525                           	opt stack 0
   526                           tblptru	equ	0xFF8
   527                           tblptrh	equ	0xFF7
   528                           tblptrl	equ	0xFF6
   529                           tablat	equ	0xFF5
   530                           postinc0	equ	0xFEE
   531                           wreg	equ	0xFE8
   532                           postdec1	equ	0xFE5
   533                           fsr1l	equ	0xFE1
   534                           status	equ	0xFD8
   535                           
   536 ;; *************** function _Display_Upper_Digit *****************
   537 ;; Defined at:
   538 ;;		line 83 in file "Lab5_7Seg.c"
   539 ;; Parameters:    Size  Location     Type
   540 ;;  digit           1    wreg     unsigned char 
   541 ;; Auto vars:     Size  Location     Type
   542 ;;  digit           1    1[COMRAM] unsigned char 
   543 ;;  PE              1    0[COMRAM] unsigned char 
   544 ;; Return value:  Size  Location     Type
   545 ;;		None               void
   546 ;; Registers used:
   547 ;;		wreg, fsr2l, fsr2h, status,2, status,0, prodl, prodh
   548 ;; Tracked objects:
   549 ;;		On entry : 0/0
   550 ;;		On exit  : 0/0
   551 ;;		Unchanged: 0/0
   552 ;; Data sizes:     COMRAM   BANK0   BANK1   BANK2   BANK3   BANK4   BANK5   BANK6   BANK7   BANK8   BANK9  BANK10  BANK1
      +1  BANK12  BANK13  BANK14  BANK15
   553 ;;      Params:         0       0       0       0       0       0       0       0       0       0       0       0       
      +0       0       0       0       0
   554 ;;      Locals:         2       0       0       0       0       0       0       0       0       0       0       0       
      +0       0       0       0       0
   555 ;;      Temps:          0       0       0       0       0       0       0       0       0       0       0       0       
      +0       0       0       0       0
   556 ;;      Totals:         2       0       0       0       0       0       0       0       0       0       0       0       
      +0       0       0       0       0
   557 ;;Total ram usage:        2 bytes
   558 ;; Hardware stack levels used:    1
   559 ;; This function calls:
   560 ;;		Nothing
   561 ;; This function is called by:
   562 ;;		_main
   563 ;; This function uses a non-reentrant model
   564 ;;
   565                           
   566                           	psect	text3
   567  00FEB8                     __ptext3:
   568                           	opt stack 0
   569  00FEB8                     _Display_Upper_Digit:
   570                           	opt stack 30
   571                           
   572                           ;incstack = 0
   573                           ;Display_Upper_Digit@digit stored from wreg
   574  00FEB8  6E0C               	movwf	Display_Upper_Digit@digit,c
   575                           
   576                           ;Lab5_7Seg.c: 85: PORTC = array[digit] & 0x3F;
   577  00FEBA  500C               	movf	Display_Upper_Digit@digit,w,c
   578  00FEBC  0D01               	mullw	1
   579  00FEBE  0E01               	movlw	low _array
   580  00FEC0  24F3               	addwf	prodl,w,c
   581  00FEC2  6ED9               	movwf	fsr2l,c
   582  00FEC4  0E00               	movlw	high _array
   583  00FEC6  20F4               	addwfc	prodh,w,c
   584  00FEC8  6EDA               	movwf	fsr2h,c
   585  00FECA  50DF               	movf	indf2,w,c
   586  00FECC  0B3F               	andlw	63
   587  00FECE  6E82               	movwf	3970,c	;volatile
   588                           
   589                           ;Lab5_7Seg.c: 86: char PE = array[digit] & 0x40;
   590  00FED0  500C               	movf	Display_Upper_Digit@digit,w,c
   591  00FED2  0D01               	mullw	1
   592  00FED4  0E01               	movlw	low _array
   593  00FED6  24F3               	addwf	prodl,w,c
   594  00FED8  6ED9               	movwf	fsr2l,c
   595  00FEDA  0E00               	movlw	high _array
   596  00FEDC  20F4               	addwfc	prodh,w,c
   597  00FEDE  6EDA               	movwf	fsr2h,c
   598  00FEE0  50DF               	movf	indf2,w,c
   599  00FEE2  0B40               	andlw	64
   600  00FEE4  6E0B               	movwf	Display_Upper_Digit@PE,c
   601                           
   602                           ;Lab5_7Seg.c: 87: if (PE == 0) PORTE = 0x00;
   603  00FEE6  500B               	movf	Display_Upper_Digit@PE,w,c
   604  00FEE8  A4D8               	btfss	status,2,c
   605  00FEEA  D002               	goto	l662
   606  00FEEC  0E00               	movlw	0
   607  00FEEE  D001               	goto	L2
   608  00FEF0                     l662:
   609                           
   610                           ;Lab5_7Seg.c: 88: else PORTE = 0x03;
   611  00FEF0  0E03               	movlw	3
   612  00FEF2                     L2:
   613  00FEF2  6E84               	movwf	3972,c	;volatile
   614  00FEF4  D000               	goto	l59
   615  00FEF6                     l59:
   616  00FEF6  0012               	return		;funcret
   617  00FEF8                     __end_of_Display_Upper_Digit:
   618                           	opt stack 0
   619                           tblptru	equ	0xFF8
   620                           tblptrh	equ	0xFF7
   621                           tblptrl	equ	0xFF6
   622                           tablat	equ	0xFF5
   623                           prodh	equ	0xFF4
   624                           prodl	equ	0xFF3
   625                           postinc0	equ	0xFEE
   626                           wreg	equ	0xFE8
   627                           postdec1	equ	0xFE5
   628                           fsr1l	equ	0xFE1
   629                           indf2	equ	0xFDF
   630                           fsr2h	equ	0xFDA
   631                           fsr2l	equ	0xFD9
   632                           status	equ	0xFD8
   633                           
   634 ;; *************** function _Display_Lower_Digit *****************
   635 ;; Defined at:
   636 ;;		line 91 in file "Lab5_7Seg.c"
   637 ;; Parameters:    Size  Location     Type
   638 ;;  digit           1    wreg     unsigned char 
   639 ;; Auto vars:     Size  Location     Type
   640 ;;  digit           1    0[COMRAM] unsigned char 
   641 ;; Return value:  Size  Location     Type
   642 ;;		None               void
   643 ;; Registers used:
   644 ;;		wreg, fsr2l, fsr2h, status,2, status,0, prodl, prodh
   645 ;; Tracked objects:
   646 ;;		On entry : 0/0
   647 ;;		On exit  : 0/0
   648 ;;		Unchanged: 0/0
   649 ;; Data sizes:     COMRAM   BANK0   BANK1   BANK2   BANK3   BANK4   BANK5   BANK6   BANK7   BANK8   BANK9  BANK10  BANK1
      +1  BANK12  BANK13  BANK14  BANK15
   650 ;;      Params:         0       0       0       0       0       0       0       0       0       0       0       0       
      +0       0       0       0       0
   651 ;;      Locals:         1       0       0       0       0       0       0       0       0       0       0       0       
      +0       0       0       0       0
   652 ;;      Temps:          0       0       0       0       0       0       0       0       0       0       0       0       
      +0       0       0       0       0
   653 ;;      Totals:         1       0       0       0       0       0       0       0       0       0       0       0       
      +0       0       0       0       0
   654 ;;Total ram usage:        1 bytes
   655 ;; Hardware stack levels used:    1
   656 ;; This function calls:
   657 ;;		Nothing
   658 ;; This function is called by:
   659 ;;		_main
   660 ;; This function uses a non-reentrant model
   661 ;;
   662                           
   663                           	psect	text4
   664  00FE56                     __ptext4:
   665                           	opt stack 0
   666  00FE56                     _Display_Lower_Digit:
   667                           	opt stack 30
   668                           
   669                           ;incstack = 0
   670                           ;Display_Lower_Digit@digit stored from wreg
   671  00FE56  6E0B               	movwf	Display_Lower_Digit@digit,c
   672                           
   673                           ;Lab5_7Seg.c: 93: PORTD = array[digit];
   674  00FE58  500B               	movf	Display_Lower_Digit@digit,w,c
   675  00FE5A  0D01               	mullw	1
   676  00FE5C  0E01               	movlw	low _array
   677  00FE5E  24F3               	addwf	prodl,w,c
   678  00FE60  6ED9               	movwf	fsr2l,c
   679  00FE62  0E00               	movlw	high _array
   680  00FE64  20F4               	addwfc	prodh,w,c
   681  00FE66  6EDA               	movwf	fsr2h,c
   682  00FE68  50DF               	movf	indf2,w,c
   683  00FE6A  6E83               	movwf	3971,c	;volatile
   684  00FE6C  0012               	return		;funcret
   685  00FE6E                     __end_of_Display_Lower_Digit:
   686                           	opt stack 0
   687  0000                     tblptru	equ	0xFF8
   688                           tblptrh	equ	0xFF7
   689                           tblptrl	equ	0xFF6
   690                           tablat	equ	0xFF5
   691                           prodh	equ	0xFF4
   692                           prodl	equ	0xFF3
   693                           postinc0	equ	0xFEE
   694                           wreg	equ	0xFE8
   695                           postdec1	equ	0xFE5
   696                           fsr1l	equ	0xFE1
   697                           indf2	equ	0xFDF
   698                           fsr2h	equ	0xFDA
   699                           fsr2l	equ	0xFD9
   700                           status	equ	0xFD8
   701                           tblptru	equ	0xFF8
   702                           tblptrh	equ	0xFF7
   703                           tblptrl	equ	0xFF6
   704                           tablat	equ	0xFF5
   705                           prodh	equ	0xFF4
   706                           prodl	equ	0xFF3
   707                           postinc0	equ	0xFEE
   708                           wreg	equ	0xFE8
   709                           postdec1	equ	0xFE5
   710                           fsr1l	equ	0xFE1
   711                           indf2	equ	0xFDF
   712                           fsr2h	equ	0xFDA
   713                           fsr2l	equ	0xFD9
   714                           status	equ	0xFD8
   715                           
   716                           	psect	rparam
   717  0000                     tblptru	equ	0xFF8
   718                           tblptrh	equ	0xFF7
   719                           tblptrl	equ	0xFF6
   720                           tablat	equ	0xFF5
   721                           prodh	equ	0xFF4
   722                           prodl	equ	0xFF3
   723                           postinc0	equ	0xFEE
   724                           wreg	equ	0xFE8
   725                           postdec1	equ	0xFE5
   726                           fsr1l	equ	0xFE1
   727                           indf2	equ	0xFDF
   728                           fsr2h	equ	0xFDA
   729                           fsr2l	equ	0xFD9
   730                           status	equ	0xFD8


Data Sizes:
    Strings     0
    Constant    0
    Data        10
    BSS         0
    Persistent  0
    Stack       0

Auto Spaces:
    Space          Size  Autos    Used
    COMRAM          127     10      20
    BANK0           128      0       0
    BANK1           256      0       0
    BANK2           256      0       0
    BANK3           256      0       0
    BANK4           256      0       0
    BANK5           256      0       0
    BANK6           256      0       0
    BANK7           256      0       0
    BANK8           256      0       0
    BANK9           256      0       0
    BANK10          256      0       0
    BANK11          256      0       0
    BANK12          256      0       0
    BANK13          256      0       0
    BANK14          256      0       0
    BANK15          128      0       0

Pointer List with Targets:

    None.

Critical Paths under _main in COMRAM

    _main->_Display_Upper_Digit
    _main->_WAIT_1_SEC

Critical Paths under _main in BANK0

    None.

Critical Paths under _main in BANK1

    None.

Critical Paths under _main in BANK2

    None.

Critical Paths under _main in BANK3

    None.

Critical Paths under _main in BANK4

    None.

Critical Paths under _main in BANK5

    None.

Critical Paths under _main in BANK6

    None.

Critical Paths under _main in BANK7

    None.

Critical Paths under _main in BANK8

    None.

Critical Paths under _main in BANK9

    None.

Critical Paths under _main in BANK10

    None.

Critical Paths under _main in BANK11

    None.

Critical Paths under _main in BANK12

    None.

Critical Paths under _main in BANK13

    None.

Critical Paths under _main in BANK14

    None.

Critical Paths under _main in BANK15

    None.

Call Graph Tables:

 ---------------------------------------------------------------------------------
 (Depth) Function   	        Calls       Base Space   Used Autos Params    Refs
 ---------------------------------------------------------------------------------
 (0) _main                                                 8     8      0     285
                                              2 COMRAM     8     8      0
                _Display_Lower_Digit
                _Display_Upper_Digit
                           _Init_ADC
                         _WAIT_1_SEC
 ---------------------------------------------------------------------------------
 (1) _WAIT_1_SEC                                           2     2      0      30
                                              0 COMRAM     2     2      0
 ---------------------------------------------------------------------------------
 (1) _Init_ADC                                             0     0      0       0
 ---------------------------------------------------------------------------------
 (1) _Display_Upper_Digit                                  2     2      0      45
                                              0 COMRAM     2     2      0
 ---------------------------------------------------------------------------------
 (1) _Display_Lower_Digit                                  1     1      0      15
                                              0 COMRAM     1     1      0
 ---------------------------------------------------------------------------------
 Estimated maximum stack depth 1
 ---------------------------------------------------------------------------------

 Call Graph Graphs:

 _main (ROOT)
   _Display_Lower_Digit
   _Display_Upper_Digit
   _Init_ADC
   _WAIT_1_SEC

 Address spaces:
Name               Size   Autos  Total    Cost      Usage
BIGRAM             F7F      0       0      37        0.0%
EEDATA             400      0       0       0        0.0%
BITBANK14          100      0       0      32        0.0%
BANK14             100      0       0      33        0.0%
BITBANK13          100      0       0      30        0.0%
BANK13             100      0       0      31        0.0%
BITBANK12          100      0       0      28        0.0%
BANK12             100      0       0      29        0.0%
BITBANK11          100      0       0      26        0.0%
BANK11             100      0       0      27        0.0%
BITBANK10          100      0       0      24        0.0%
BANK10             100      0       0      25        0.0%
BITBANK9           100      0       0      22        0.0%
BANK9              100      0       0      23        0.0%
BITBANK8           100      0       0      20        0.0%
BANK8              100      0       0      21        0.0%
BITBANK7           100      0       0      18        0.0%
BANK7              100      0       0      19        0.0%
BITBANK6           100      0       0      16        0.0%
BANK6              100      0       0      17        0.0%
BITBANK5           100      0       0      14        0.0%
BANK5              100      0       0      15        0.0%
BITBANK4           100      0       0      12        0.0%
BANK4              100      0       0      13        0.0%
BITBANK3           100      0       0      10        0.0%
BANK3              100      0       0      11        0.0%
BITBANK2           100      0       0       8        0.0%
BANK2              100      0       0       9        0.0%
BITBANK1           100      0       0       6        0.0%
BANK1              100      0       0       7        0.0%
BITBANK15           80      0       0      35        0.0%
BANK15              80      0       0      36        0.0%
BITBANK0            80      0       0       4        0.0%
BANK0               80      0       0       5        0.0%
BITCOMRAM           7F      0       0       0        0.0%
COMRAM              7F      A      14       1       15.7%
BITSFR               0      0       0      40        0.0%
SFR                  0      0       0      40        0.0%
STACK                0      0       0       2        0.0%
NULL                 0      0       0       0        0.0%
ABS                  0      0      14      34        0.0%
DATA                 0      0      14       3        0.0%
CODE                 0      0       0       0        0.0%


Microchip Technology PIC18 Macro Assembler V1.34 build -361300703 
Symbol Table                                                                                   Thu Mar 10 00:37:34 2022

                          l42 FF5E                            l35 FE90                            l43 FF80  
                          l59 FEF6                            u50 FF5E                           l650 FE8A  
                         l730 FFC4                           l722 FFB0                           l706 FF6C  
                         l732 FFD0                           l716 FF90                           l662 FEF0  
                         l646 FE76                           l718 FF9C                           l744 FFF6  
                         l736 FFE4                           l680 FF16                           l696 FF40  
                         prod 000FF3                           wreg 000FE8                  __CFG_LVP$OFF 000000  
                __CFG_WDT$OFF 000000                          _main FEF8                          fsr1l 000FE1  
                        indf2 000FDF                          fsr2l 000FD9                          prodl 000FF3  
                        start 0000                  ___param_bank 000010                   ?_WAIT_1_SEC 000B  
                       ?_main 000B                         _PORTA 000F80                         _PORTB 000F81  
                       _PORTC 000F82                         _PORTD 000F83                         _PORTE 000F84  
                       _TRISA 000F92                         _TRISB 000F93                         _TRISC 000F94  
                       _TRISD 000F95                         _TRISE 000F96                         _array 0001  
                       main@i 0013                __CFG_BOREN$OFF 000000                         tablat 000FF5  
                       status 000FD8               __initialization FE92                  __end_of_main 0000  
    Display_Lower_Digit@digit 000B              __end_of_Init_ADC FE4C                        ??_main 000D  
               __activetblptr 000000   __end_of_Display_Lower_Digit FE6E                        _ADCON1 000FC1  
                      _ADCON2 000FC0           __size_of_WAIT_1_SEC 0024         Display_Upper_Digit@PE 000B  
                __pdataCOMRAM 0001                        tblptrh 000FF7                        tblptrl 000FF6  
                      tblptru 000FF8                    __accesstop 0080       __end_of__initialization FEB2  
               ___rparam_used 000001                __pcstackCOMRAM 000B   __end_of_Display_Upper_Digit FEF8  
                   ?_Init_ADC 000B                  ??_WAIT_1_SEC 000B                   WAIT_1_SEC@j 000B  
                  ??_Init_ADC 000B            __end_of_WAIT_1_SEC FE92                       __Hparam 0000  
                     __Lparam 0000                       __pcinit FE92                       __ramtop 1000  
                     __ptext0 FEF8                       __ptext1 FE6E                       __ptext2 FE42  
                     __ptext3 FEB8                       __ptext4 FE56          end_of_initialization FEB2  
                     postdec1 000FE5                       postinc0 000FEE  __size_of_Display_Lower_Digit 0018  
    Display_Upper_Digit@digit 000C                 __pidataCOMRAM FE4C           start_initialization FE92  
            __CFG_OSC$INTIO67 000000             __size_of_Init_ADC 000A  __size_of_Display_Upper_Digit 0040  
         _Display_Lower_Digit FE56                     copy_data0 FEA6                      _Init_ADC FE42  
        ?_Display_Lower_Digit 000B                      __Hrparam 0000                      __Lrparam 0000  
       ??_Display_Lower_Digit 000B                 __size_of_main 0108                      main@i_53 000D  
                    main@i_54 000F                      main@i_55 0011           _Display_Upper_Digit FEB8  
        ?_Display_Upper_Digit 000B                    _WAIT_1_SEC FE6E         ??_Display_Upper_Digit 000B  
