

Microchip Technology PIC18 LITE Macro Assembler V1.34 build -361300703 
                                                                                               Tue Mar 01 10:58:37 2022

Microchip Technology Omniscient Code Generator (Lite mode) build 201502162209
     1                           	processor	18F4620
     2                           	fnconf	rparam,??,?,0
     3                           	opt	pw 120
     4                           	opt	lm
     5                           	psect	idataCOMRAM,global,class=CODE,delta=1
     6                           	psect	cinit,global,reloc=2,class=CODE,delta=1
     7                           	psect	dataCOMRAM,global,class=COMRAM,space=1,delta=1
     8                           	psect	cstackCOMRAM,global,class=COMRAM,space=1,delta=1
     9                           	psect	text0,global,reloc=2,class=CODE,delta=1
    10                           	psect	text1,global,reloc=2,class=CODE,delta=1
    11                           	psect	text2,global,reloc=2,class=CODE,delta=1
    12                           	psect	intsave_regs,global,class=BIGRAM,space=1,delta=1
    13                           	psect	rparam,global,class=COMRAM,space=1,delta=1
    14  0000                     
    15                           	psect	idataCOMRAM
    16  00FF4E                     __pidataCOMRAM:
    17                           	opt stack 0
    18                           
    19                           ;initializer for _array
    20  00FF4E  40                 	db	64
    21  00FF4F  79                 	db	121
    22  00FF50  24                 	db	36
    23  00FF51  30                 	db	48
    24  00FF52  19                 	db	25
    25  00FF53  12                 	db	18
    26  00FF54  02                 	db	2
    27  00FF55  78                 	db	120
    28  00FF56  00                 	db	0
    29  00FF57  18                 	db	24
    30  0000                     _PORTD	set	3971
    31  0000                     _TRISA	set	3986
    32  0000                     _TRISB	set	3987
    33  0000                     _TRISC	set	3988
    34  0000                     _TRISD	set	3989
    35  0000                     _TRISE	set	3990
    36                           
    37                           ; #config settings
    38  0000                     
    39                           	psect	cinit
    40  00FF94                     __pcinit:
    41                           	opt stack 0
    42  00FF94                     start_initialization:
    43                           	opt stack 0
    44  00FF94                     __initialization:
    45                           	opt stack 0
    46                           
    47                           ; Initialize objects allocated to COMRAM (10 bytes)
    48                           ; load TBLPTR registers with __pidataCOMRAM
    49  00FF94  0E4E               	movlw	low __pidataCOMRAM
    50  00FF96  6EF6               	movwf	tblptrl,c
    51  00FF98  0EFF               	movlw	high __pidataCOMRAM
    52  00FF9A  6EF7               	movwf	tblptrh,c
    53  00FF9C  0E00               	movlw	low (__pidataCOMRAM shr (0+16))
    54  00FF9E  6EF8               	movwf	tblptru,c
    55  00FFA0  EE00  F001         	lfsr	0,__pdataCOMRAM
    56  00FFA4  EE10 F00A          	lfsr	1,10
    57  00FFA8                     copy_data0:
    58  00FFA8  0009               	tblrd		*+
    59  00FFAA  CFF5 FFEE          	movff	tablat,postinc0
    60  00FFAE  50E5               	movf	postdec1,w,c
    61  00FFB0  50E1               	movf	fsr1l,w,c
    62  00FFB2  E1FA               	bnz	copy_data0
    63  00FFB4                     end_of_initialization:
    64                           	opt stack 0
    65  00FFB4                     __end_of__initialization:
    66                           	opt stack 0
    67  00FFB4  0100               	movlb	0
    68  00FFB6  EFDD  F07F         	goto	_main	;jump to C main() function
    69                           tblptru	equ	0xFF8
    70                           tblptrh	equ	0xFF7
    71                           tblptrl	equ	0xFF6
    72                           tablat	equ	0xFF5
    73                           postinc0	equ	0xFEE
    74                           postdec1	equ	0xFE5
    75                           fsr1l	equ	0xFE1
    76                           
    77                           	psect	dataCOMRAM
    78  000001                     __pdataCOMRAM:
    79                           	opt stack 0
    80  000001                     _array:
    81                           	opt stack 0
    82  000001                     	ds	10
    83                           tblptru	equ	0xFF8
    84                           tblptrh	equ	0xFF7
    85                           tblptrl	equ	0xFF6
    86                           tablat	equ	0xFF5
    87                           postinc0	equ	0xFEE
    88                           postdec1	equ	0xFE5
    89                           fsr1l	equ	0xFE1
    90                           
    91                           	psect	cstackCOMRAM
    92  00000B                     __pcstackCOMRAM:
    93                           	opt stack 0
    94  00000B                     Display_Lower_Digit@digit:
    95                           	opt stack 0
    96  00000B                     WAIT_1_SEC@j:
    97                           	opt stack 0
    98                           
    99                           ; 2 bytes @ 0x0
   100  00000B                     	ds	2
   101  00000D                     main@i:
   102                           	opt stack 0
   103                           
   104                           ; 2 bytes @ 0x2
   105  00000D                     	ds	2
   106                           tblptru	equ	0xFF8
   107                           tblptrh	equ	0xFF7
   108                           tblptrl	equ	0xFF6
   109                           tablat	equ	0xFF5
   110                           postinc0	equ	0xFEE
   111                           postdec1	equ	0xFE5
   112                           fsr1l	equ	0xFE1
   113                           
   114 ;;
   115 ;;Main: autosize = 0, tempsize = 0, incstack = 0, save=0
   116 ;;
   117 ;; *************** function _main *****************
   118 ;; Defined at:
   119 ;;		line 27 in file "Lab5p1.c"
   120 ;; Parameters:    Size  Location     Type
   121 ;;		None
   122 ;; Auto vars:     Size  Location     Type
   123 ;;  i               2    2[COMRAM] int 
   124 ;; Return value:  Size  Location     Type
   125 ;;		None               void
   126 ;; Registers used:
   127 ;;		wreg, fsr2l, fsr2h, status,2, status,0, prodl, prodh, cstack
   128 ;; Tracked objects:
   129 ;;		On entry : 0/0
   130 ;;		On exit  : 0/0
   131 ;;		Unchanged: 0/0
   132 ;; Data sizes:     COMRAM   BANK0   BANK1   BANK2   BANK3   BANK4   BANK5   BANK6   BANK7   BANK8   BANK9  BANK10  BANK1
      +1  BANK12  BANK13  BANK14  BANK15
   133 ;;      Params:         0       0       0       0       0       0       0       0       0       0       0       0       
      +0       0       0       0       0
   134 ;;      Locals:         2       0       0       0       0       0       0       0       0       0       0       0       
      +0       0       0       0       0
   135 ;;      Temps:          0       0       0       0       0       0       0       0       0       0       0       0       
      +0       0       0       0       0
   136 ;;      Totals:         2       0       0       0       0       0       0       0       0       0       0       0       
      +0       0       0       0       0
   137 ;;Total ram usage:        2 bytes
   138 ;; Hardware stack levels required when called:    1
   139 ;; This function calls:
   140 ;;		_Display_Lower_Digit
   141 ;;		_WAIT_1_SEC
   142 ;; This function is called by:
   143 ;;		Startup code after reset
   144 ;; This function uses a non-reentrant model
   145 ;;
   146                           
   147                           	psect	text0
   148  00FFBA                     __ptext0:
   149                           	opt stack 0
   150  00FFBA                     _main:
   151                           	opt stack 30
   152                           
   153                           ;Lab5p1.c: 29: TRISA = 0x0F;
   154                           
   155                           ;incstack = 0
   156  00FFBA  0E0F               	movlw	15
   157  00FFBC  6E92               	movwf	3986,c	;volatile
   158                           
   159                           ;Lab5p1.c: 30: TRISB = 0x00;
   160  00FFBE  0E00               	movlw	0
   161  00FFC0  6E93               	movwf	3987,c	;volatile
   162                           
   163                           ;Lab5p1.c: 31: TRISC = 0x00;
   164  00FFC2  0E00               	movlw	0
   165  00FFC4  6E94               	movwf	3988,c	;volatile
   166                           
   167                           ;Lab5p1.c: 32: TRISD = 0x00;
   168  00FFC6  0E00               	movlw	0
   169  00FFC8  6E95               	movwf	3989,c	;volatile
   170                           
   171                           ;Lab5p1.c: 33: TRISE = 0x00;
   172  00FFCA  0E00               	movlw	0
   173  00FFCC  6E96               	movwf	3990,c	;volatile
   174  00FFCE                     l25:
   175                           
   176                           ;Lab5p1.c: 36: {
   177                           ;Lab5p1.c: 37: for (int i=0; i<10; i++)
   178  00FFCE  0E00               	movlw	0
   179  00FFD0  6E0E               	movwf	main@i+1,c
   180  00FFD2  0E00               	movlw	0
   181  00FFD4  6E0D               	movwf	main@i,c
   182  00FFD6                     l626:
   183  00FFD6  BE0E               	btfsc	main@i+1,7,c
   184  00FFD8  D008               	goto	l630
   185  00FFDA  500E               	movf	main@i+1,w,c
   186  00FFDC  E1F8               	bnz	l25
   187  00FFDE  0E0A               	movlw	10
   188  00FFE0  5C0D               	subwf	main@i,w,c
   189  00FFE2  B0D8               	btfsc	status,0,c
   190  00FFE4  D7F4               	goto	l25
   191  00FFE6  D001               	goto	l630
   192  00FFE8  D7F2               	goto	l25
   193  00FFEA                     l630:
   194                           
   195                           ;Lab5p1.c: 38: {
   196                           ;Lab5p1.c: 39: Display_Lower_Digit(i);
   197  00FFEA  500D               	movf	main@i,w,c
   198  00FFEC  ECAC  F07F         	call	_Display_Lower_Digit
   199                           
   200                           ;Lab5p1.c: 40: WAIT_1_SEC();
   201  00FFF0  ECB8  F07F         	call	_WAIT_1_SEC	;wreg free
   202  00FFF4  4A0D               	infsnz	main@i,f,c
   203  00FFF6  2A0E               	incf	main@i+1,f,c
   204  00FFF8  D7EE               	goto	l626
   205  00FFFA  D7E9               	goto	l25
   206  00FFFC  EF00  F000         	goto	start
   207  010000                     __end_of_main:
   208                           	opt stack 0
   209                           tblptru	equ	0xFF8
   210                           tblptrh	equ	0xFF7
   211                           tblptrl	equ	0xFF6
   212                           tablat	equ	0xFF5
   213                           postinc0	equ	0xFEE
   214                           postdec1	equ	0xFE5
   215                           fsr1l	equ	0xFE1
   216                           status	equ	0xFD8
   217                           
   218 ;; *************** function _WAIT_1_SEC *****************
   219 ;; Defined at:
   220 ;;		line 17 in file "Lab5p1.c"
   221 ;; Parameters:    Size  Location     Type
   222 ;;		None
   223 ;; Auto vars:     Size  Location     Type
   224 ;;  j               2    0[COMRAM] int 
   225 ;; Return value:  Size  Location     Type
   226 ;;		None               void
   227 ;; Registers used:
   228 ;;		wreg, status,2, status,0
   229 ;; Tracked objects:
   230 ;;		On entry : 0/0
   231 ;;		On exit  : 0/0
   232 ;;		Unchanged: 0/0
   233 ;; Data sizes:     COMRAM   BANK0   BANK1   BANK2   BANK3   BANK4   BANK5   BANK6   BANK7   BANK8   BANK9  BANK10  BANK1
      +1  BANK12  BANK13  BANK14  BANK15
   234 ;;      Params:         0       0       0       0       0       0       0       0       0       0       0       0       
      +0       0       0       0       0
   235 ;;      Locals:         2       0       0       0       0       0       0       0       0       0       0       0       
      +0       0       0       0       0
   236 ;;      Temps:          0       0       0       0       0       0       0       0       0       0       0       0       
      +0       0       0       0       0
   237 ;;      Totals:         2       0       0       0       0       0       0       0       0       0       0       0       
      +0       0       0       0       0
   238 ;;Total ram usage:        2 bytes
   239 ;; Hardware stack levels used:    1
   240 ;; This function calls:
   241 ;;		Nothing
   242 ;; This function is called by:
   243 ;;		_main
   244 ;; This function uses a non-reentrant model
   245 ;;
   246                           
   247                           	psect	text1
   248  00FF70                     __ptext1:
   249                           	opt stack 0
   250  00FF70                     _WAIT_1_SEC:
   251                           	opt stack 30
   252                           
   253                           ;Lab5p1.c: 19: for (int j=0; j<17000; j++);
   254                           
   255                           ;incstack = 0
   256  00FF70  0E00               	movlw	0
   257  00FF72  6E0C               	movwf	WAIT_1_SEC@j+1,c
   258  00FF74  0E00               	movlw	0
   259  00FF76  6E0B               	movwf	WAIT_1_SEC@j,c
   260  00FF78                     l614:
   261  00FF78  BE0C               	btfsc	WAIT_1_SEC@j+1,7,c
   262  00FF7A  D008               	goto	l618
   263  00FF7C  0E68               	movlw	104
   264  00FF7E  5C0B               	subwf	WAIT_1_SEC@j,w,c
   265  00FF80  0E42               	movlw	66
   266  00FF82  580C               	subwfb	WAIT_1_SEC@j+1,w,c
   267  00FF84  B0D8               	btfsc	status,0,c
   268  00FF86  D005               	goto	l19
   269  00FF88  D001               	goto	l618
   270  00FF8A  D003               	goto	l19
   271  00FF8C                     l618:
   272  00FF8C  4A0B               	infsnz	WAIT_1_SEC@j,f,c
   273  00FF8E  2A0C               	incf	WAIT_1_SEC@j+1,f,c
   274  00FF90  D7F3               	goto	l614
   275  00FF92                     l19:
   276  00FF92  0012               	return		;funcret
   277  00FF94                     __end_of_WAIT_1_SEC:
   278                           	opt stack 0
   279                           tblptru	equ	0xFF8
   280                           tblptrh	equ	0xFF7
   281                           tblptrl	equ	0xFF6
   282                           tablat	equ	0xFF5
   283                           postinc0	equ	0xFEE
   284                           postdec1	equ	0xFE5
   285                           fsr1l	equ	0xFE1
   286                           status	equ	0xFD8
   287                           
   288 ;; *************** function _Display_Lower_Digit *****************
   289 ;; Defined at:
   290 ;;		line 22 in file "Lab5p1.c"
   291 ;; Parameters:    Size  Location     Type
   292 ;;  digit           1    wreg     unsigned char 
   293 ;; Auto vars:     Size  Location     Type
   294 ;;  digit           1    0[COMRAM] unsigned char 
   295 ;; Return value:  Size  Location     Type
   296 ;;		None               void
   297 ;; Registers used:
   298 ;;		wreg, fsr2l, fsr2h, status,2, status,0, prodl, prodh
   299 ;; Tracked objects:
   300 ;;		On entry : 0/0
   301 ;;		On exit  : 0/0
   302 ;;		Unchanged: 0/0
   303 ;; Data sizes:     COMRAM   BANK0   BANK1   BANK2   BANK3   BANK4   BANK5   BANK6   BANK7   BANK8   BANK9  BANK10  BANK1
      +1  BANK12  BANK13  BANK14  BANK15
   304 ;;      Params:         0       0       0       0       0       0       0       0       0       0       0       0       
      +0       0       0       0       0
   305 ;;      Locals:         1       0       0       0       0       0       0       0       0       0       0       0       
      +0       0       0       0       0
   306 ;;      Temps:          0       0       0       0       0       0       0       0       0       0       0       0       
      +0       0       0       0       0
   307 ;;      Totals:         1       0       0       0       0       0       0       0       0       0       0       0       
      +0       0       0       0       0
   308 ;;Total ram usage:        1 bytes
   309 ;; Hardware stack levels used:    1
   310 ;; This function calls:
   311 ;;		Nothing
   312 ;; This function is called by:
   313 ;;		_main
   314 ;; This function uses a non-reentrant model
   315 ;;
   316                           
   317                           	psect	text2
   318  00FF58                     __ptext2:
   319                           	opt stack 0
   320  00FF58                     _Display_Lower_Digit:
   321                           	opt stack 30
   322                           
   323                           ;incstack = 0
   324                           ;Display_Lower_Digit@digit stored from wreg
   325  00FF58  6E0B               	movwf	Display_Lower_Digit@digit,c
   326                           
   327                           ;Lab5p1.c: 24: PORTD = array[digit];
   328  00FF5A  500B               	movf	Display_Lower_Digit@digit,w,c
   329  00FF5C  0D01               	mullw	1
   330  00FF5E  0E01               	movlw	low _array
   331  00FF60  24F3               	addwf	prodl,w,c
   332  00FF62  6ED9               	movwf	fsr2l,c
   333  00FF64  0E00               	movlw	high _array
   334  00FF66  20F4               	addwfc	prodh,w,c
   335  00FF68  6EDA               	movwf	fsr2h,c
   336  00FF6A  50DF               	movf	indf2,w,c
   337  00FF6C  6E83               	movwf	3971,c	;volatile
   338  00FF6E  0012               	return		;funcret
   339  00FF70                     __end_of_Display_Lower_Digit:
   340                           	opt stack 0
   341  0000                     tblptru	equ	0xFF8
   342                           tblptrh	equ	0xFF7
   343                           tblptrl	equ	0xFF6
   344                           tablat	equ	0xFF5
   345                           prodh	equ	0xFF4
   346                           prodl	equ	0xFF3
   347                           postinc0	equ	0xFEE
   348                           postdec1	equ	0xFE5
   349                           fsr1l	equ	0xFE1
   350                           indf2	equ	0xFDF
   351                           fsr2h	equ	0xFDA
   352                           fsr2l	equ	0xFD9
   353                           status	equ	0xFD8
   354                           tblptru	equ	0xFF8
   355                           tblptrh	equ	0xFF7
   356                           tblptrl	equ	0xFF6
   357                           tablat	equ	0xFF5
   358                           prodh	equ	0xFF4
   359                           prodl	equ	0xFF3
   360                           postinc0	equ	0xFEE
   361                           postdec1	equ	0xFE5
   362                           fsr1l	equ	0xFE1
   363                           indf2	equ	0xFDF
   364                           fsr2h	equ	0xFDA
   365                           fsr2l	equ	0xFD9
   366                           status	equ	0xFD8
   367                           
   368                           	psect	rparam
   369  0000                     tblptru	equ	0xFF8
   370                           tblptrh	equ	0xFF7
   371                           tblptrl	equ	0xFF6
   372                           tablat	equ	0xFF5
   373                           prodh	equ	0xFF4
   374                           prodl	equ	0xFF3
   375                           postinc0	equ	0xFEE
   376                           postdec1	equ	0xFE5
   377                           fsr1l	equ	0xFE1
   378                           indf2	equ	0xFDF
   379                           fsr2h	equ	0xFDA
   380                           fsr2l	equ	0xFD9
   381                           status	equ	0xFD8


Data Sizes:
    Strings     0
    Constant    0
    Data        10
    BSS         0
    Persistent  0
    Stack       0

Auto Spaces:
    Space          Size  Autos    Used
    COMRAM          127      4      14
    BANK0           128      0       0
    BANK1           256      0       0
    BANK2           256      0       0
    BANK3           256      0       0
    BANK4           256      0       0
    BANK5           256      0       0
    BANK6           256      0       0
    BANK7           256      0       0
    BANK8           256      0       0
    BANK9           256      0       0
    BANK10          256      0       0
    BANK11          256      0       0
    BANK12          256      0       0
    BANK13          256      0       0
    BANK14          256      0       0
    BANK15          128      0       0

Pointer List with Targets:

    None.

Critical Paths under _main in COMRAM

    _main->_WAIT_1_SEC

Critical Paths under _main in BANK0

    None.

Critical Paths under _main in BANK1

    None.

Critical Paths under _main in BANK2

    None.

Critical Paths under _main in BANK3

    None.

Critical Paths under _main in BANK4

    None.

Critical Paths under _main in BANK5

    None.

Critical Paths under _main in BANK6

    None.

Critical Paths under _main in BANK7

    None.

Critical Paths under _main in BANK8

    None.

Critical Paths under _main in BANK9

    None.

Critical Paths under _main in BANK10

    None.

Critical Paths under _main in BANK11

    None.

Critical Paths under _main in BANK12

    None.

Critical Paths under _main in BANK13

    None.

Critical Paths under _main in BANK14

    None.

Critical Paths under _main in BANK15

    None.

Call Graph Tables:

 ---------------------------------------------------------------------------------
 (Depth) Function   	        Calls       Base Space   Used Autos Params    Refs
 ---------------------------------------------------------------------------------
 (0) _main                                                 2     2      0      90
                                              2 COMRAM     2     2      0
                _Display_Lower_Digit
                         _WAIT_1_SEC
 ---------------------------------------------------------------------------------
 (1) _WAIT_1_SEC                                           2     2      0      30
                                              0 COMRAM     2     2      0
 ---------------------------------------------------------------------------------
 (1) _Display_Lower_Digit                                  1     1      0      15
                                              0 COMRAM     1     1      0
 ---------------------------------------------------------------------------------
 Estimated maximum stack depth 1
 ---------------------------------------------------------------------------------

 Call Graph Graphs:

 _main (ROOT)
   _Display_Lower_Digit
   _WAIT_1_SEC

 Address spaces:
Name               Size   Autos  Total    Cost      Usage
BIGRAM             F7F      0       0      37        0.0%
EEDATA             400      0       0       0        0.0%
BITBANK14          100      0       0      32        0.0%
BANK14             100      0       0      33        0.0%
BITBANK13          100      0       0      30        0.0%
BANK13             100      0       0      31        0.0%
BITBANK12          100      0       0      28        0.0%
BANK12             100      0       0      29        0.0%
BITBANK11          100      0       0      26        0.0%
BANK11             100      0       0      27        0.0%
BITBANK10          100      0       0      24        0.0%
BANK10             100      0       0      25        0.0%
BITBANK9           100      0       0      22        0.0%
BANK9              100      0       0      23        0.0%
BITBANK8           100      0       0      20        0.0%
BANK8              100      0       0      21        0.0%
BITBANK7           100      0       0      18        0.0%
BANK7              100      0       0      19        0.0%
BITBANK6           100      0       0      16        0.0%
BANK6              100      0       0      17        0.0%
BITBANK5           100      0       0      14        0.0%
BANK5              100      0       0      15        0.0%
BITBANK4           100      0       0      12        0.0%
BANK4              100      0       0      13        0.0%
BITBANK3           100      0       0      10        0.0%
BANK3              100      0       0      11        0.0%
BITBANK2           100      0       0       8        0.0%
BANK2              100      0       0       9        0.0%
BITBANK1           100      0       0       6        0.0%
BANK1              100      0       0       7        0.0%
BITBANK15           80      0       0      35        0.0%
BANK15              80      0       0      36        0.0%
BITBANK0            80      0       0       4        0.0%
BANK0               80      0       0       5        0.0%
BITCOMRAM           7F      0       0       0        0.0%
COMRAM              7F      4       E       1       11.0%
BITSFR               0      0       0      40        0.0%
SFR                  0      0       0      40        0.0%
STACK                0      0       0       2        0.0%
NULL                 0      0       0       0        0.0%
ABS                  0      0       E      34        0.0%
DATA                 0      0       E       3        0.0%
CODE                 0      0       0       0        0.0%


Microchip Technology PIC18 Macro Assembler V1.34 build -361300703 
Symbol Table                                                                                   Tue Mar 01 10:58:37 2022

                          l25 FFCE                            l19 FF92                           l614 FF78  
                         l630 FFEA                           l618 FF8C                           l626 FFD6  
                         prod 000FF3                  __CFG_LVP$OFF 000000                  __CFG_WDT$OFF 000000  
                        _main FFBA                          fsr1l 000FE1                          indf2 000FDF  
                        fsr2l 000FD9                          prodl 000FF3                          start 0000  
                ___param_bank 000010                   ?_WAIT_1_SEC 000B                         ?_main 000B  
                       _PORTD 000F83                         _TRISA 000F92                         _TRISB 000F93  
                       _TRISC 000F94                         _TRISD 000F95                         _TRISE 000F96  
                       _array 0001                         main@i 000D                __CFG_BOREN$OFF 000000  
                       tablat 000FF5                         status 000FD8               __initialization FF94  
                __end_of_main 0000      Display_Lower_Digit@digit 000B                        ??_main 000D  
               __activetblptr 000000   __end_of_Display_Lower_Digit FF70           __size_of_WAIT_1_SEC 0024  
                __pdataCOMRAM 0001                        tblptrh 000FF7                        tblptrl 000FF6  
                      tblptru 000FF8                    __accesstop 0080       __end_of__initialization FFB4  
               ___rparam_used 000001                __pcstackCOMRAM 000B                  ??_WAIT_1_SEC 000B  
                 WAIT_1_SEC@j 000B            __end_of_WAIT_1_SEC FF94                       __Hparam 0000  
                     __Lparam 0000                       __pcinit FF94                       __ramtop 1000  
                     __ptext0 FFBA                       __ptext1 FF70                       __ptext2 FF58  
        end_of_initialization FFB4                       postdec1 000FE5                       postinc0 000FEE  
__size_of_Display_Lower_Digit 0018                 __pidataCOMRAM FF4E           start_initialization FF94  
            __CFG_OSC$INTIO67 000000           _Display_Lower_Digit FF58                     copy_data0 FFA8  
        ?_Display_Lower_Digit 000B                      __Hrparam 0000                      __Lrparam 0000  
       ??_Display_Lower_Digit 000B                 __size_of_main 0046                    _WAIT_1_SEC FF70  
