

Microchip Technology PIC18 LITE Macro Assembler V1.34 build -361300703 
                                                                                               Sun Jan 30 20:55:01 2022

Microchip Technology Omniscient Code Generator (Lite mode) build 201502162209
     1                           	processor	18F4620
     2                           	fnconf	rparam,??,?,0
     3                           	opt	pw 120
     4                           	opt	lm
     5                           	psect	text0,global,reloc=2,class=CODE,delta=1
     6                           	psect	cinit,global,reloc=2,class=CODE,delta=1
     7                           	psect	cstackCOMRAM,global,class=COMRAM,space=1,delta=1
     8                           	psect	text1,global,reloc=2,class=CODE,delta=1
     9                           	psect	text2,global,reloc=2,class=CODE,delta=1
    10                           	psect	text3,global,reloc=2,class=CODE,delta=1
    11                           	psect	intsave_regs,global,class=BIGRAM,space=1,delta=1
    12                           	psect	rparam,global,class=COMRAM,space=1,delta=1
    13  0000                     _ADCON0	set	4034
    14  0000                     _ADCON0bits	set	4034
    15  0000                     _ADCON1	set	4033
    16  0000                     _ADCON2	set	4032
    17  0000                     _ADRESH	set	4036
    18  0000                     _ADRESL	set	4035
    19  0000                     _LATB	set	3978
    20  0000                     _TRISB	set	3987
    21                           
    22 ;;
    23 ;;Main: autosize = 0, tempsize = 1, incstack = 0, save=0
    24 ;;
    25 ;; *************** function _main *****************
    26 ;; Defined at:
    27 ;;		line 18 in file "Lab1p1.c"
    28 ;; Parameters:    Size  Location     Type
    29 ;;		None
    30 ;; Auto vars:     Size  Location     Type
    31 ;;  ADC_Result      2    6[COMRAM] unsigned int 
    32 ;; Return value:  Size  Location     Type
    33 ;;		None               void
    34 ;; Registers used:
    35 ;;		wreg, status,2, status,0, cstack
    36 ;; Tracked objects:
    37 ;;		On entry : 0/0
    38 ;;		On exit  : 0/0
    39 ;;		Unchanged: 0/0
    40 ;; Data sizes:     COMRAM   BANK0   BANK1   BANK2   BANK3   BANK4   BANK5   BANK6   BANK7   BANK8   BANK9  BANK10  BANK1
      +1  BANK12  BANK13  BANK14  BANK15
    41 ;;      Params:         0       0       0       0       0       0       0       0       0       0       0       0       
      +0       0       0       0       0
    42 ;;      Locals:         2       0       0       0       0       0       0       0       0       0       0       0       
      +0       0       0       0       0
    43 ;;      Temps:          1       0       0       0       0       0       0       0       0       0       0       0       
      +0       0       0       0       0
    44 ;;      Totals:         3       0       0       0       0       0       0       0       0       0       0       0       
      +0       0       0       0       0
    45 ;;Total ram usage:        3 bytes
    46 ;; Hardware stack levels required when called:    1
    47 ;; This function calls:
    48 ;;		_Flash_LED
    49 ;;		_Get_Full_ADC
    50 ;;		_Init_ADC
    51 ;; This function is called by:
    52 ;;		Startup code after reset
    53 ;; This function uses a non-reentrant model
    54 ;;
    55                           
    56                           	psect	text0
    57  00FF66                     __ptext0:
    58                           	opt stack 0
    59  00FF66                     _main:
    60                           	opt stack 30
    61                           
    62                           ;Lab1p1.c: 20: unsigned int ADC_Result;
    63                           ;Lab1p1.c: 21: Init_ADC();
    64                           
    65                           ;incstack = 0
    66  00FF66  EC9C  F07F         	call	_Init_ADC	;wreg free
    67                           
    68                           ;Lab1p1.c: 22: TRISB =0x00;
    69  00FF6A  0E00               	movlw	0
    70  00FF6C  6E93               	movwf	3987,c	;volatile
    71  00FF6E  D000               	goto	l680
    72  00FF70                     l680:
    73                           
    74                           ;Lab1p1.c: 24: {
    75                           ;Lab1p1.c: 25: ADC_Result = Get_Full_ADC();
    76  00FF70  ECA3  F07F         	call	_Get_Full_ADC	;wreg free
    77  00FF74  6E06               	movwf	??_main& (0+255),c
    78  00FF76  5006               	movf	??_main,w,c
    79  00FF78  6E07               	movwf	main@ADC_Result,c
    80  00FF7A  6A08               	clrf	main@ADC_Result+1,c
    81                           
    82                           ;Lab1p1.c: 26: Flash_LED(ADC_Result);
    83  00FF7C  5007               	movf	main@ADC_Result,w,c
    84  00FF7E  ECC4  F07F         	call	_Flash_LED
    85  00FF82  D7F6               	goto	l680
    86  00FF84  EF00  F000         	goto	start
    87  00FF88                     __end_of_main:
    88                           	opt stack 0
    89                           
    90                           	psect	cinit
    91  00FF32                     __pcinit:
    92                           	opt stack 0
    93  00FF32                     start_initialization:
    94                           	opt stack 0
    95  00FF32                     __initialization:
    96                           	opt stack 0
    97  00FF32                     end_of_initialization:
    98                           	opt stack 0
    99  00FF32                     __end_of__initialization:
   100                           	opt stack 0
   101  00FF32  0100               	movlb	0
   102  00FF34  EFB3  F07F         	goto	_main	;jump to C main() function
   103                           
   104                           	psect	cstackCOMRAM
   105  000001                     __pcstackCOMRAM:
   106                           	opt stack 0
   107  000001                     ??_Get_Full_ADC:
   108  000001                     Flash_LED@ADC_result:
   109                           	opt stack 0
   110                           
   111                           ; 1 bytes @ 0x0
   112  000001                     	ds	1
   113  000002                     Flash_LED@counter1:
   114                           	opt stack 0
   115                           
   116                           ; 2 bytes @ 0x1
   117  000002                     	ds	1
   118  000003                     Get_Full_ADC@result:
   119                           	opt stack 0
   120                           
   121                           ; 2 bytes @ 0x2
   122  000003                     	ds	1
   123  000004                     Flash_LED@counter2:
   124                           	opt stack 0
   125                           
   126                           ; 2 bytes @ 0x3
   127  000004                     	ds	2
   128  000006                     ??_main:
   129                           
   130                           ; 0 bytes @ 0x5
   131  000006                     	ds	1
   132  000007                     main@ADC_Result:
   133                           	opt stack 0
   134                           
   135                           ; 2 bytes @ 0x6
   136  000007                     	ds	2
   137                           
   138 ;; *************** function _Init_ADC *****************
   139 ;; Defined at:
   140 ;;		line 31 in file "Lab1p1.c"
   141 ;; Parameters:    Size  Location     Type
   142 ;;		None
   143 ;; Auto vars:     Size  Location     Type
   144 ;;		None
   145 ;; Return value:  Size  Location     Type
   146 ;;		None               void
   147 ;; Registers used:
   148 ;;		wreg, status,2
   149 ;; Tracked objects:
   150 ;;		On entry : 0/0
   151 ;;		On exit  : 0/0
   152 ;;		Unchanged: 0/0
   153 ;; Data sizes:     COMRAM   BANK0   BANK1   BANK2   BANK3   BANK4   BANK5   BANK6   BANK7   BANK8   BANK9  BANK10  BANK1
      +1  BANK12  BANK13  BANK14  BANK15
   154 ;;      Params:         0       0       0       0       0       0       0       0       0       0       0       0       
      +0       0       0       0       0
   155 ;;      Locals:         0       0       0       0       0       0       0       0       0       0       0       0       
      +0       0       0       0       0
   156 ;;      Temps:          0       0       0       0       0       0       0       0       0       0       0       0       
      +0       0       0       0       0
   157 ;;      Totals:         0       0       0       0       0       0       0       0       0       0       0       0       
      +0       0       0       0       0
   158 ;;Total ram usage:        0 bytes
   159 ;; Hardware stack levels used:    1
   160 ;; This function calls:
   161 ;;		Nothing
   162 ;; This function is called by:
   163 ;;		_main
   164 ;; This function uses a non-reentrant model
   165 ;;
   166                           
   167                           	psect	text1
   168  00FF38                     __ptext1:
   169                           	opt stack 0
   170  00FF38                     _Init_ADC:
   171                           	opt stack 30
   172                           
   173                           ;Lab1p1.c: 33: ADCON0=0x01;
   174                           
   175                           ;incstack = 0
   176  00FF38  0E01               	movlw	1
   177  00FF3A  6EC2               	movwf	4034,c	;volatile
   178                           
   179                           ;Lab1p1.c: 34: ADCON1=0x0E;
   180  00FF3C  0E0E               	movlw	14
   181  00FF3E  6EC1               	movwf	4033,c	;volatile
   182                           
   183                           ;Lab1p1.c: 36: ADCON2=0xA9;
   184  00FF40  0EA9               	movlw	169
   185  00FF42  6EC0               	movwf	4032,c	;volatile
   186  00FF44  0012               	return		;funcret
   187  00FF46                     __end_of_Init_ADC:
   188                           	opt stack 0
   189                           
   190 ;; *************** function _Get_Full_ADC *****************
   191 ;; Defined at:
   192 ;;		line 38 in file "Lab1p1.c"
   193 ;; Parameters:    Size  Location     Type
   194 ;;		None
   195 ;; Auto vars:     Size  Location     Type
   196 ;;  result          2    2[COMRAM] int 
   197 ;; Return value:  Size  Location     Type
   198 ;;                  1    wreg      unsigned char 
   199 ;; Registers used:
   200 ;;		wreg, status,2, status,0
   201 ;; Tracked objects:
   202 ;;		On entry : 0/0
   203 ;;		On exit  : 0/0
   204 ;;		Unchanged: 0/0
   205 ;; Data sizes:     COMRAM   BANK0   BANK1   BANK2   BANK3   BANK4   BANK5   BANK6   BANK7   BANK8   BANK9  BANK10  BANK1
      +1  BANK12  BANK13  BANK14  BANK15
   206 ;;      Params:         0       0       0       0       0       0       0       0       0       0       0       0       
      +0       0       0       0       0
   207 ;;      Locals:         2       0       0       0       0       0       0       0       0       0       0       0       
      +0       0       0       0       0
   208 ;;      Temps:          2       0       0       0       0       0       0       0       0       0       0       0       
      +0       0       0       0       0
   209 ;;      Totals:         4       0       0       0       0       0       0       0       0       0       0       0       
      +0       0       0       0       0
   210 ;;Total ram usage:        4 bytes
   211 ;; Hardware stack levels used:    1
   212 ;; This function calls:
   213 ;;		Nothing
   214 ;; This function is called by:
   215 ;;		_main
   216 ;; This function uses a non-reentrant model
   217 ;;
   218                           
   219                           	psect	text2
   220  00FF46                     __ptext2:
   221                           	opt stack 0
   222  00FF46                     _Get_Full_ADC:
   223                           	opt stack 30
   224                           
   225                           ;Lab1p1.c: 40: int result;
   226                           ;Lab1p1.c: 41: ADCON0bits.GO=1;
   227                           
   228                           ;incstack = 0
   229  00FF46  82C2               	bsf	4034,1,c	;volatile
   230                           
   231                           ;Lab1p1.c: 42: while(ADCON0bits.DONE==1);
   232  00FF48  D000               	goto	l34
   233  00FF4A                     l34:
   234  00FF4A  B2C2               	btfsc	4034,1,c	;volatile
   235  00FF4C  D7FE               	goto	l34
   236                           
   237                           ;Lab1p1.c: 43: result = (ADRESH * 0x100) + ADRESL;
   238  00FF4E  50C4               	movf	4036,w,c	;volatile
   239  00FF50  6E02               	movwf	(??_Get_Full_ADC+1)& (0+255),c
   240  00FF52  6A01               	clrf	??_Get_Full_ADC& (0+255),c
   241  00FF54  50C3               	movf	4035,w,c	;volatile
   242  00FF56  2401               	addwf	??_Get_Full_ADC,w,c
   243  00FF58  6E03               	movwf	Get_Full_ADC@result,c
   244  00FF5A  0E00               	movlw	0
   245  00FF5C  2002               	addwfc	??_Get_Full_ADC+1,w,c
   246  00FF5E  6E04               	movwf	Get_Full_ADC@result+1,c
   247                           
   248                           ;Lab1p1.c: 44: return result;
   249  00FF60  5003               	movf	Get_Full_ADC@result,w,c
   250  00FF62  D000               	goto	l37
   251  00FF64                     l37:
   252  00FF64  0012               	return		;funcret
   253  00FF66                     __end_of_Get_Full_ADC:
   254                           	opt stack 0
   255                           
   256 ;; *************** function _Flash_LED *****************
   257 ;; Defined at:
   258 ;;		line 47 in file "Lab1p1.c"
   259 ;; Parameters:    Size  Location     Type
   260 ;;  ADC_result      1    wreg     unsigned char 
   261 ;; Auto vars:     Size  Location     Type
   262 ;;  ADC_result      1    0[COMRAM] unsigned char 
   263 ;;  counter2        2    3[COMRAM] unsigned int 
   264 ;;  counter1        2    1[COMRAM] unsigned int 
   265 ;; Return value:  Size  Location     Type
   266 ;;		None               void
   267 ;; Registers used:
   268 ;;		wreg, status,2, status,0
   269 ;; Tracked objects:
   270 ;;		On entry : 0/0
   271 ;;		On exit  : 0/0
   272 ;;		Unchanged: 0/0
   273 ;; Data sizes:     COMRAM   BANK0   BANK1   BANK2   BANK3   BANK4   BANK5   BANK6   BANK7   BANK8   BANK9  BANK10  BANK1
      +1  BANK12  BANK13  BANK14  BANK15
   274 ;;      Params:         0       0       0       0       0       0       0       0       0       0       0       0       
      +0       0       0       0       0
   275 ;;      Locals:         5       0       0       0       0       0       0       0       0       0       0       0       
      +0       0       0       0       0
   276 ;;      Temps:          0       0       0       0       0       0       0       0       0       0       0       0       
      +0       0       0       0       0
   277 ;;      Totals:         5       0       0       0       0       0       0       0       0       0       0       0       
      +0       0       0       0       0
   278 ;;Total ram usage:        5 bytes
   279 ;; Hardware stack levels used:    1
   280 ;; This function calls:
   281 ;;		Nothing
   282 ;; This function is called by:
   283 ;;		_main
   284 ;; This function uses a non-reentrant model
   285 ;;
   286                           
   287                           	psect	text3
   288  00FF88                     __ptext3:
   289                           	opt stack 0
   290  00FF88                     _Flash_LED:
   291                           	opt stack 30
   292                           
   293                           ;incstack = 0
   294                           ;Flash_LED@ADC_result stored from wreg
   295  00FF88  6E01               	movwf	Flash_LED@ADC_result,c
   296                           
   297                           ;Lab1p1.c: 49: unsigned int counter1, counter2;
   298                           ;Lab1p1.c: 50: LATB = 0x0A;
   299  00FF8A  0E0A               	movlw	10
   300  00FF8C  6E8A               	movwf	3978,c	;volatile
   301                           
   302                           ;Lab1p1.c: 52: for (counter2=5; counter2>0; --counter2)
   303  00FF8E  0E00               	movlw	0
   304  00FF90  6E05               	movwf	Flash_LED@counter2+1,c
   305  00FF92  0E05               	movlw	5
   306  00FF94  6E04               	movwf	Flash_LED@counter2,c
   307  00FF96                     l642:
   308  00FF96  5004               	movf	Flash_LED@counter2,w,c
   309  00FF98  1005               	iorwf	Flash_LED@counter2+1,w,c
   310  00FF9A  B4D8               	btfsc	status,2,c
   311  00FF9C  D013               	goto	l658
   312  00FF9E  D001               	goto	l40
   313  00FFA0  D011               	goto	l658
   314  00FFA2                     l40:
   315                           
   316                           ;Lab1p1.c: 53: {
   317                           ;Lab1p1.c: 54: for (counter1=ADC_result ; counter1>0; -- counter1);
   318  00FFA2  C001  F002         	movff	Flash_LED@ADC_result,Flash_LED@counter1
   319  00FFA6  6A03               	clrf	Flash_LED@counter1+1,c
   320  00FFA8                     l646:
   321  00FFA8  5002               	movf	Flash_LED@counter1,w,c
   322  00FFAA  1003               	iorwf	Flash_LED@counter1+1,w,c
   323  00FFAC  B4D8               	btfsc	status,2,c
   324  00FFAE  D006               	goto	l654
   325  00FFB0  D001               	goto	l650
   326  00FFB2  D004               	goto	l654
   327  00FFB4                     l650:
   328  00FFB4  0602               	decf	Flash_LED@counter1,f,c
   329  00FFB6  A0D8               	btfss	status,0,c
   330  00FFB8  0603               	decf	Flash_LED@counter1+1,f,c
   331  00FFBA  D7F6               	goto	l646
   332  00FFBC                     l654:
   333  00FFBC  0604               	decf	Flash_LED@counter2,f,c
   334  00FFBE  A0D8               	btfss	status,0,c
   335  00FFC0  0605               	decf	Flash_LED@counter2+1,f,c
   336  00FFC2  D7E9               	goto	l642
   337  00FFC4                     l658:
   338                           
   339                           ;Lab1p1.c: 55: }
   340                           ;Lab1p1.c: 56: LATB = 0x05;
   341  00FFC4  0E05               	movlw	5
   342  00FFC6  6E8A               	movwf	3978,c	;volatile
   343                           
   344                           ;Lab1p1.c: 58: for (counter2=5; counter2>0; --counter2)
   345  00FFC8  0E00               	movlw	0
   346  00FFCA  6E05               	movwf	Flash_LED@counter2+1,c
   347  00FFCC  0E05               	movlw	5
   348  00FFCE  6E04               	movwf	Flash_LED@counter2,c
   349  00FFD0                     l660:
   350  00FFD0  5004               	movf	Flash_LED@counter2,w,c
   351  00FFD2  1005               	iorwf	Flash_LED@counter2+1,w,c
   352  00FFD4  B4D8               	btfsc	status,2,c
   353  00FFD6  D013               	goto	l48
   354  00FFD8  D001               	goto	l44
   355  00FFDA  D011               	goto	l48
   356  00FFDC                     l44:
   357                           
   358                           ;Lab1p1.c: 59: {
   359                           ;Lab1p1.c: 60: for (counter1=ADC_result ; counter1>0; --counter1);
   360  00FFDC  C001  F002         	movff	Flash_LED@ADC_result,Flash_LED@counter1
   361  00FFE0  6A03               	clrf	Flash_LED@counter1+1,c
   362  00FFE2                     l664:
   363  00FFE2  5002               	movf	Flash_LED@counter1,w,c
   364  00FFE4  1003               	iorwf	Flash_LED@counter1+1,w,c
   365  00FFE6  B4D8               	btfsc	status,2,c
   366  00FFE8  D006               	goto	l672
   367  00FFEA  D001               	goto	l668
   368  00FFEC  D004               	goto	l672
   369  00FFEE                     l668:
   370  00FFEE  0602               	decf	Flash_LED@counter1,f,c
   371  00FFF0  A0D8               	btfss	status,0,c
   372  00FFF2  0603               	decf	Flash_LED@counter1+1,f,c
   373  00FFF4  D7F6               	goto	l664
   374  00FFF6                     l672:
   375  00FFF6  0604               	decf	Flash_LED@counter2,f,c
   376  00FFF8  A0D8               	btfss	status,0,c
   377  00FFFA  0605               	decf	Flash_LED@counter2+1,f,c
   378  00FFFC  D7E9               	goto	l660
   379  00FFFE                     l48:
   380  00FFFE  0012               	return		;funcret
   381  010000                     __end_of_Flash_LED:
   382                           	opt stack 0
   383  0000                     status	equ	0xFD8
   384                           status	equ	0xFD8
   385                           
   386                           	psect	rparam
   387  0000                     status	equ	0xFD8


Data Sizes:
    Strings     0
    Constant    0
    Data        0
    BSS         0
    Persistent  0
    Stack       0

Auto Spaces:
    Space          Size  Autos    Used
    COMRAM          127      8       8
    BANK0           128      0       0
    BANK1           256      0       0
    BANK2           256      0       0
    BANK3           256      0       0
    BANK4           256      0       0
    BANK5           256      0       0
    BANK6           256      0       0
    BANK7           256      0       0
    BANK8           256      0       0
    BANK9           256      0       0
    BANK10          256      0       0
    BANK11          256      0       0
    BANK12          256      0       0
    BANK13          256      0       0
    BANK14          256      0       0
    BANK15          128      0       0

Pointer List with Targets:

    None.

Critical Paths under _main in COMRAM

    _main->_Flash_LED

Critical Paths under _main in BANK0

    None.

Critical Paths under _main in BANK1

    None.

Critical Paths under _main in BANK2

    None.

Critical Paths under _main in BANK3

    None.

Critical Paths under _main in BANK4

    None.

Critical Paths under _main in BANK5

    None.

Critical Paths under _main in BANK6

    None.

Critical Paths under _main in BANK7

    None.

Critical Paths under _main in BANK8

    None.

Critical Paths under _main in BANK9

    None.

Critical Paths under _main in BANK10

    None.

Critical Paths under _main in BANK11

    None.

Critical Paths under _main in BANK12

    None.

Critical Paths under _main in BANK13

    None.

Critical Paths under _main in BANK14

    None.

Critical Paths under _main in BANK15

    None.

Call Graph Tables:

 ---------------------------------------------------------------------------------
 (Depth) Function   	        Calls       Base Space   Used Autos Params    Refs
 ---------------------------------------------------------------------------------
 (0) _main                                                 3     3      0     180
                                              5 COMRAM     3     3      0
                          _Flash_LED
                       _Get_Full_ADC
                           _Init_ADC
 ---------------------------------------------------------------------------------
 (1) _Init_ADC                                             0     0      0       0
 ---------------------------------------------------------------------------------
 (1) _Get_Full_ADC                                         4     4      0      15
                                              0 COMRAM     4     4      0
 ---------------------------------------------------------------------------------
 (1) _Flash_LED                                            5     5      0     150
                                              0 COMRAM     5     5      0
 ---------------------------------------------------------------------------------
 Estimated maximum stack depth 1
 ---------------------------------------------------------------------------------

 Call Graph Graphs:

 _main (ROOT)
   _Flash_LED
   _Get_Full_ADC
   _Init_ADC

 Address spaces:
Name               Size   Autos  Total    Cost      Usage
BITCOMRAM           7F      0       0       0        0.0%
EEDATA             400      0       0       0        0.0%
NULL                 0      0       0       0        0.0%
CODE                 0      0       0       0        0.0%
COMRAM              7F      8       8       1        6.3%
STACK                0      0       0       2        0.0%
DATA                 0      0       0       3        0.0%
BITBANK0            80      0       0       4        0.0%
BANK0               80      0       0       5        0.0%
BITBANK1           100      0       0       6        0.0%
BANK1              100      0       0       7        0.0%
BITBANK2           100      0       0       8        0.0%
BANK2              100      0       0       9        0.0%
BITBANK3           100      0       0      10        0.0%
BANK3              100      0       0      11        0.0%
BITBANK4           100      0       0      12        0.0%
BANK4              100      0       0      13        0.0%
BITBANK5           100      0       0      14        0.0%
BANK5              100      0       0      15        0.0%
BITBANK6           100      0       0      16        0.0%
BANK6              100      0       0      17        0.0%
BITBANK7           100      0       0      18        0.0%
BANK7              100      0       0      19        0.0%
BITBANK8           100      0       0      20        0.0%
BANK8              100      0       0      21        0.0%
BITBANK9           100      0       0      22        0.0%
BANK9              100      0       0      23        0.0%
BITBANK10          100      0       0      24        0.0%
BANK10             100      0       0      25        0.0%
BITBANK11          100      0       0      26        0.0%
BANK11             100      0       0      27        0.0%
BITBANK12          100      0       0      28        0.0%
BANK12             100      0       0      29        0.0%
BITBANK13          100      0       0      30        0.0%
BANK13             100      0       0      31        0.0%
BITBANK14          100      0       0      32        0.0%
BANK14             100      0       0      33        0.0%
ABS                  0      0       0      34        0.0%
BITBANK15           80      0       0      35        0.0%
BANK15              80      0       0      36        0.0%
BIGRAM             F7F      0       0      37        0.0%
BITSFR               0      0       0      40        0.0%
SFR                  0      0       0      40        0.0%


Microchip Technology PIC18 Macro Assembler V1.34 build -361300703 
Symbol Table                                                                                   Sun Jan 30 20:55:01 2022

                     l40 FFA2                       l34 FF4A                       l44 FFDC  
                     l37 FF64                       l48 FFFE                      l650 FFB4  
                    l642 FF96                      l660 FFD0                      l654 FFBC  
                    l646 FFA8                      l672 FFF6                      l664 FFE2  
                    l680 FF70                      l658 FFC4                      l668 FFEE  
           __CFG_LVP$OFF 000000             __CFG_WDT$OFF 000000                     _LATB 000F8A  
                   _main FF66                     start 0000             ___param_bank 000010  
    Flash_LED@ADC_result 0001     __end_of_Get_Full_ADC FF66                    ?_main 0001  
                  _TRISB 000F93           __CFG_BOREN$OFF 000000                    status 000FD8  
        __initialization FF32             __end_of_main FF88         __end_of_Init_ADC FF46  
                 ??_main 0006            __activetblptr 000000       __size_of_Flash_LED 0078  
                 _ADCON0 000FC2                   _ADCON1 000FC1                   _ADCON2 000FC0  
                 _ADRESH 000FC4                   _ADRESL 000FC3       Get_Full_ADC@result 0003  
             __accesstop 0080  __end_of__initialization FF32            ___rparam_used 000001  
  __size_of_Get_Full_ADC 0020        __end_of_Flash_LED 0000           __pcstackCOMRAM 0001  
           _Get_Full_ADC FF46                ?_Init_ADC 0001               ??_Init_ADC 0001  
                __Hparam 0000                  __Lparam 0000                  __pcinit FF32  
                __ramtop 1000                  __ptext0 FF66                  __ptext1 FF38  
                __ptext2 FF46                  __ptext3 FF88     end_of_initialization FF32  
              _Flash_LED FF88      start_initialization FF32         __CFG_OSC$INTIO67 000000  
      __size_of_Init_ADC 000E               ?_Flash_LED 0001              ??_Flash_LED 0001  
             _ADCON0bits 000FC2           main@ADC_Result 0007                 _Init_ADC FF38  
               __Hrparam 0000                 __Lrparam 0000            ?_Get_Full_ADC 0001  
          __size_of_main 0022           ??_Get_Full_ADC 0001        Flash_LED@counter1 0002  
      Flash_LED@counter2 0004  
