

Microchip Technology PIC18 LITE Macro Assembler V1.34 build -361300703 
                                                                                               Thu Mar 03 02:20:07 2022

Microchip Technology Omniscient Code Generator (Lite mode) build 201502162209
     1                           	processor	18F4620
     2                           	fnconf	rparam,??,?,0
     3                           	opt	pw 120
     4                           	opt	lm
     5                           	psect	idataCOMRAM,global,class=CODE,delta=1
     6                           	psect	cinit,global,reloc=2,class=CODE,delta=1
     7                           	psect	dataCOMRAM,global,class=COMRAM,space=1,delta=1
     8                           	psect	cstackCOMRAM,global,class=COMRAM,space=1,delta=1
     9                           	psect	text0,global,reloc=2,class=CODE,delta=1
    10                           	psect	text1,global,reloc=2,class=CODE,delta=1
    11                           	psect	text2,global,reloc=2,class=CODE,delta=1
    12                           	psect	text3,global,reloc=2,class=CODE,delta=1
    13                           	psect	intsave_regs,global,class=BIGRAM,space=1,delta=1
    14                           	psect	rparam,global,class=COMRAM,space=1,delta=1
    15  0000                     
    16                           	psect	idataCOMRAM
    17  00FF14                     __pidataCOMRAM:
    18                           	opt stack 0
    19                           
    20                           ;initializer for _array
    21  00FF14  40                 	db	64
    22  00FF15  79                 	db	121
    23  00FF16  24                 	db	36
    24  00FF17  30                 	db	48
    25  00FF18  19                 	db	25
    26  00FF19  12                 	db	18
    27  00FF1A  02                 	db	2
    28  00FF1B  78                 	db	120
    29  00FF1C  00                 	db	0
    30  00FF1D  18                 	db	24
    31  0000                     _PORTC	set	3970
    32  0000                     _PORTCbits	set	3970
    33  0000                     _PORTD	set	3971
    34  0000                     _PORTE	set	3972
    35  0000                     _TRISA	set	3986
    36  0000                     _TRISB	set	3987
    37  0000                     _TRISC	set	3988
    38  0000                     _TRISD	set	3989
    39  0000                     _TRISE	set	3990
    40                           
    41                           ; #config settings
    42  0000                     
    43                           	psect	cinit
    44  00FF80                     __pcinit:
    45                           	opt stack 0
    46  00FF80                     start_initialization:
    47                           	opt stack 0
    48  00FF80                     __initialization:
    49                           	opt stack 0
    50                           
    51                           ; Initialize objects allocated to COMRAM (10 bytes)
    52                           ; load TBLPTR registers with __pidataCOMRAM
    53  00FF80  0E14               	movlw	low __pidataCOMRAM
    54  00FF82  6EF6               	movwf	tblptrl,c
    55  00FF84  0EFF               	movlw	high __pidataCOMRAM
    56  00FF86  6EF7               	movwf	tblptrh,c
    57  00FF88  0E00               	movlw	low (__pidataCOMRAM shr (0+16))
    58  00FF8A  6EF8               	movwf	tblptru,c
    59  00FF8C  EE00  F001         	lfsr	0,__pdataCOMRAM
    60  00FF90  EE10 F00A          	lfsr	1,10
    61  00FF94                     copy_data0:
    62  00FF94  0009               	tblrd		*+
    63  00FF96  CFF5 FFEE          	movff	tablat,postinc0
    64  00FF9A  50E5               	movf	postdec1,w,c
    65  00FF9C  50E1               	movf	fsr1l,w,c
    66  00FF9E  E1FA               	bnz	copy_data0
    67  00FFA0                     end_of_initialization:
    68                           	opt stack 0
    69  00FFA0                     __end_of__initialization:
    70                           	opt stack 0
    71  00FFA0  0100               	movlb	0
    72  00FFA2  EFD3  F07F         	goto	_main	;jump to C main() function
    73                           tblptru	equ	0xFF8
    74                           tblptrh	equ	0xFF7
    75                           tblptrl	equ	0xFF6
    76                           tablat	equ	0xFF5
    77                           postinc0	equ	0xFEE
    78                           postdec1	equ	0xFE5
    79                           fsr1l	equ	0xFE1
    80                           
    81                           	psect	dataCOMRAM
    82  000001                     __pdataCOMRAM:
    83                           	opt stack 0
    84  000001                     _array:
    85                           	opt stack 0
    86  000001                     	ds	10
    87                           tblptru	equ	0xFF8
    88                           tblptrh	equ	0xFF7
    89                           tblptrl	equ	0xFF6
    90                           tablat	equ	0xFF5
    91                           postinc0	equ	0xFEE
    92                           postdec1	equ	0xFE5
    93                           fsr1l	equ	0xFE1
    94                           
    95                           	psect	cstackCOMRAM
    96  00000B                     __pcstackCOMRAM:
    97                           	opt stack 0
    98  00000B                     Display_Upper_Digit@digit:
    99                           	opt stack 0
   100  00000B                     Display_Lower_Digit@digit:
   101                           	opt stack 0
   102  00000B                     WAIT_1_SEC@j:
   103                           	opt stack 0
   104                           
   105                           ; 2 bytes @ 0x0
   106  00000B                     	ds	2
   107  00000D                     main@i:
   108                           	opt stack 0
   109                           
   110                           ; 2 bytes @ 0x2
   111  00000D                     	ds	2
   112                           tblptru	equ	0xFF8
   113                           tblptrh	equ	0xFF7
   114                           tblptrl	equ	0xFF6
   115                           tablat	equ	0xFF5
   116                           postinc0	equ	0xFEE
   117                           postdec1	equ	0xFE5
   118                           fsr1l	equ	0xFE1
   119                           
   120 ;;
   121 ;;Main: autosize = 0, tempsize = 0, incstack = 0, save=0
   122 ;;
   123 ;; *************** function _main *****************
   124 ;; Defined at:
   125 ;;		line 26 in file "Lab5_7Seg.c"
   126 ;; Parameters:    Size  Location     Type
   127 ;;		None
   128 ;; Auto vars:     Size  Location     Type
   129 ;;  i               2    2[COMRAM] int 
   130 ;; Return value:  Size  Location     Type
   131 ;;		None               void
   132 ;; Registers used:
   133 ;;		wreg, fsr2l, fsr2h, status,2, status,0, prodl, prodh, cstack
   134 ;; Tracked objects:
   135 ;;		On entry : 0/0
   136 ;;		On exit  : 0/0
   137 ;;		Unchanged: 0/0
   138 ;; Data sizes:     COMRAM   BANK0   BANK1   BANK2   BANK3   BANK4   BANK5   BANK6   BANK7   BANK8   BANK9  BANK10  BANK1
      +1  BANK12  BANK13  BANK14  BANK15
   139 ;;      Params:         0       0       0       0       0       0       0       0       0       0       0       0       
      +0       0       0       0       0
   140 ;;      Locals:         2       0       0       0       0       0       0       0       0       0       0       0       
      +0       0       0       0       0
   141 ;;      Temps:          0       0       0       0       0       0       0       0       0       0       0       0       
      +0       0       0       0       0
   142 ;;      Totals:         2       0       0       0       0       0       0       0       0       0       0       0       
      +0       0       0       0       0
   143 ;;Total ram usage:        2 bytes
   144 ;; Hardware stack levels required when called:    1
   145 ;; This function calls:
   146 ;;		_Display_Lower_Digit
   147 ;;		_Display_Upper_Digit
   148 ;;		_WAIT_1_SEC
   149 ;; This function is called by:
   150 ;;		Startup code after reset
   151 ;; This function uses a non-reentrant model
   152 ;;
   153                           
   154                           	psect	text0
   155  00FFA6                     __ptext0:
   156                           	opt stack 0
   157  00FFA6                     _main:
   158                           	opt stack 30
   159                           
   160                           ;Lab5_7Seg.c: 28: TRISA = 0x0F;
   161                           
   162                           ;incstack = 0
   163  00FFA6  0E0F               	movlw	15
   164  00FFA8  6E92               	movwf	3986,c	;volatile
   165                           
   166                           ;Lab5_7Seg.c: 29: TRISB = 0x00;
   167  00FFAA  0E00               	movlw	0
   168  00FFAC  6E93               	movwf	3987,c	;volatile
   169                           
   170                           ;Lab5_7Seg.c: 30: TRISC = 0x00;
   171  00FFAE  0E00               	movlw	0
   172  00FFB0  6E94               	movwf	3988,c	;volatile
   173                           
   174                           ;Lab5_7Seg.c: 31: TRISD = 0x00;
   175  00FFB2  0E00               	movlw	0
   176  00FFB4  6E95               	movwf	3989,c	;volatile
   177                           
   178                           ;Lab5_7Seg.c: 32: TRISE = 0x00;
   179  00FFB6  0E00               	movlw	0
   180  00FFB8  6E96               	movwf	3990,c	;volatile
   181  00FFBA                     l32:
   182                           
   183                           ;Lab5_7Seg.c: 35: {
   184                           ;Lab5_7Seg.c: 36: for (int i=0; i<10; i++)
   185  00FFBA  0E00               	movlw	0
   186  00FFBC  6E0E               	movwf	main@i+1,c
   187  00FFBE  0E00               	movlw	0
   188  00FFC0  6E0D               	movwf	main@i,c
   189  00FFC2  BE0E               	btfsc	main@i+1,7,c
   190  00FFC4  D008               	goto	l653
   191  00FFC6  500E               	movf	main@i+1,w,c
   192  00FFC8  E115               	bnz	l34
   193  00FFCA  0E0A               	movlw	10
   194  00FFCC  5C0D               	subwf	main@i,w,c
   195  00FFCE  B0D8               	btfsc	status,0,c
   196  00FFD0  D011               	goto	l34
   197  00FFD2  D001               	goto	l653
   198  00FFD4  D00F               	goto	l34
   199  00FFD6                     l653:
   200                           
   201                           ;Lab5_7Seg.c: 37: {
   202                           ;Lab5_7Seg.c: 38: Display_Lower_Digit(i);
   203  00FFD6  500D               	movf	main@i,w,c
   204  00FFD8  EC8F  F07F         	call	_Display_Lower_Digit
   205                           
   206                           ;Lab5_7Seg.c: 39: Display_Upper_Digit(i);
   207  00FFDC  500D               	movf	main@i,w,c
   208  00FFDE  ECAD  F07F         	call	_Display_Upper_Digit
   209                           
   210                           ;Lab5_7Seg.c: 40: WAIT_1_SEC();
   211  00FFE2  EC9B  F07F         	call	_WAIT_1_SEC	;wreg free
   212  00FFE6  4A0D               	infsnz	main@i,f,c
   213  00FFE8  2A0E               	incf	main@i+1,f,c
   214  00FFEA  BE0E               	btfsc	main@i+1,7,c
   215  00FFEC  D7F4               	goto	l653
   216  00FFEE  500E               	movf	main@i+1,w,c
   217  00FFF0  E101               	bnz	u40
   218  00FFF2  D7EB               	goto	L1
   219  00FFF4                     u40:
   220  00FFF4                     l34:
   221                           
   222                           ;Lab5_7Seg.c: 41: }
   223                           ;Lab5_7Seg.c: 43: PORTC = 0xFF;
   224  00FFF4  6882               	setf	3970,c	;volatile
   225                           
   226                           ;Lab5_7Seg.c: 44: PORTD = 0xFF;
   227  00FFF6  6883               	setf	3971,c	;volatile
   228                           
   229                           ;Lab5_7Seg.c: 45: PORTE = 0xFF;
   230  00FFF8  6884               	setf	3972,c	;volatile
   231  00FFFA  D7DF               	goto	l32
   232  00FFFC  EF00  F000         	goto	start
   233  010000                     __end_of_main:
   234                           	opt stack 0
   235                           tblptru	equ	0xFF8
   236                           tblptrh	equ	0xFF7
   237                           tblptrl	equ	0xFF6
   238                           tablat	equ	0xFF5
   239                           postinc0	equ	0xFEE
   240                           postdec1	equ	0xFE5
   241                           fsr1l	equ	0xFE1
   242                           status	equ	0xFD8
   243                           
   244 ;; *************** function _WAIT_1_SEC *****************
   245 ;; Defined at:
   246 ;;		line 19 in file "Lab5_7Seg.c"
   247 ;; Parameters:    Size  Location     Type
   248 ;;		None
   249 ;; Auto vars:     Size  Location     Type
   250 ;;  j               2    0[COMRAM] int 
   251 ;; Return value:  Size  Location     Type
   252 ;;		None               void
   253 ;; Registers used:
   254 ;;		wreg, status,2, status,0
   255 ;; Tracked objects:
   256 ;;		On entry : 0/0
   257 ;;		On exit  : 0/0
   258 ;;		Unchanged: 0/0
   259 ;; Data sizes:     COMRAM   BANK0   BANK1   BANK2   BANK3   BANK4   BANK5   BANK6   BANK7   BANK8   BANK9  BANK10  BANK1
      +1  BANK12  BANK13  BANK14  BANK15
   260 ;;      Params:         0       0       0       0       0       0       0       0       0       0       0       0       
      +0       0       0       0       0
   261 ;;      Locals:         2       0       0       0       0       0       0       0       0       0       0       0       
      +0       0       0       0       0
   262 ;;      Temps:          0       0       0       0       0       0       0       0       0       0       0       0       
      +0       0       0       0       0
   263 ;;      Totals:         2       0       0       0       0       0       0       0       0       0       0       0       
      +0       0       0       0       0
   264 ;;Total ram usage:        2 bytes
   265 ;; Hardware stack levels used:    1
   266 ;; This function calls:
   267 ;;		Nothing
   268 ;; This function is called by:
   269 ;;		_main
   270 ;; This function uses a non-reentrant model
   271 ;;
   272                           
   273                           	psect	text1
   274  00FF36                     __ptext1:
   275                           	opt stack 0
   276  00FF36                     _WAIT_1_SEC:
   277                           	opt stack 30
   278                           
   279                           ;Lab5_7Seg.c: 21: for (int j=0; j<17000; j++);
   280                           
   281                           ;incstack = 0
   282  00FF36  0E00               	movlw	0
   283  00FF38  6E0C               	movwf	WAIT_1_SEC@j+1,c
   284  00FF3A  0E00               	movlw	0
   285  00FF3C  6E0B               	movwf	WAIT_1_SEC@j,c
   286  00FF3E                     l629:
   287  00FF3E  BE0C               	btfsc	WAIT_1_SEC@j+1,7,c
   288  00FF40  D008               	goto	l633
   289  00FF42  0E68               	movlw	104
   290  00FF44  5C0B               	subwf	WAIT_1_SEC@j,w,c
   291  00FF46  0E42               	movlw	66
   292  00FF48  580C               	subwfb	WAIT_1_SEC@j+1,w,c
   293  00FF4A  B0D8               	btfsc	status,0,c
   294  00FF4C  D005               	goto	l27
   295  00FF4E  D001               	goto	l633
   296  00FF50  D003               	goto	l27
   297  00FF52                     l633:
   298  00FF52  4A0B               	infsnz	WAIT_1_SEC@j,f,c
   299  00FF54  2A0C               	incf	WAIT_1_SEC@j+1,f,c
   300  00FF56  D7F3               	goto	l629
   301  00FF58                     l27:
   302  00FF58  0012               	return		;funcret
   303  00FF5A                     __end_of_WAIT_1_SEC:
   304                           	opt stack 0
   305                           tblptru	equ	0xFF8
   306                           tblptrh	equ	0xFF7
   307                           tblptrl	equ	0xFF6
   308                           tablat	equ	0xFF5
   309                           postinc0	equ	0xFEE
   310                           postdec1	equ	0xFE5
   311                           fsr1l	equ	0xFE1
   312                           status	equ	0xFD8
   313                           
   314 ;; *************** function _Display_Upper_Digit *****************
   315 ;; Defined at:
   316 ;;		line 69 in file "Lab5_7Seg.c"
   317 ;; Parameters:    Size  Location     Type
   318 ;;  digit           1    wreg     unsigned char 
   319 ;; Auto vars:     Size  Location     Type
   320 ;;  digit           1    0[COMRAM] unsigned char 
   321 ;; Return value:  Size  Location     Type
   322 ;;		None               void
   323 ;; Registers used:
   324 ;;		wreg, fsr2l, fsr2h, status,2, status,0, prodl, prodh
   325 ;; Tracked objects:
   326 ;;		On entry : 0/0
   327 ;;		On exit  : 0/0
   328 ;;		Unchanged: 0/0
   329 ;; Data sizes:     COMRAM   BANK0   BANK1   BANK2   BANK3   BANK4   BANK5   BANK6   BANK7   BANK8   BANK9  BANK10  BANK1
      +1  BANK12  BANK13  BANK14  BANK15
   330 ;;      Params:         0       0       0       0       0       0       0       0       0       0       0       0       
      +0       0       0       0       0
   331 ;;      Locals:         1       0       0       0       0       0       0       0       0       0       0       0       
      +0       0       0       0       0
   332 ;;      Temps:          0       0       0       0       0       0       0       0       0       0       0       0       
      +0       0       0       0       0
   333 ;;      Totals:         1       0       0       0       0       0       0       0       0       0       0       0       
      +0       0       0       0       0
   334 ;;Total ram usage:        1 bytes
   335 ;; Hardware stack levels used:    1
   336 ;; This function calls:
   337 ;;		Nothing
   338 ;; This function is called by:
   339 ;;		_main
   340 ;; This function uses a non-reentrant model
   341 ;;
   342                           
   343                           	psect	text2
   344  00FF5A                     __ptext2:
   345                           	opt stack 0
   346  00FF5A                     _Display_Upper_Digit:
   347                           	opt stack 30
   348                           
   349                           ;incstack = 0
   350                           ;Display_Upper_Digit@digit stored from wreg
   351  00FF5A  6E0B               	movwf	Display_Upper_Digit@digit,c
   352                           
   353                           ;Lab5_7Seg.c: 71: PORTC = array[digit] & 0x3F;
   354  00FF5C  500B               	movf	Display_Upper_Digit@digit,w,c
   355  00FF5E  0D01               	mullw	1
   356  00FF60  0E01               	movlw	low _array
   357  00FF62  24F3               	addwf	prodl,w,c
   358  00FF64  6ED9               	movwf	fsr2l,c
   359  00FF66  0E00               	movlw	high _array
   360  00FF68  20F4               	addwfc	prodh,w,c
   361  00FF6A  6EDA               	movwf	fsr2h,c
   362  00FF6C  50DF               	movf	indf2,w,c
   363  00FF6E  0B3F               	andlw	63
   364  00FF70  6E82               	movwf	3970,c	;volatile
   365                           
   366                           ;Lab5_7Seg.c: 72: if (PORTCbits.RC6 = 1)
   367  00FF72  8C82               	bsf	3970,6,c	;volatile
   368                           
   369                           ;Lab5_7Seg.c: 73: {
   370                           ;Lab5_7Seg.c: 74: PORTE = 0x01;
   371  00FF74  0E01               	movlw	1
   372  00FF76  D001               	goto	L2
   373                           
   374                           ;Lab5_7Seg.c: 76: else
   375                           ;Lab5_7Seg.c: 77: {
   376                           ;Lab5_7Seg.c: 78: PORTE = 0x00;
   377                           
   378                           ;Lab5_7Seg.c: 75: }
   379  00FF78  0E00               	movlw	0
   380  00FF7A                     L2:
   381  00FF7A  6E84               	movwf	3972,c	;volatile
   382  00FF7C  D000               	goto	l42
   383  00FF7E                     l42:
   384  00FF7E  0012               	return		;funcret
   385  00FF80                     __end_of_Display_Upper_Digit:
   386                           	opt stack 0
   387                           tblptru	equ	0xFF8
   388                           tblptrh	equ	0xFF7
   389                           tblptrl	equ	0xFF6
   390                           tablat	equ	0xFF5
   391                           prodh	equ	0xFF4
   392                           prodl	equ	0xFF3
   393                           postinc0	equ	0xFEE
   394                           postdec1	equ	0xFE5
   395                           fsr1l	equ	0xFE1
   396                           indf2	equ	0xFDF
   397                           fsr2h	equ	0xFDA
   398                           fsr2l	equ	0xFD9
   399                           status	equ	0xFD8
   400                           
   401 ;; *************** function _Display_Lower_Digit *****************
   402 ;; Defined at:
   403 ;;		line 82 in file "Lab5_7Seg.c"
   404 ;; Parameters:    Size  Location     Type
   405 ;;  digit           1    wreg     unsigned char 
   406 ;; Auto vars:     Size  Location     Type
   407 ;;  digit           1    0[COMRAM] unsigned char 
   408 ;; Return value:  Size  Location     Type
   409 ;;		None               void
   410 ;; Registers used:
   411 ;;		wreg, fsr2l, fsr2h, status,2, status,0, prodl, prodh
   412 ;; Tracked objects:
   413 ;;		On entry : 0/0
   414 ;;		On exit  : 0/0
   415 ;;		Unchanged: 0/0
   416 ;; Data sizes:     COMRAM   BANK0   BANK1   BANK2   BANK3   BANK4   BANK5   BANK6   BANK7   BANK8   BANK9  BANK10  BANK1
      +1  BANK12  BANK13  BANK14  BANK15
   417 ;;      Params:         0       0       0       0       0       0       0       0       0       0       0       0       
      +0       0       0       0       0
   418 ;;      Locals:         1       0       0       0       0       0       0       0       0       0       0       0       
      +0       0       0       0       0
   419 ;;      Temps:          0       0       0       0       0       0       0       0       0       0       0       0       
      +0       0       0       0       0
   420 ;;      Totals:         1       0       0       0       0       0       0       0       0       0       0       0       
      +0       0       0       0       0
   421 ;;Total ram usage:        1 bytes
   422 ;; Hardware stack levels used:    1
   423 ;; This function calls:
   424 ;;		Nothing
   425 ;; This function is called by:
   426 ;;		_main
   427 ;; This function uses a non-reentrant model
   428 ;;
   429                           
   430                           	psect	text3
   431  00FF1E                     __ptext3:
   432                           	opt stack 0
   433  00FF1E                     _Display_Lower_Digit:
   434                           	opt stack 30
   435                           
   436                           ;incstack = 0
   437                           ;Display_Lower_Digit@digit stored from wreg
   438  00FF1E  6E0B               	movwf	Display_Lower_Digit@digit,c
   439                           
   440                           ;Lab5_7Seg.c: 84: PORTD = array[digit];
   441  00FF20  500B               	movf	Display_Lower_Digit@digit,w,c
   442  00FF22  0D01               	mullw	1
   443  00FF24  0E01               	movlw	low _array
   444  00FF26  24F3               	addwf	prodl,w,c
   445  00FF28  6ED9               	movwf	fsr2l,c
   446  00FF2A  0E00               	movlw	high _array
   447  00FF2C  20F4               	addwfc	prodh,w,c
   448  00FF2E  6EDA               	movwf	fsr2h,c
   449  00FF30  50DF               	movf	indf2,w,c
   450  00FF32  6E83               	movwf	3971,c	;volatile
   451  00FF34  0012               	return		;funcret
   452  00FF36                     __end_of_Display_Lower_Digit:
   453                           	opt stack 0
   454  0000                     tblptru	equ	0xFF8
   455                           tblptrh	equ	0xFF7
   456                           tblptrl	equ	0xFF6
   457                           tablat	equ	0xFF5
   458                           prodh	equ	0xFF4
   459                           prodl	equ	0xFF3
   460                           postinc0	equ	0xFEE
   461                           postdec1	equ	0xFE5
   462                           fsr1l	equ	0xFE1
   463                           indf2	equ	0xFDF
   464                           fsr2h	equ	0xFDA
   465                           fsr2l	equ	0xFD9
   466                           status	equ	0xFD8
   467                           tblptru	equ	0xFF8
   468                           tblptrh	equ	0xFF7
   469                           tblptrl	equ	0xFF6
   470                           tablat	equ	0xFF5
   471                           prodh	equ	0xFF4
   472                           prodl	equ	0xFF3
   473                           postinc0	equ	0xFEE
   474                           postdec1	equ	0xFE5
   475                           fsr1l	equ	0xFE1
   476                           indf2	equ	0xFDF
   477                           fsr2h	equ	0xFDA
   478                           fsr2l	equ	0xFD9
   479                           status	equ	0xFD8
   480                           
   481                           	psect	rparam
   482  0000                     tblptru	equ	0xFF8
   483                           tblptrh	equ	0xFF7
   484                           tblptrl	equ	0xFF6
   485                           tablat	equ	0xFF5
   486                           prodh	equ	0xFF4
   487                           prodl	equ	0xFF3
   488                           postinc0	equ	0xFEE
   489                           postdec1	equ	0xFE5
   490                           fsr1l	equ	0xFE1
   491                           indf2	equ	0xFDF
   492                           fsr2h	equ	0xFDA
   493                           fsr2l	equ	0xFD9
   494                           status	equ	0xFD8


Data Sizes:
    Strings     0
    Constant    0
    Data        10
    BSS         0
    Persistent  0
    Stack       0

Auto Spaces:
    Space          Size  Autos    Used
    COMRAM          127      4      14
    BANK0           128      0       0
    BANK1           256      0       0
    BANK2           256      0       0
    BANK3           256      0       0
    BANK4           256      0       0
    BANK5           256      0       0
    BANK6           256      0       0
    BANK7           256      0       0
    BANK8           256      0       0
    BANK9           256      0       0
    BANK10          256      0       0
    BANK11          256      0       0
    BANK12          256      0       0
    BANK13          256      0       0
    BANK14          256      0       0
    BANK15          128      0       0

Pointer List with Targets:

    None.

Critical Paths under _main in COMRAM

    _main->_WAIT_1_SEC

Critical Paths under _main in BANK0

    None.

Critical Paths under _main in BANK1

    None.

Critical Paths under _main in BANK2

    None.

Critical Paths under _main in BANK3

    None.

Critical Paths under _main in BANK4

    None.

Critical Paths under _main in BANK5

    None.

Critical Paths under _main in BANK6

    None.

Critical Paths under _main in BANK7

    None.

Critical Paths under _main in BANK8

    None.

Critical Paths under _main in BANK9

    None.

Critical Paths under _main in BANK10

    None.

Critical Paths under _main in BANK11

    None.

Critical Paths under _main in BANK12

    None.

Critical Paths under _main in BANK13

    None.

Critical Paths under _main in BANK14

    None.

Critical Paths under _main in BANK15

    None.

Call Graph Tables:

 ---------------------------------------------------------------------------------
 (Depth) Function   	        Calls       Base Space   Used Autos Params    Refs
 ---------------------------------------------------------------------------------
 (0) _main                                                 2     2      0     120
                                              2 COMRAM     2     2      0
                _Display_Lower_Digit
                _Display_Upper_Digit
                         _WAIT_1_SEC
 ---------------------------------------------------------------------------------
 (1) _WAIT_1_SEC                                           2     2      0      30
                                              0 COMRAM     2     2      0
 ---------------------------------------------------------------------------------
 (1) _Display_Upper_Digit                                  1     1      0      15
                                              0 COMRAM     1     1      0
 ---------------------------------------------------------------------------------
 (1) _Display_Lower_Digit                                  1     1      0      15
                                              0 COMRAM     1     1      0
 ---------------------------------------------------------------------------------
 Estimated maximum stack depth 1
 ---------------------------------------------------------------------------------

 Call Graph Graphs:

 _main (ROOT)
   _Display_Lower_Digit
   _Display_Upper_Digit
   _WAIT_1_SEC

 Address spaces:
Name               Size   Autos  Total    Cost      Usage
BIGRAM             F7F      0       0      37        0.0%
EEDATA             400      0       0       0        0.0%
BITBANK14          100      0       0      32        0.0%
BANK14             100      0       0      33        0.0%
BITBANK13          100      0       0      30        0.0%
BANK13             100      0       0      31        0.0%
BITBANK12          100      0       0      28        0.0%
BANK12             100      0       0      29        0.0%
BITBANK11          100      0       0      26        0.0%
BANK11             100      0       0      27        0.0%
BITBANK10          100      0       0      24        0.0%
BANK10             100      0       0      25        0.0%
BITBANK9           100      0       0      22        0.0%
BANK9              100      0       0      23        0.0%
BITBANK8           100      0       0      20        0.0%
BANK8              100      0       0      21        0.0%
BITBANK7           100      0       0      18        0.0%
BANK7              100      0       0      19        0.0%
BITBANK6           100      0       0      16        0.0%
BANK6              100      0       0      17        0.0%
BITBANK5           100      0       0      14        0.0%
BANK5              100      0       0      15        0.0%
BITBANK4           100      0       0      12        0.0%
BANK4              100      0       0      13        0.0%
BITBANK3           100      0       0      10        0.0%
BANK3              100      0       0      11        0.0%
BITBANK2           100      0       0       8        0.0%
BANK2              100      0       0       9        0.0%
BITBANK1           100      0       0       6        0.0%
BANK1              100      0       0       7        0.0%
BITBANK15           80      0       0      35        0.0%
BANK15              80      0       0      36        0.0%
BITBANK0            80      0       0       4        0.0%
BANK0               80      0       0       5        0.0%
BITCOMRAM           7F      0       0       0        0.0%
COMRAM              7F      4       E       1       11.0%
BITSFR               0      0       0      40        0.0%
SFR                  0      0       0      40        0.0%
STACK                0      0       0       2        0.0%
NULL                 0      0       0       0        0.0%
ABS                  0      0       E      34        0.0%
DATA                 0      0       E       3        0.0%
CODE                 0      0       0       0        0.0%


Microchip Technology PIC18 Macro Assembler V1.34 build -361300703 
Symbol Table                                                                                   Thu Mar 03 02:20:07 2022

                          l32 FFBA                            l42 FF7E                            l34 FFF4  
                          l27 FF58                            u40 FFF4                           l633 FF52  
                         l629 FF3E                           l653 FFD6                           prod 000FF3  
                __CFG_LVP$OFF 000000                  __CFG_WDT$OFF 000000                          _main FFA6  
                        fsr1l 000FE1                          indf2 000FDF                          fsr2l 000FD9  
                        prodl 000FF3                          start 0000                  ___param_bank 000010  
                 ?_WAIT_1_SEC 000B                         ?_main 000B                         _PORTC 000F82  
                       _PORTD 000F83                         _PORTE 000F84                         _TRISA 000F92  
                       _TRISB 000F93                         _TRISC 000F94                         _TRISD 000F95  
                       _TRISE 000F96                         _array 0001                         main@i 000D  
              __CFG_BOREN$OFF 000000                         tablat 000FF5                         status 000FD8  
             __initialization FF80                  __end_of_main 0000      Display_Lower_Digit@digit 000B  
                      ??_main 000D                 __activetblptr 000000   __end_of_Display_Lower_Digit FF36  
         __size_of_WAIT_1_SEC 0024                  __pdataCOMRAM 0001                        tblptrh 000FF7  
                      tblptrl 000FF6                        tblptru 000FF8                    __accesstop 0080  
     __end_of__initialization FFA0                 ___rparam_used 000001                __pcstackCOMRAM 000B  
 __end_of_Display_Upper_Digit FF80                  ??_WAIT_1_SEC 000B                   WAIT_1_SEC@j 000B  
          __end_of_WAIT_1_SEC FF5A                       __Hparam 0000                       __Lparam 0000  
                     __pcinit FF80                       __ramtop 1000                       __ptext0 FFA6  
                     __ptext1 FF36                       __ptext2 FF5A                       __ptext3 FF1E  
        end_of_initialization FFA0                       postdec1 000FE5                       postinc0 000FEE  
                   _PORTCbits 000F82  __size_of_Display_Lower_Digit 0018      Display_Upper_Digit@digit 000B  
               __pidataCOMRAM FF14           start_initialization FF80              __CFG_OSC$INTIO67 000000  
__size_of_Display_Upper_Digit 0026           _Display_Lower_Digit FF1E                     copy_data0 FF94  
        ?_Display_Lower_Digit 000B                      __Hrparam 0000                      __Lrparam 0000  
       ??_Display_Lower_Digit 000B                 __size_of_main 005A           _Display_Upper_Digit FF5A  
        ?_Display_Upper_Digit 000B                    _WAIT_1_SEC FF36         ??_Display_Upper_Digit 000B  
