

Microchip Technology PIC18 LITE Macro Assembler V1.34 build -361300703 
                                                                                               Tue Feb 08 17:55:43 2022

Microchip Technology Omniscient Code Generator (Lite mode) build 201502162209
     1                           	processor	18F4620
     2                           	fnconf	rparam,??,?,0
     3                           	opt	pw 120
     4                           	opt	lm
     5                           	psect	idataCOMRAM,global,class=CODE,delta=1
     6                           	psect	cinit,global,reloc=2,class=CODE,delta=1
     7                           	psect	dataCOMRAM,global,class=COMRAM,space=1,delta=1
     8                           	psect	cstackCOMRAM,global,class=COMRAM,space=1,delta=1
     9                           	psect	text0,global,reloc=2,class=CODE,delta=1
    10                           	psect	text1,global,reloc=2,class=CODE,delta=1
    11                           	psect	intsave_regs,global,class=BIGRAM,space=1,delta=1
    12                           	psect	rparam,global,class=COMRAM,space=1,delta=1
    13  0000                     
    14                           	psect	idataCOMRAM
    15  00FF12                     __pidataCOMRAM:
    16                           	opt stack 0
    17                           
    18                           ;initializer for main@F4270
    19  00FF12  01                 	db	1
    20  00FF13  07                 	db	7
    21  00FF14  03                 	db	3
    22  00FF15  04                 	db	4
    23  00FF16  02                 	db	2
    24  00FF17  06                 	db	6
    25  00FF18  05                 	db	5
    26  00FF19  00                 	db	0
    27                           
    28                           ;initializer for main@F4272
    29  00FF1A  04                 	db	4
    30  00FF1B  06                 	db	6
    31  00FF1C  02                 	db	2
    32  00FF1D  03                 	db	3
    33  00FF1E  00                 	db	0
    34  00FF1F  07                 	db	7
    35  00FF20  05                 	db	5
    36  00FF21  01                 	db	1
    37  0000                     _ADCON1	set	4033
    38  0000                     _PORTC	set	3970
    39  0000                     _PORTD	set	3971
    40  0000                     _TRISC	set	3988
    41  0000                     _TRISD	set	3989
    42                           
    43                           ; #config settings
    44  0000                     
    45                           	psect	cinit
    46  00FF46                     __pcinit:
    47                           	opt stack 0
    48  00FF46                     start_initialization:
    49                           	opt stack 0
    50  00FF46                     __initialization:
    51                           	opt stack 0
    52                           
    53                           ; Initialize objects allocated to COMRAM (16 bytes)
    54                           ; load TBLPTR registers with __pidataCOMRAM
    55  00FF46  0E12               	movlw	low __pidataCOMRAM
    56  00FF48  6EF6               	movwf	tblptrl,c
    57  00FF4A  0EFF               	movlw	high __pidataCOMRAM
    58  00FF4C  6EF7               	movwf	tblptrh,c
    59  00FF4E  0E00               	movlw	low (__pidataCOMRAM shr (0+16))
    60  00FF50  6EF8               	movwf	tblptru,c
    61  00FF52  EE00  F018         	lfsr	0,__pdataCOMRAM
    62  00FF56  EE10 F010          	lfsr	1,16
    63  00FF5A                     copy_data0:
    64  00FF5A  0009               	tblrd		*+
    65  00FF5C  CFF5 FFEE          	movff	tablat,postinc0
    66  00FF60  50E5               	movf	postdec1,w,c
    67  00FF62  50E1               	movf	fsr1l,w,c
    68  00FF64  E1FA               	bnz	copy_data0
    69  00FF66                     end_of_initialization:
    70                           	opt stack 0
    71  00FF66                     __end_of__initialization:
    72                           	opt stack 0
    73  00FF66  0100               	movlb	0
    74  00FF68  EFB6  F07F         	goto	_main	;jump to C main() function
    75                           tblptru	equ	0xFF8
    76                           tblptrh	equ	0xFF7
    77                           tblptrl	equ	0xFF6
    78                           tablat	equ	0xFF5
    79                           postinc0	equ	0xFEE
    80                           postdec1	equ	0xFE5
    81                           fsr1l	equ	0xFE1
    82                           
    83                           	psect	dataCOMRAM
    84  000018                     __pdataCOMRAM:
    85                           	opt stack 0
    86  000018                     main@F4270:
    87                           	opt stack 0
    88  000018                     	ds	8
    89  000020                     main@F4272:
    90                           	opt stack 0
    91  000020                     	ds	8
    92                           tblptru	equ	0xFF8
    93                           tblptrh	equ	0xFF7
    94                           tblptrl	equ	0xFF6
    95                           tablat	equ	0xFF5
    96                           postinc0	equ	0xFEE
    97                           postdec1	equ	0xFE5
    98                           fsr1l	equ	0xFE1
    99                           
   100                           	psect	cstackCOMRAM
   101  000001                     __pcstackCOMRAM:
   102                           	opt stack 0
   103  000001                     Delay_One_Sec@I:
   104                           	opt stack 0
   105                           
   106                           ; 2 bytes @ 0x0
   107  000001                     	ds	2
   108  000003                     main@L2_array:
   109                           	opt stack 0
   110                           
   111                           ; 8 bytes @ 0x2
   112  000003                     	ds	8
   113  00000B                     main@L3_array:
   114                           	opt stack 0
   115                           
   116                           ; 8 bytes @ 0xA
   117  00000B                     	ds	8
   118  000013                     main@in:
   119                           	opt stack 0
   120                           
   121                           ; 1 bytes @ 0x12
   122  000013                     	ds	1
   123  000014                     main@L2:
   124                           	opt stack 0
   125                           
   126                           ; 1 bytes @ 0x13
   127  000014                     	ds	1
   128  000015                     main@L3:
   129                           	opt stack 0
   130                           
   131                           ; 1 bytes @ 0x14
   132  000015                     	ds	1
   133  000016                     main@I:
   134                           	opt stack 0
   135                           
   136                           ; 2 bytes @ 0x15
   137  000016                     	ds	2
   138                           tblptru	equ	0xFF8
   139                           tblptrh	equ	0xFF7
   140                           tblptrl	equ	0xFF6
   141                           tablat	equ	0xFF5
   142                           postinc0	equ	0xFEE
   143                           postdec1	equ	0xFE5
   144                           fsr1l	equ	0xFE1
   145                           
   146 ;;
   147 ;;Main: autosize = 0, tempsize = 0, incstack = 0, save=0
   148 ;;
   149 ;; *************** function _main *****************
   150 ;; Defined at:
   151 ;;		line 14 in file "Lab2p5.c"
   152 ;; Parameters:    Size  Location     Type
   153 ;;		None
   154 ;; Auto vars:     Size  Location     Type
   155 ;;  I               2   21[COMRAM] int 
   156 ;;  L3_array        8   10[COMRAM] unsigned char [8]
   157 ;;  L2_array        8    2[COMRAM] unsigned char [8]
   158 ;;  L3              1   20[COMRAM] unsigned char 
   159 ;;  L2              1   19[COMRAM] unsigned char 
   160 ;;  in              1   18[COMRAM] unsigned char 
   161 ;; Return value:  Size  Location     Type
   162 ;;		None               void
   163 ;; Registers used:
   164 ;;		wreg, fsr1l, fsr1h, fsr2l, fsr2h, status,2, status,0, cstack
   165 ;; Tracked objects:
   166 ;;		On entry : 0/0
   167 ;;		On exit  : 0/0
   168 ;;		Unchanged: 0/0
   169 ;; Data sizes:     COMRAM   BANK0   BANK1   BANK2   BANK3   BANK4   BANK5   BANK6   BANK7   BANK8   BANK9  BANK10  BANK1
      +1  BANK12  BANK13  BANK14  BANK15
   170 ;;      Params:         0       0       0       0       0       0       0       0       0       0       0       0       
      +0       0       0       0       0
   171 ;;      Locals:        21       0       0       0       0       0       0       0       0       0       0       0       
      +0       0       0       0       0
   172 ;;      Temps:          0       0       0       0       0       0       0       0       0       0       0       0       
      +0       0       0       0       0
   173 ;;      Totals:        21       0       0       0       0       0       0       0       0       0       0       0       
      +0       0       0       0       0
   174 ;;Total ram usage:       21 bytes
   175 ;; Hardware stack levels required when called:    1
   176 ;; This function calls:
   177 ;;		_Delay_One_Sec
   178 ;; This function is called by:
   179 ;;		Startup code after reset
   180 ;; This function uses a non-reentrant model
   181 ;;
   182                           
   183                           	psect	text0
   184  00FF6C                     __ptext0:
   185                           	opt stack 0
   186  00FF6C                     _main:
   187                           	opt stack 30
   188                           
   189                           ;Lab2p5.c: 16: char in;
   190                           ;Lab2p5.c: 17: char L2;
   191                           ;Lab2p5.c: 18: char L3;
   192                           ;Lab2p5.c: 22: TRISC = 0x00;
   193                           
   194                           ;incstack = 0
   195  00FF6C  0E00               	movlw	0
   196  00FF6E  6E94               	movwf	3988,c	;volatile
   197                           
   198                           ;Lab2p5.c: 23: TRISD = 0x00;
   199  00FF70  0E00               	movlw	0
   200  00FF72  6E95               	movwf	3989,c	;volatile
   201                           
   202                           ;Lab2p5.c: 25: ADCON1 = 0x0F;
   203  00FF74  0E0F               	movlw	15
   204  00FF76  6EC1               	movwf	4033,c	;volatile
   205                           
   206                           ;Lab2p5.c: 27: char L2_array[8] = {0x01, 0x07, 0x03, 0x04, 0x02, 0x06, 0x05, 0x00};
   207  00FF78  EE20  F018         	lfsr	2,main@F4270
   208  00FF7C  EE10  F003         	lfsr	1,main@L2_array
   209  00FF80  0E07               	movlw	7
   210  00FF82                     u31:
   211  00FF82  CFDB FFE3          	movff	plusw2,plusw1
   212  00FF86  06E8               	decf	wreg,f,c
   213  00FF88  E2FC               	bc	u31
   214                           
   215                           ;Lab2p5.c: 28: char L3_array[8] = {0x04, 0x06, 0x02, 0x03, 0x00, 0x07, 0x05, 0x01};
   216  00FF8A  EE20  F020         	lfsr	2,main@F4272
   217  00FF8E  EE10  F00B         	lfsr	1,main@L3_array
   218  00FF92  0E07               	movlw	7
   219  00FF94                     u41:
   220  00FF94  CFDB FFE3          	movff	plusw2,plusw1
   221  00FF98  06E8               	decf	wreg,f,c
   222  00FF9A  E2FC               	bc	u41
   223                           
   224                           ;Lab2p5.c: 30: for (int I=0; I<=7; I++){
   225  00FF9C  0E00               	movlw	0
   226  00FF9E  6E17               	movwf	main@I+1,c
   227  00FFA0  0E00               	movlw	0
   228  00FFA2  6E16               	movwf	main@I,c
   229  00FFA4                     l624:
   230  00FFA4  BE17               	btfsc	main@I+1,7,c
   231  00FFA6  D00A               	goto	l628
   232  00FFA8  5017               	movf	main@I+1,w,c
   233  00FFAA  E128               	bnz	l21
   234  00FFAC  0E08               	movlw	8
   235  00FFAE  5C16               	subwf	main@I,w,c
   236  00FFB0  B0D8               	btfsc	status,0,c
   237  00FFB2  EF00  F000         	goto	start
   238  00FFB6  D002               	goto	l628
   239  00FFB8  EF00  F000         	goto	start
   240  00FFBC                     l628:
   241                           
   242                           ;Lab2p5.c: 33: L2 = L2_array[I];
   243  00FFBC  0E03               	movlw	low main@L2_array
   244  00FFBE  2416               	addwf	main@I,w,c
   245  00FFC0  6ED9               	movwf	fsr2l,c
   246  00FFC2  0E00               	movlw	high main@L2_array
   247  00FFC4  2017               	addwfc	main@I+1,w,c
   248  00FFC6  6EDA               	movwf	fsr2h,c
   249  00FFC8  50DF               	movf	indf2,w,c
   250  00FFCA  6E14               	movwf	main@L2,c
   251                           
   252                           ;Lab2p5.c: 34: L3 = L3_array[I];
   253  00FFCC  0E0B               	movlw	low main@L3_array
   254  00FFCE  2416               	addwf	main@I,w,c
   255  00FFD0  6ED9               	movwf	fsr2l,c
   256  00FFD2  0E00               	movlw	high main@L3_array
   257  00FFD4  2017               	addwfc	main@I+1,w,c
   258  00FFD6  6EDA               	movwf	fsr2h,c
   259  00FFD8  50DF               	movf	indf2,w,c
   260  00FFDA  6E15               	movwf	main@L3,c
   261                           
   262                           ;Lab2p5.c: 35: L3 = L3 << 5;
   263  00FFDC  3815               	swapf	main@L3,w,c
   264  00FFDE  46E8               	rlncf	wreg,f,c
   265  00FFE0  0BE0               	andlw	224
   266  00FFE2  6E15               	movwf	main@L3,c
   267                           
   268                           ;Lab2p5.c: 36: in = L2 | L3;
   269  00FFE4  5014               	movf	main@L2,w,c
   270  00FFE6  1015               	iorwf	main@L3,w,c
   271  00FFE8  6E13               	movwf	main@in,c
   272                           
   273                           ;Lab2p5.c: 38: PORTC = I;
   274  00FFEA  C016  FF82         	movff	main@I,3970	;volatile
   275                           
   276                           ;Lab2p5.c: 39: PORTD = in;
   277  00FFEE  C013  FF83         	movff	main@in,3971	;volatile
   278                           
   279                           ;Lab2p5.c: 41: Delay_One_Sec();
   280  00FFF2  EC91  F07F         	call	_Delay_One_Sec	;wreg free
   281  00FFF6  4A16               	infsnz	main@I,f,c
   282  00FFF8  2A17               	incf	main@I+1,f,c
   283  00FFFA  D7D4               	goto	l624
   284  00FFFC                     l21:
   285  00FFFC  EF00  F000         	goto	start
   286  010000                     __end_of_main:
   287                           	opt stack 0
   288                           tblptru	equ	0xFF8
   289                           tblptrh	equ	0xFF7
   290                           tblptrl	equ	0xFF6
   291                           tablat	equ	0xFF5
   292                           postinc0	equ	0xFEE
   293                           wreg	equ	0xFE8
   294                           postdec1	equ	0xFE5
   295                           plusw1	equ	0xFE3
   296                           fsr1l	equ	0xFE1
   297                           indf2	equ	0xFDF
   298                           plusw2	equ	0xFDB
   299                           fsr2h	equ	0xFDA
   300                           fsr2l	equ	0xFD9
   301                           status	equ	0xFD8
   302                           
   303 ;; *************** function _Delay_One_Sec *****************
   304 ;; Defined at:
   305 ;;		line 46 in file "Lab2p5.c"
   306 ;; Parameters:    Size  Location     Type
   307 ;;		None
   308 ;; Auto vars:     Size  Location     Type
   309 ;;  I               2    0[COMRAM] int 
   310 ;; Return value:  Size  Location     Type
   311 ;;		None               void
   312 ;; Registers used:
   313 ;;		wreg, status,2, status,0
   314 ;; Tracked objects:
   315 ;;		On entry : 0/0
   316 ;;		On exit  : 0/0
   317 ;;		Unchanged: 0/0
   318 ;; Data sizes:     COMRAM   BANK0   BANK1   BANK2   BANK3   BANK4   BANK5   BANK6   BANK7   BANK8   BANK9  BANK10  BANK1
      +1  BANK12  BANK13  BANK14  BANK15
   319 ;;      Params:         0       0       0       0       0       0       0       0       0       0       0       0       
      +0       0       0       0       0
   320 ;;      Locals:         2       0       0       0       0       0       0       0       0       0       0       0       
      +0       0       0       0       0
   321 ;;      Temps:          0       0       0       0       0       0       0       0       0       0       0       0       
      +0       0       0       0       0
   322 ;;      Totals:         2       0       0       0       0       0       0       0       0       0       0       0       
      +0       0       0       0       0
   323 ;;Total ram usage:        2 bytes
   324 ;; Hardware stack levels used:    1
   325 ;; This function calls:
   326 ;;		Nothing
   327 ;; This function is called by:
   328 ;;		_main
   329 ;; This function uses a non-reentrant model
   330 ;;
   331                           
   332                           	psect	text1
   333  00FF22                     __ptext1:
   334                           	opt stack 0
   335  00FF22                     _Delay_One_Sec:
   336                           	opt stack 30
   337                           
   338                           ;Lab2p5.c: 48: for(int I=0; I <17000; I++);
   339                           
   340                           ;incstack = 0
   341  00FF22  0E00               	movlw	0
   342  00FF24  6E02               	movwf	Delay_One_Sec@I+1,c
   343  00FF26  0E00               	movlw	0
   344  00FF28  6E01               	movwf	Delay_One_Sec@I,c
   345  00FF2A                     l610:
   346  00FF2A  BE02               	btfsc	Delay_One_Sec@I+1,7,c
   347  00FF2C  D008               	goto	l614
   348  00FF2E  0E68               	movlw	104
   349  00FF30  5C01               	subwf	Delay_One_Sec@I,w,c
   350  00FF32  0E42               	movlw	66
   351  00FF34  5802               	subwfb	Delay_One_Sec@I+1,w,c
   352  00FF36  B0D8               	btfsc	status,0,c
   353  00FF38  D005               	goto	l26
   354  00FF3A  D001               	goto	l614
   355  00FF3C  D003               	goto	l26
   356  00FF3E                     l614:
   357  00FF3E  4A01               	infsnz	Delay_One_Sec@I,f,c
   358  00FF40  2A02               	incf	Delay_One_Sec@I+1,f,c
   359  00FF42  D7F3               	goto	l610
   360  00FF44                     l26:
   361  00FF44  0012               	return		;funcret
   362  00FF46                     __end_of_Delay_One_Sec:
   363                           	opt stack 0
   364  0000                     tblptru	equ	0xFF8
   365                           tblptrh	equ	0xFF7
   366                           tblptrl	equ	0xFF6
   367                           tablat	equ	0xFF5
   368                           postinc0	equ	0xFEE
   369                           wreg	equ	0xFE8
   370                           postdec1	equ	0xFE5
   371                           plusw1	equ	0xFE3
   372                           fsr1l	equ	0xFE1
   373                           indf2	equ	0xFDF
   374                           plusw2	equ	0xFDB
   375                           fsr2h	equ	0xFDA
   376                           fsr2l	equ	0xFD9
   377                           status	equ	0xFD8
   378                           tblptru	equ	0xFF8
   379                           tblptrh	equ	0xFF7
   380                           tblptrl	equ	0xFF6
   381                           tablat	equ	0xFF5
   382                           postinc0	equ	0xFEE
   383                           wreg	equ	0xFE8
   384                           postdec1	equ	0xFE5
   385                           plusw1	equ	0xFE3
   386                           fsr1l	equ	0xFE1
   387                           indf2	equ	0xFDF
   388                           plusw2	equ	0xFDB
   389                           fsr2h	equ	0xFDA
   390                           fsr2l	equ	0xFD9
   391                           status	equ	0xFD8
   392                           
   393                           	psect	rparam
   394  0000                     tblptru	equ	0xFF8
   395                           tblptrh	equ	0xFF7
   396                           tblptrl	equ	0xFF6
   397                           tablat	equ	0xFF5
   398                           postinc0	equ	0xFEE
   399                           wreg	equ	0xFE8
   400                           postdec1	equ	0xFE5
   401                           plusw1	equ	0xFE3
   402                           fsr1l	equ	0xFE1
   403                           indf2	equ	0xFDF
   404                           plusw2	equ	0xFDB
   405                           fsr2h	equ	0xFDA
   406                           fsr2l	equ	0xFD9
   407                           status	equ	0xFD8


Data Sizes:
    Strings     0
    Constant    0
    Data        16
    BSS         0
    Persistent  0
    Stack       0

Auto Spaces:
    Space          Size  Autos    Used
    COMRAM          127     23      39
    BANK0           128      0       0
    BANK1           256      0       0
    BANK2           256      0       0
    BANK3           256      0       0
    BANK4           256      0       0
    BANK5           256      0       0
    BANK6           256      0       0
    BANK7           256      0       0
    BANK8           256      0       0
    BANK9           256      0       0
    BANK10          256      0       0
    BANK11          256      0       0
    BANK12          256      0       0
    BANK13          256      0       0
    BANK14          256      0       0
    BANK15          128      0       0

Pointer List with Targets:

    None.

Critical Paths under _main in COMRAM

    _main->_Delay_One_Sec

Critical Paths under _main in BANK0

    None.

Critical Paths under _main in BANK1

    None.

Critical Paths under _main in BANK2

    None.

Critical Paths under _main in BANK3

    None.

Critical Paths under _main in BANK4

    None.

Critical Paths under _main in BANK5

    None.

Critical Paths under _main in BANK6

    None.

Critical Paths under _main in BANK7

    None.

Critical Paths under _main in BANK8

    None.

Critical Paths under _main in BANK9

    None.

Critical Paths under _main in BANK10

    None.

Critical Paths under _main in BANK11

    None.

Critical Paths under _main in BANK12

    None.

Critical Paths under _main in BANK13

    None.

Critical Paths under _main in BANK14

    None.

Critical Paths under _main in BANK15

    None.

Call Graph Tables:

 ---------------------------------------------------------------------------------
 (Depth) Function   	        Calls       Base Space   Used Autos Params    Refs
 ---------------------------------------------------------------------------------
 (0) _main                                                21    21      0     195
                                              2 COMRAM    21    21      0
                      _Delay_One_Sec
 ---------------------------------------------------------------------------------
 (1) _Delay_One_Sec                                        2     2      0      30
                                              0 COMRAM     2     2      0
 ---------------------------------------------------------------------------------
 Estimated maximum stack depth 1
 ---------------------------------------------------------------------------------

 Call Graph Graphs:

 _main (ROOT)
   _Delay_One_Sec

 Address spaces:
Name               Size   Autos  Total    Cost      Usage
BIGRAM             F7F      0       0      37        0.0%
EEDATA             400      0       0       0        0.0%
BITBANK14          100      0       0      32        0.0%
BANK14             100      0       0      33        0.0%
BITBANK13          100      0       0      30        0.0%
BANK13             100      0       0      31        0.0%
BITBANK12          100      0       0      28        0.0%
BANK12             100      0       0      29        0.0%
BITBANK11          100      0       0      26        0.0%
BANK11             100      0       0      27        0.0%
BITBANK10          100      0       0      24        0.0%
BANK10             100      0       0      25        0.0%
BITBANK9           100      0       0      22        0.0%
BANK9              100      0       0      23        0.0%
BITBANK8           100      0       0      20        0.0%
BANK8              100      0       0      21        0.0%
BITBANK7           100      0       0      18        0.0%
BANK7              100      0       0      19        0.0%
BITBANK6           100      0       0      16        0.0%
BANK6              100      0       0      17        0.0%
BITBANK5           100      0       0      14        0.0%
BANK5              100      0       0      15        0.0%
BITBANK4           100      0       0      12        0.0%
BANK4              100      0       0      13        0.0%
BITBANK3           100      0       0      10        0.0%
BANK3              100      0       0      11        0.0%
BITBANK2           100      0       0       8        0.0%
BANK2              100      0       0       9        0.0%
BITBANK1           100      0       0       6        0.0%
BANK1              100      0       0       7        0.0%
BITBANK15           80      0       0      35        0.0%
BANK15              80      0       0      36        0.0%
BITBANK0            80      0       0       4        0.0%
BANK0               80      0       0       5        0.0%
BITCOMRAM           7F      0       0       0        0.0%
COMRAM              7F     17      27       1       30.7%
BITSFR               0      0       0      40        0.0%
SFR                  0      0       0      40        0.0%
STACK                0      0       0       2        0.0%
NULL                 0      0       0       0        0.0%
ABS                  0      0      27      34        0.0%
DATA                 0      0      27       3        0.0%
CODE                 0      0       0       0        0.0%


Microchip Technology PIC18 Macro Assembler V1.34 build -361300703 
Symbol Table                                                                                   Tue Feb 08 17:55:43 2022

                     l21 FFFC                       l26 FF44                       u31 FF82  
                     u41 FF94                      l610 FF2A                      l614 FF3E  
                    l624 FFA4                      l628 FFBC                      wreg 000FE8  
           __CFG_LVP$OFF 000000             __CFG_WDT$OFF 000000                     _main FF6C  
                   fsr1l 000FE1                     indf2 000FDF                     fsr2l 000FD9  
                   start 0000             ___param_bank 000010                    ?_main 0001  
                  _PORTC 000F82                    _PORTD 000F83                    _TRISC 000F94  
                  _TRISD 000F95                    main@I 0016           __CFG_BOREN$OFF 000000  
                  tablat 000FF5                    plusw1 000FE3                    plusw2 000FDB  
                  status 000FD8          __initialization FF46             __end_of_main 0000  
                 ??_main 0003            __activetblptr 000000                   _ADCON1 000FC1  
                 main@L2 0014                   main@L3 0015                   main@in 0013  
           __pdataCOMRAM 0018                   tblptrh 000FF7                   tblptrl 000FF6  
                 tblptru 000FF8               __accesstop 0080  __end_of__initialization FF66  
          ___rparam_used 000001           __pcstackCOMRAM 0001           Delay_One_Sec@I 0001  
 __size_of_Delay_One_Sec 0024                  __Hparam 0000                  __Lparam 0000  
                __pcinit FF46                  __ramtop 1000                  __ptext0 FF6C  
                __ptext1 FF22     end_of_initialization FF66            _Delay_One_Sec FF22  
                postdec1 000FE5                  postinc0 000FEE           ?_Delay_One_Sec 0001  
          __pidataCOMRAM FF12      start_initialization FF46         __CFG_OSC$INTIO67 000000  
        ??_Delay_One_Sec 0001                main@F4270 0018                main@F4272 0020  
              copy_data0 FF5A                 __Hrparam 0000                 __Lrparam 0000  
          __size_of_main 0094             main@L2_array 0003             main@L3_array 000B  
  __end_of_Delay_One_Sec FF46  
