

Microchip Technology PIC18 LITE Macro Assembler V1.34 build -361300703 
                                                                                               Tue Feb 08 01:13:33 2022

Microchip Technology Omniscient Code Generator (Lite mode) build 201502162209
     1                           	processor	18F4620
     2                           	fnconf	rparam,??,?,0
     3                           	opt	pw 120
     4                           	opt	lm
     5                           	psect	text0,global,reloc=2,class=CODE,delta=1
     6                           	psect	cinit,global,reloc=2,class=CODE,delta=1
     7                           	psect	cstackCOMRAM,global,class=COMRAM,space=1,delta=1
     8                           	psect	text1,global,reloc=2,class=CODE,delta=1
     9                           	psect	intsave_regs,global,class=BIGRAM,space=1,delta=1
    10                           	psect	rparam,global,class=COMRAM,space=1,delta=1
    11  0000                     _ADCON1	set	4033
    12  0000                     _PORTA	set	3968
    13  0000                     _PORTC	set	3970
    14  0000                     _PORTD	set	3971
    15  0000                     _TRISA	set	3986
    16  0000                     _TRISB	set	3987
    17  0000                     _TRISC	set	3988
    18  0000                     _TRISD	set	3989
    19                           
    20 ;;
    21 ;;Main: autosize = 0, tempsize = 0, incstack = 0, save=0
    22 ;;
    23 ;; *************** function _main *****************
    24 ;; Defined at:
    25 ;;		line 14 in file "Lab2p4.c"
    26 ;; Parameters:    Size  Location     Type
    27 ;;		None
    28 ;; Auto vars:     Size  Location     Type
    29 ;;  i               2    3[COMRAM] int 
    30 ;;  in              1    5[COMRAM] unsigned char 
    31 ;;  in1             1    2[COMRAM] unsigned char 
    32 ;; Return value:  Size  Location     Type
    33 ;;		None               void
    34 ;; Registers used:
    35 ;;		wreg, status,2, status,0, cstack
    36 ;; Tracked objects:
    37 ;;		On entry : 0/0
    38 ;;		On exit  : 0/0
    39 ;;		Unchanged: 0/0
    40 ;; Data sizes:     COMRAM   BANK0   BANK1   BANK2   BANK3   BANK4   BANK5   BANK6   BANK7   BANK8   BANK9  BANK10  BANK1
      +1  BANK12  BANK13  BANK14  BANK15
    41 ;;      Params:         0       0       0       0       0       0       0       0       0       0       0       0       
      +0       0       0       0       0
    42 ;;      Locals:         4       0       0       0       0       0       0       0       0       0       0       0       
      +0       0       0       0       0
    43 ;;      Temps:          0       0       0       0       0       0       0       0       0       0       0       0       
      +0       0       0       0       0
    44 ;;      Totals:         4       0       0       0       0       0       0       0       0       0       0       0       
      +0       0       0       0       0
    45 ;;Total ram usage:        4 bytes
    46 ;; Hardware stack levels required when called:    1
    47 ;; This function calls:
    48 ;;		_Delay_One_Sec
    49 ;; This function is called by:
    50 ;;		Startup code after reset
    51 ;; This function uses a non-reentrant model
    52 ;;
    53                           
    54                           	psect	text0
    55  00FFA8                     __ptext0:
    56                           	opt stack 0
    57  00FFA8                     _main:
    58                           	opt stack 30
    59                           
    60                           ;Lab2p4.c: 16: char in;
    61                           ;Lab2p4.c: 17: char in1;
    62                           ;Lab2p4.c: 18: TRISA = 0xFF;
    63                           
    64                           ;incstack = 0
    65  00FFA8  6892               	setf	3986,c	;volatile
    66                           
    67                           ;Lab2p4.c: 19: TRISB = 0x00;
    68  00FFAA  0E00               	movlw	0
    69  00FFAC  6E93               	movwf	3987,c	;volatile
    70                           
    71                           ;Lab2p4.c: 20: TRISC = 0x00;
    72  00FFAE  0E00               	movlw	0
    73  00FFB0  6E94               	movwf	3988,c	;volatile
    74                           
    75                           ;Lab2p4.c: 21: TRISD = 0x00;
    76  00FFB2  0E00               	movlw	0
    77  00FFB4  6E95               	movwf	3989,c	;volatile
    78                           
    79                           ;Lab2p4.c: 22: ADCON1 = 0x0F;
    80  00FFB6  0E0F               	movlw	15
    81  00FFB8  6EC1               	movwf	4033,c	;volatile
    82                           
    83                           ;Lab2p4.c: 24: for (int i=0; i<7; i++) {
    84  00FFBA  0E00               	movlw	0
    85  00FFBC  6E05               	movwf	main@i+1,c
    86  00FFBE  0E00               	movlw	0
    87  00FFC0  6E04               	movwf	main@i,c
    88  00FFC2                     l624:
    89  00FFC2  BE05               	btfsc	main@i+1,7,c
    90  00FFC4  D00A               	goto	l21
    91  00FFC6  5005               	movf	main@i+1,w,c
    92  00FFC8  E119               	bnz	l23
    93  00FFCA  0E07               	movlw	7
    94  00FFCC  5C04               	subwf	main@i,w,c
    95  00FFCE  B0D8               	btfsc	status,0,c
    96  00FFD0  EF00  F000         	goto	start
    97  00FFD4  D002               	goto	l21
    98  00FFD6  EF00  F000         	goto	start
    99  00FFDA                     l21:
   100                           
   101                           ;Lab2p4.c: 25: in = PORTA;
   102  00FFDA  CF80 F006          	movff	3968,main@in	;volatile
   103                           
   104                           ;Lab2p4.c: 27: in = in & 0x07;
   105  00FFDE  5006               	movf	main@in,w,c
   106  00FFE0  0B07               	andlw	7
   107  00FFE2  6E06               	movwf	main@in,c
   108                           
   109                           ;Lab2p4.c: 28: PORTC = in;
   110  00FFE4  C006  FF82         	movff	main@in,3970	;volatile
   111                           
   112                           ;Lab2p4.c: 30: in1 = ~(PORTC);
   113  00FFE8  5082               	movf	3970,w,c	;volatile
   114  00FFEA  0AFF               	xorlw	255
   115  00FFEC  6E03               	movwf	main@in1,c
   116                           
   117                           ;Lab2p4.c: 31: PORTD = in1;
   118  00FFEE  C003  FF83         	movff	main@in1,3971	;volatile
   119                           
   120                           ;Lab2p4.c: 32: Delay_One_Sec();
   121  00FFF2  ECC2  F07F         	call	_Delay_One_Sec	;wreg free
   122  00FFF6  4A04               	infsnz	main@i,f,c
   123  00FFF8  2A05               	incf	main@i+1,f,c
   124  00FFFA  D7E3               	goto	l624
   125  00FFFC                     l23:
   126  00FFFC  EF00  F000         	goto	start
   127  010000                     __end_of_main:
   128                           	opt stack 0
   129                           status	equ	0xFD8
   130                           
   131                           	psect	cinit
   132  00FF7E                     __pcinit:
   133                           	opt stack 0
   134  00FF7E                     start_initialization:
   135                           	opt stack 0
   136  00FF7E                     __initialization:
   137                           	opt stack 0
   138  00FF7E                     end_of_initialization:
   139                           	opt stack 0
   140  00FF7E                     __end_of__initialization:
   141                           	opt stack 0
   142  00FF7E  0100               	movlb	0
   143  00FF80  EFD4  F07F         	goto	_main	;jump to C main() function
   144                           status	equ	0xFD8
   145                           
   146                           	psect	cstackCOMRAM
   147  000001                     __pcstackCOMRAM:
   148                           	opt stack 0
   149  000001                     Delay_One_Sec@I:
   150                           	opt stack 0
   151                           
   152                           ; 2 bytes @ 0x0
   153  000001                     	ds	2
   154  000003                     main@in1:
   155                           	opt stack 0
   156                           
   157                           ; 1 bytes @ 0x2
   158  000003                     	ds	1
   159  000004                     main@i:
   160                           	opt stack 0
   161                           
   162                           ; 2 bytes @ 0x3
   163  000004                     	ds	2
   164  000006                     main@in:
   165                           	opt stack 0
   166                           
   167                           ; 1 bytes @ 0x5
   168  000006                     	ds	1
   169                           status	equ	0xFD8
   170                           
   171 ;; *************** function _Delay_One_Sec *****************
   172 ;; Defined at:
   173 ;;		line 36 in file "Lab2p4.c"
   174 ;; Parameters:    Size  Location     Type
   175 ;;		None
   176 ;; Auto vars:     Size  Location     Type
   177 ;;  I               2    0[COMRAM] int 
   178 ;; Return value:  Size  Location     Type
   179 ;;		None               void
   180 ;; Registers used:
   181 ;;		wreg, status,2, status,0
   182 ;; Tracked objects:
   183 ;;		On entry : 0/0
   184 ;;		On exit  : 0/0
   185 ;;		Unchanged: 0/0
   186 ;; Data sizes:     COMRAM   BANK0   BANK1   BANK2   BANK3   BANK4   BANK5   BANK6   BANK7   BANK8   BANK9  BANK10  BANK1
      +1  BANK12  BANK13  BANK14  BANK15
   187 ;;      Params:         0       0       0       0       0       0       0       0       0       0       0       0       
      +0       0       0       0       0
   188 ;;      Locals:         2       0       0       0       0       0       0       0       0       0       0       0       
      +0       0       0       0       0
   189 ;;      Temps:          0       0       0       0       0       0       0       0       0       0       0       0       
      +0       0       0       0       0
   190 ;;      Totals:         2       0       0       0       0       0       0       0       0       0       0       0       
      +0       0       0       0       0
   191 ;;Total ram usage:        2 bytes
   192 ;; Hardware stack levels used:    1
   193 ;; This function calls:
   194 ;;		Nothing
   195 ;; This function is called by:
   196 ;;		_main
   197 ;; This function uses a non-reentrant model
   198 ;;
   199                           
   200                           	psect	text1
   201  00FF84                     __ptext1:
   202                           	opt stack 0
   203  00FF84                     _Delay_One_Sec:
   204                           	opt stack 30
   205                           
   206                           ;Lab2p4.c: 38: for(int I=0; I <17000; I++);
   207                           
   208                           ;incstack = 0
   209  00FF84  0E00               	movlw	0
   210  00FF86  6E02               	movwf	Delay_One_Sec@I+1,c
   211  00FF88  0E00               	movlw	0
   212  00FF8A  6E01               	movwf	Delay_One_Sec@I,c
   213  00FF8C                     l612:
   214  00FF8C  BE02               	btfsc	Delay_One_Sec@I+1,7,c
   215  00FF8E  D008               	goto	l616
   216  00FF90  0E68               	movlw	104
   217  00FF92  5C01               	subwf	Delay_One_Sec@I,w,c
   218  00FF94  0E42               	movlw	66
   219  00FF96  5802               	subwfb	Delay_One_Sec@I+1,w,c
   220  00FF98  B0D8               	btfsc	status,0,c
   221  00FF9A  D005               	goto	l28
   222  00FF9C  D001               	goto	l616
   223  00FF9E  D003               	goto	l28
   224  00FFA0                     l616:
   225  00FFA0  4A01               	infsnz	Delay_One_Sec@I,f,c
   226  00FFA2  2A02               	incf	Delay_One_Sec@I+1,f,c
   227  00FFA4  D7F3               	goto	l612
   228  00FFA6                     l28:
   229  00FFA6  0012               	return		;funcret
   230  00FFA8                     __end_of_Delay_One_Sec:
   231                           	opt stack 0
   232  0000                     status	equ	0xFD8
   233                           status	equ	0xFD8
   234                           
   235                           	psect	rparam
   236  0000                     status	equ	0xFD8


Data Sizes:
    Strings     0
    Constant    0
    Data        0
    BSS         0
    Persistent  0
    Stack       0

Auto Spaces:
    Space          Size  Autos    Used
    COMRAM          127      6       6
    BANK0           128      0       0
    BANK1           256      0       0
    BANK2           256      0       0
    BANK3           256      0       0
    BANK4           256      0       0
    BANK5           256      0       0
    BANK6           256      0       0
    BANK7           256      0       0
    BANK8           256      0       0
    BANK9           256      0       0
    BANK10          256      0       0
    BANK11          256      0       0
    BANK12          256      0       0
    BANK13          256      0       0
    BANK14          256      0       0
    BANK15          128      0       0

Pointer List with Targets:

    None.

Critical Paths under _main in COMRAM

    _main->_Delay_One_Sec

Critical Paths under _main in BANK0

    None.

Critical Paths under _main in BANK1

    None.

Critical Paths under _main in BANK2

    None.

Critical Paths under _main in BANK3

    None.

Critical Paths under _main in BANK4

    None.

Critical Paths under _main in BANK5

    None.

Critical Paths under _main in BANK6

    None.

Critical Paths under _main in BANK7

    None.

Critical Paths under _main in BANK8

    None.

Critical Paths under _main in BANK9

    None.

Critical Paths under _main in BANK10

    None.

Critical Paths under _main in BANK11

    None.

Critical Paths under _main in BANK12

    None.

Critical Paths under _main in BANK13

    None.

Critical Paths under _main in BANK14

    None.

Critical Paths under _main in BANK15

    None.

Call Graph Tables:

 ---------------------------------------------------------------------------------
 (Depth) Function   	        Calls       Base Space   Used Autos Params    Refs
 ---------------------------------------------------------------------------------
 (0) _main                                                 4     4      0     105
                                              2 COMRAM     4     4      0
                      _Delay_One_Sec
 ---------------------------------------------------------------------------------
 (1) _Delay_One_Sec                                        2     2      0      30
                                              0 COMRAM     2     2      0
 ---------------------------------------------------------------------------------
 Estimated maximum stack depth 1
 ---------------------------------------------------------------------------------

 Call Graph Graphs:

 _main (ROOT)
   _Delay_One_Sec

 Address spaces:
Name               Size   Autos  Total    Cost      Usage
BITCOMRAM           7F      0       0       0        0.0%
EEDATA             400      0       0       0        0.0%
NULL                 0      0       0       0        0.0%
CODE                 0      0       0       0        0.0%
COMRAM              7F      6       6       1        4.7%
STACK                0      0       0       2        0.0%
DATA                 0      0       0       3        0.0%
BITBANK0            80      0       0       4        0.0%
BANK0               80      0       0       5        0.0%
BITBANK1           100      0       0       6        0.0%
BANK1              100      0       0       7        0.0%
BITBANK2           100      0       0       8        0.0%
BANK2              100      0       0       9        0.0%
BITBANK3           100      0       0      10        0.0%
BANK3              100      0       0      11        0.0%
BITBANK4           100      0       0      12        0.0%
BANK4              100      0       0      13        0.0%
BITBANK5           100      0       0      14        0.0%
BANK5              100      0       0      15        0.0%
BITBANK6           100      0       0      16        0.0%
BANK6              100      0       0      17        0.0%
BITBANK7           100      0       0      18        0.0%
BANK7              100      0       0      19        0.0%
BITBANK8           100      0       0      20        0.0%
BANK8              100      0       0      21        0.0%
BITBANK9           100      0       0      22        0.0%
BANK9              100      0       0      23        0.0%
BITBANK10          100      0       0      24        0.0%
BANK10             100      0       0      25        0.0%
BITBANK11          100      0       0      26        0.0%
BANK11             100      0       0      27        0.0%
BITBANK12          100      0       0      28        0.0%
BANK12             100      0       0      29        0.0%
BITBANK13          100      0       0      30        0.0%
BANK13             100      0       0      31        0.0%
BITBANK14          100      0       0      32        0.0%
BANK14             100      0       0      33        0.0%
ABS                  0      0       0      34        0.0%
BITBANK15           80      0       0      35        0.0%
BANK15              80      0       0      36        0.0%
BIGRAM             F7F      0       0      37        0.0%
BITSFR               0      0       0      40        0.0%
SFR                  0      0       0      40        0.0%


Microchip Technology PIC18 Macro Assembler V1.34 build -361300703 
Symbol Table                                                                                   Tue Feb 08 01:13:33 2022

                     l21 FFDA                       l23 FFFC                       l28 FFA6  
                    l612 FF8C                      l616 FFA0                      l624 FFC2  
           __CFG_LVP$OFF 000000             __CFG_WDT$OFF 000000                     _main FFA8  
                   start 0000             ___param_bank 000010                    ?_main 0001  
                  _PORTA 000F80                    _PORTC 000F82                    _PORTD 000F83  
                  _TRISA 000F92                    _TRISB 000F93                    _TRISC 000F94  
                  _TRISD 000F95                    main@i 0004           __CFG_BOREN$OFF 000000  
                  status 000FD8          __initialization FF7E             __end_of_main 0000  
                 ??_main 0003            __activetblptr 000000                   _ADCON1 000FC1  
                 main@in 0006               __accesstop 0080  __end_of__initialization FF7E  
          ___rparam_used 000001           __pcstackCOMRAM 0001           Delay_One_Sec@I 0001  
 __size_of_Delay_One_Sec 0024                  __Hparam 0000                  __Lparam 0000  
                __pcinit FF7E                  __ramtop 1000                  __ptext0 FFA8  
                __ptext1 FF84                  main@in1 0003     end_of_initialization FF7E  
          _Delay_One_Sec FF84           ?_Delay_One_Sec 0001      start_initialization FF7E  
       __CFG_OSC$INTIO67 000000          ??_Delay_One_Sec 0001                 __Hrparam 0000  
               __Lrparam 0000            __size_of_main 0058    __end_of_Delay_One_Sec FFA8  
