

Microchip Technology PIC18 LITE Macro Assembler V1.34 build -361300703 
                                                                                               Tue Feb 08 17:25:51 2022

Microchip Technology Omniscient Code Generator (Lite mode) build 201502162209
     1                           	processor	18F4620
     2                           	fnconf	rparam,??,?,0
     3                           	opt	pw 120
     4                           	opt	lm
     5                           	psect	text0,global,reloc=2,class=CODE,delta=1
     6                           	psect	cinit,global,reloc=2,class=CODE,delta=1
     7                           	psect	cstackCOMRAM,global,class=COMRAM,space=1,delta=1
     8                           	psect	text1,global,reloc=2,class=CODE,delta=1
     9                           	psect	intsave_regs,global,class=BIGRAM,space=1,delta=1
    10                           	psect	rparam,global,class=COMRAM,space=1,delta=1
    11  0000                     _ADCON1	set	4033
    12  0000                     _PORTC	set	3970
    13  0000                     _PORTD	set	3971
    14  0000                     _TRISC	set	3988
    15  0000                     _TRISD	set	3989
    16                           
    17 ;;
    18 ;;Main: autosize = 0, tempsize = 0, incstack = 0, save=0
    19 ;;
    20 ;; *************** function _main *****************
    21 ;; Defined at:
    22 ;;		line 14 in file "Lab2p4.c"
    23 ;; Parameters:    Size  Location     Type
    24 ;;		None
    25 ;; Auto vars:     Size  Location     Type
    26 ;;  i               2    2[COMRAM] int 
    27 ;; Return value:  Size  Location     Type
    28 ;;		None               void
    29 ;; Registers used:
    30 ;;		wreg, status,2, status,0, cstack
    31 ;; Tracked objects:
    32 ;;		On entry : 0/0
    33 ;;		On exit  : 0/0
    34 ;;		Unchanged: 0/0
    35 ;; Data sizes:     COMRAM   BANK0   BANK1   BANK2   BANK3   BANK4   BANK5   BANK6   BANK7   BANK8   BANK9  BANK10  BANK1
      +1  BANK12  BANK13  BANK14  BANK15
    36 ;;      Params:         0       0       0       0       0       0       0       0       0       0       0       0       
      +0       0       0       0       0
    37 ;;      Locals:         2       0       0       0       0       0       0       0       0       0       0       0       
      +0       0       0       0       0
    38 ;;      Temps:          0       0       0       0       0       0       0       0       0       0       0       0       
      +0       0       0       0       0
    39 ;;      Totals:         2       0       0       0       0       0       0       0       0       0       0       0       
      +0       0       0       0       0
    40 ;;Total ram usage:        2 bytes
    41 ;; Hardware stack levels required when called:    1
    42 ;; This function calls:
    43 ;;		_Delay_One_Sec
    44 ;; This function is called by:
    45 ;;		Startup code after reset
    46 ;; This function uses a non-reentrant model
    47 ;;
    48                           
    49                           	psect	text0
    50  00FFBC                     __ptext0:
    51                           	opt stack 0
    52  00FFBC                     _main:
    53                           	opt stack 30
    54                           
    55                           ;Lab2p4.c: 20: TRISC = 0x00;
    56                           
    57                           ;incstack = 0
    58  00FFBC  0E00               	movlw	0
    59  00FFBE  6E94               	movwf	3988,c	;volatile
    60                           
    61                           ;Lab2p4.c: 21: TRISD = 0x00;
    62  00FFC0  0E00               	movlw	0
    63  00FFC2  6E95               	movwf	3989,c	;volatile
    64                           
    65                           ;Lab2p4.c: 23: ADCON1 = 0x0F;
    66  00FFC4  0E0F               	movlw	15
    67  00FFC6  6EC1               	movwf	4033,c	;volatile
    68                           
    69                           ;Lab2p4.c: 25: for (int i=0; i<=7; i++) {
    70  00FFC8  0E00               	movlw	0
    71  00FFCA  6E04               	movwf	main@i+1,c
    72  00FFCC  0E00               	movlw	0
    73  00FFCE  6E03               	movwf	main@i,c
    74  00FFD0                     l624:
    75  00FFD0  BE04               	btfsc	main@i+1,7,c
    76  00FFD2  D00A               	goto	l15
    77  00FFD4  5004               	movf	main@i+1,w,c
    78  00FFD6  E112               	bnz	l17
    79  00FFD8  0E08               	movlw	8
    80  00FFDA  5C03               	subwf	main@i,w,c
    81  00FFDC  B0D8               	btfsc	status,0,c
    82  00FFDE  EF00  F000         	goto	start
    83  00FFE2  D002               	goto	l15
    84  00FFE4  EF00  F000         	goto	start
    85  00FFE8                     l15:
    86                           
    87                           ;Lab2p4.c: 31: PORTC = i;
    88  00FFE8  C003  FF82         	movff	main@i,3970	;volatile
    89                           
    90                           ;Lab2p4.c: 32: PORTD = 0b00000111 ^ i;
    91  00FFEC  5003               	movf	main@i,w,c
    92  00FFEE  0A07               	xorlw	7
    93  00FFF0  6E83               	movwf	3971,c	;volatile
    94                           
    95                           ;Lab2p4.c: 36: Delay_One_Sec();
    96  00FFF2  ECCC  F07F         	call	_Delay_One_Sec	;wreg free
    97  00FFF6  4A03               	infsnz	main@i,f,c
    98  00FFF8  2A04               	incf	main@i+1,f,c
    99  00FFFA  D7EA               	goto	l624
   100  00FFFC                     l17:
   101  00FFFC  EF00  F000         	goto	start
   102  010000                     __end_of_main:
   103                           	opt stack 0
   104                           status	equ	0xFD8
   105                           
   106                           	psect	cinit
   107  00FF92                     __pcinit:
   108                           	opt stack 0
   109  00FF92                     start_initialization:
   110                           	opt stack 0
   111  00FF92                     __initialization:
   112                           	opt stack 0
   113  00FF92                     end_of_initialization:
   114                           	opt stack 0
   115  00FF92                     __end_of__initialization:
   116                           	opt stack 0
   117  00FF92  0100               	movlb	0
   118  00FF94  EFDE  F07F         	goto	_main	;jump to C main() function
   119                           status	equ	0xFD8
   120                           
   121                           	psect	cstackCOMRAM
   122  000001                     __pcstackCOMRAM:
   123                           	opt stack 0
   124  000001                     Delay_One_Sec@I:
   125                           	opt stack 0
   126                           
   127                           ; 2 bytes @ 0x0
   128  000001                     	ds	2
   129  000003                     main@i:
   130                           	opt stack 0
   131                           
   132                           ; 2 bytes @ 0x2
   133  000003                     	ds	2
   134                           status	equ	0xFD8
   135                           
   136 ;; *************** function _Delay_One_Sec *****************
   137 ;; Defined at:
   138 ;;		line 40 in file "Lab2p4.c"
   139 ;; Parameters:    Size  Location     Type
   140 ;;		None
   141 ;; Auto vars:     Size  Location     Type
   142 ;;  I               2    0[COMRAM] int 
   143 ;; Return value:  Size  Location     Type
   144 ;;		None               void
   145 ;; Registers used:
   146 ;;		wreg, status,2, status,0
   147 ;; Tracked objects:
   148 ;;		On entry : 0/0
   149 ;;		On exit  : 0/0
   150 ;;		Unchanged: 0/0
   151 ;; Data sizes:     COMRAM   BANK0   BANK1   BANK2   BANK3   BANK4   BANK5   BANK6   BANK7   BANK8   BANK9  BANK10  BANK1
      +1  BANK12  BANK13  BANK14  BANK15
   152 ;;      Params:         0       0       0       0       0       0       0       0       0       0       0       0       
      +0       0       0       0       0
   153 ;;      Locals:         2       0       0       0       0       0       0       0       0       0       0       0       
      +0       0       0       0       0
   154 ;;      Temps:          0       0       0       0       0       0       0       0       0       0       0       0       
      +0       0       0       0       0
   155 ;;      Totals:         2       0       0       0       0       0       0       0       0       0       0       0       
      +0       0       0       0       0
   156 ;;Total ram usage:        2 bytes
   157 ;; Hardware stack levels used:    1
   158 ;; This function calls:
   159 ;;		Nothing
   160 ;; This function is called by:
   161 ;;		_main
   162 ;; This function uses a non-reentrant model
   163 ;;
   164                           
   165                           	psect	text1
   166  00FF98                     __ptext1:
   167                           	opt stack 0
   168  00FF98                     _Delay_One_Sec:
   169                           	opt stack 30
   170                           
   171                           ;Lab2p4.c: 42: for(int I=0; I <17000; I++);
   172                           
   173                           ;incstack = 0
   174  00FF98  0E00               	movlw	0
   175  00FF9A  6E02               	movwf	Delay_One_Sec@I+1,c
   176  00FF9C  0E00               	movlw	0
   177  00FF9E  6E01               	movwf	Delay_One_Sec@I,c
   178  00FFA0                     l614:
   179  00FFA0  BE02               	btfsc	Delay_One_Sec@I+1,7,c
   180  00FFA2  D008               	goto	l618
   181  00FFA4  0E68               	movlw	104
   182  00FFA6  5C01               	subwf	Delay_One_Sec@I,w,c
   183  00FFA8  0E42               	movlw	66
   184  00FFAA  5802               	subwfb	Delay_One_Sec@I+1,w,c
   185  00FFAC  B0D8               	btfsc	status,0,c
   186  00FFAE  D005               	goto	l22
   187  00FFB0  D001               	goto	l618
   188  00FFB2  D003               	goto	l22
   189  00FFB4                     l618:
   190  00FFB4  4A01               	infsnz	Delay_One_Sec@I,f,c
   191  00FFB6  2A02               	incf	Delay_One_Sec@I+1,f,c
   192  00FFB8  D7F3               	goto	l614
   193  00FFBA                     l22:
   194  00FFBA  0012               	return		;funcret
   195  00FFBC                     __end_of_Delay_One_Sec:
   196                           	opt stack 0
   197  0000                     status	equ	0xFD8
   198                           status	equ	0xFD8
   199                           
   200                           	psect	rparam
   201  0000                     status	equ	0xFD8


Data Sizes:
    Strings     0
    Constant    0
    Data        0
    BSS         0
    Persistent  0
    Stack       0

Auto Spaces:
    Space          Size  Autos    Used
    COMRAM          127      4       4
    BANK0           128      0       0
    BANK1           256      0       0
    BANK2           256      0       0
    BANK3           256      0       0
    BANK4           256      0       0
    BANK5           256      0       0
    BANK6           256      0       0
    BANK7           256      0       0
    BANK8           256      0       0
    BANK9           256      0       0
    BANK10          256      0       0
    BANK11          256      0       0
    BANK12          256      0       0
    BANK13          256      0       0
    BANK14          256      0       0
    BANK15          128      0       0

Pointer List with Targets:

    None.

Critical Paths under _main in COMRAM

    _main->_Delay_One_Sec

Critical Paths under _main in BANK0

    None.

Critical Paths under _main in BANK1

    None.

Critical Paths under _main in BANK2

    None.

Critical Paths under _main in BANK3

    None.

Critical Paths under _main in BANK4

    None.

Critical Paths under _main in BANK5

    None.

Critical Paths under _main in BANK6

    None.

Critical Paths under _main in BANK7

    None.

Critical Paths under _main in BANK8

    None.

Critical Paths under _main in BANK9

    None.

Critical Paths under _main in BANK10

    None.

Critical Paths under _main in BANK11

    None.

Critical Paths under _main in BANK12

    None.

Critical Paths under _main in BANK13

    None.

Critical Paths under _main in BANK14

    None.

Critical Paths under _main in BANK15

    None.

Call Graph Tables:

 ---------------------------------------------------------------------------------
 (Depth) Function   	        Calls       Base Space   Used Autos Params    Refs
 ---------------------------------------------------------------------------------
 (0) _main                                                 2     2      0      90
                                              2 COMRAM     2     2      0
                      _Delay_One_Sec
 ---------------------------------------------------------------------------------
 (1) _Delay_One_Sec                                        2     2      0      30
                                              0 COMRAM     2     2      0
 ---------------------------------------------------------------------------------
 Estimated maximum stack depth 1
 ---------------------------------------------------------------------------------

 Call Graph Graphs:

 _main (ROOT)
   _Delay_One_Sec

 Address spaces:
Name               Size   Autos  Total    Cost      Usage
BITCOMRAM           7F      0       0       0        0.0%
EEDATA             400      0       0       0        0.0%
NULL                 0      0       0       0        0.0%
CODE                 0      0       0       0        0.0%
COMRAM              7F      4       4       1        3.1%
STACK                0      0       0       2        0.0%
DATA                 0      0       0       3        0.0%
BITBANK0            80      0       0       4        0.0%
BANK0               80      0       0       5        0.0%
BITBANK1           100      0       0       6        0.0%
BANK1              100      0       0       7        0.0%
BITBANK2           100      0       0       8        0.0%
BANK2              100      0       0       9        0.0%
BITBANK3           100      0       0      10        0.0%
BANK3              100      0       0      11        0.0%
BITBANK4           100      0       0      12        0.0%
BANK4              100      0       0      13        0.0%
BITBANK5           100      0       0      14        0.0%
BANK5              100      0       0      15        0.0%
BITBANK6           100      0       0      16        0.0%
BANK6              100      0       0      17        0.0%
BITBANK7           100      0       0      18        0.0%
BANK7              100      0       0      19        0.0%
BITBANK8           100      0       0      20        0.0%
BANK8              100      0       0      21        0.0%
BITBANK9           100      0       0      22        0.0%
BANK9              100      0       0      23        0.0%
BITBANK10          100      0       0      24        0.0%
BANK10             100      0       0      25        0.0%
BITBANK11          100      0       0      26        0.0%
BANK11             100      0       0      27        0.0%
BITBANK12          100      0       0      28        0.0%
BANK12             100      0       0      29        0.0%
BITBANK13          100      0       0      30        0.0%
BANK13             100      0       0      31        0.0%
BITBANK14          100      0       0      32        0.0%
BANK14             100      0       0      33        0.0%
ABS                  0      0       0      34        0.0%
BITBANK15           80      0       0      35        0.0%
BANK15              80      0       0      36        0.0%
BIGRAM             F7F      0       0      37        0.0%
BITSFR               0      0       0      40        0.0%
SFR                  0      0       0      40        0.0%


Microchip Technology PIC18 Macro Assembler V1.34 build -361300703 
Symbol Table                                                                                   Tue Feb 08 17:25:51 2022

                     l22 FFBA                       l15 FFE8                       l17 FFFC  
                    l614 FFA0                      l624 FFD0                      l618 FFB4  
           __CFG_LVP$OFF 000000             __CFG_WDT$OFF 000000                     _main FFBC  
                   start 0000             ___param_bank 000010                    ?_main 0001  
                  _PORTC 000F82                    _PORTD 000F83                    _TRISC 000F94  
                  _TRISD 000F95                    main@i 0003           __CFG_BOREN$OFF 000000  
                  status 000FD8          __initialization FF92             __end_of_main 0000  
                 ??_main 0003            __activetblptr 000000                   _ADCON1 000FC1  
             __accesstop 0080  __end_of__initialization FF92            ___rparam_used 000001  
         __pcstackCOMRAM 0001           Delay_One_Sec@I 0001   __size_of_Delay_One_Sec 0024  
                __Hparam 0000                  __Lparam 0000                  __pcinit FF92  
                __ramtop 1000                  __ptext0 FFBC                  __ptext1 FF98  
   end_of_initialization FF92            _Delay_One_Sec FF98           ?_Delay_One_Sec 0001  
    start_initialization FF92         __CFG_OSC$INTIO67 000000          ??_Delay_One_Sec 0001  
               __Hrparam 0000                 __Lrparam 0000            __size_of_main 0044  
  __end_of_Delay_One_Sec FFBC  
