

Microchip Technology PIC18 LITE Macro Assembler V1.34 build -361300703 
                                                                                               Wed Feb 16 23:47:57 2022

Microchip Technology Omniscient Code Generator (Lite mode) build 201502162209
     1                           	processor	18F4620
     2                           	fnconf	rparam,??,?,0
     3                           	opt	pw 120
     4                           	opt	lm
     5                           	psect	text0,global,reloc=2,class=CODE,delta=1
     6                           	psect	cinit,global,reloc=2,class=CODE,delta=1
     7                           	psect	cstackCOMRAM,global,class=COMRAM,space=1,delta=1
     8                           	psect	text1,global,reloc=2,class=CODE,delta=1
     9                           	psect	intsave_regs,global,class=BIGRAM,space=1,delta=1
    10                           	psect	rparam,global,class=COMRAM,space=1,delta=1
    11  0000                     _ADCON1	set	4033
    12  0000                     _PORTC	set	3970
    13  0000                     _PORTD	set	3971
    14  0000                     _TRISC	set	3988
    15  0000                     _TRISD	set	3989
    16                           
    17 ;;
    18 ;;Main: autosize = 0, tempsize = 0, incstack = 0, save=0
    19 ;;
    20 ;; *************** function _main *****************
    21 ;; Defined at:
    22 ;;		line 16 in file "Lab2p4.c"
    23 ;; Parameters:    Size  Location     Type
    24 ;;		None
    25 ;; Auto vars:     Size  Location     Type
    26 ;;  i               1    3[COMRAM] unsigned char 
    27 ;;  in              1    2[COMRAM] unsigned char 
    28 ;; Return value:  Size  Location     Type
    29 ;;		None               void
    30 ;; Registers used:
    31 ;;		wreg, status,2, status,0, cstack
    32 ;; Tracked objects:
    33 ;;		On entry : 0/0
    34 ;;		On exit  : 0/0
    35 ;;		Unchanged: 0/0
    36 ;; Data sizes:     COMRAM   BANK0   BANK1   BANK2   BANK3   BANK4   BANK5   BANK6   BANK7   BANK8   BANK9  BANK10  BANK1
      +1  BANK12  BANK13  BANK14  BANK15
    37 ;;      Params:         0       0       0       0       0       0       0       0       0       0       0       0       
      +0       0       0       0       0
    38 ;;      Locals:         2       0       0       0       0       0       0       0       0       0       0       0       
      +0       0       0       0       0
    39 ;;      Temps:          0       0       0       0       0       0       0       0       0       0       0       0       
      +0       0       0       0       0
    40 ;;      Totals:         2       0       0       0       0       0       0       0       0       0       0       0       
      +0       0       0       0       0
    41 ;;Total ram usage:        2 bytes
    42 ;; Hardware stack levels required when called:    1
    43 ;; This function calls:
    44 ;;		_Delay_One_Sec
    45 ;; This function is called by:
    46 ;;		Startup code after reset
    47 ;; This function uses a non-reentrant model
    48 ;;
    49                           
    50                           	psect	text0
    51  00FFC6                     __ptext0:
    52                           	opt stack 0
    53  00FFC6                     _main:
    54                           	opt stack 30
    55                           
    56                           ;Lab2p4.c: 18: char in;
    57                           ;Lab2p4.c: 20: TRISC = 0x00;
    58                           
    59                           ;incstack = 0
    60  00FFC6  0E00               	movlw	0
    61  00FFC8  6E94               	movwf	3988,c	;volatile
    62                           
    63                           ;Lab2p4.c: 21: TRISD = 0x00;
    64  00FFCA  0E00               	movlw	0
    65  00FFCC  6E95               	movwf	3989,c	;volatile
    66                           
    67                           ;Lab2p4.c: 23: ADCON1 = 0x0F;
    68  00FFCE  0E0F               	movlw	15
    69  00FFD0  6EC1               	movwf	4033,c	;volatile
    70  00FFD2                     l15:
    71                           
    72                           ;Lab2p4.c: 26: {
    73                           ;Lab2p4.c: 27: for (char i=0; i<8; i++)
    74  00FFD2  0E00               	movlw	0
    75  00FFD4  6E04               	movwf	main@i,c
    76  00FFD6                     l619:
    77  00FFD6  0E07               	movlw	7
    78  00FFD8  6404               	cpfsgt	main@i,c
    79  00FFDA  D001               	goto	l16
    80  00FFDC  D7FA               	goto	l15
    81  00FFDE                     l16:
    82                           
    83                           ;Lab2p4.c: 28: {
    84                           ;Lab2p4.c: 29: PORTC = i;
    85  00FFDE  C004  FF82         	movff	main@i,3970	;volatile
    86                           
    87                           ;Lab2p4.c: 31: in = ~i;
    88  00FFE2  5004               	movf	main@i,w,c
    89  00FFE4  0AFF               	xorlw	255
    90  00FFE6  6E03               	movwf	main@in,c
    91                           
    92                           ;Lab2p4.c: 32: in = in & 0x07;
    93  00FFE8  5003               	movf	main@in,w,c
    94  00FFEA  0B07               	andlw	7
    95  00FFEC  6E03               	movwf	main@in,c
    96                           
    97                           ;Lab2p4.c: 34: PORTD = in;
    98  00FFEE  C003  FF83         	movff	main@in,3971	;volatile
    99                           
   100                           ;Lab2p4.c: 36: Delay_One_Sec();
   101  00FFF2  ECD1  F07F         	call	_Delay_One_Sec	;wreg free
   102  00FFF6  2A04               	incf	main@i,f,c
   103  00FFF8  D7EE               	goto	l619
   104  00FFFA  D7EB               	goto	l15
   105  00FFFC  EF00  F000         	goto	start
   106  010000                     __end_of_main:
   107                           	opt stack 0
   108                           
   109                           	psect	cinit
   110  00FF9C                     __pcinit:
   111                           	opt stack 0
   112  00FF9C                     start_initialization:
   113                           	opt stack 0
   114  00FF9C                     __initialization:
   115                           	opt stack 0
   116  00FF9C                     end_of_initialization:
   117                           	opt stack 0
   118  00FF9C                     __end_of__initialization:
   119                           	opt stack 0
   120  00FF9C  0100               	movlb	0
   121  00FF9E  EFE3  F07F         	goto	_main	;jump to C main() function
   122                           
   123                           	psect	cstackCOMRAM
   124  000001                     __pcstackCOMRAM:
   125                           	opt stack 0
   126  000001                     Delay_One_Sec@I:
   127                           	opt stack 0
   128                           
   129                           ; 2 bytes @ 0x0
   130  000001                     	ds	2
   131  000003                     main@in:
   132                           	opt stack 0
   133                           
   134                           ; 1 bytes @ 0x2
   135  000003                     	ds	1
   136  000004                     main@i:
   137                           	opt stack 0
   138                           
   139                           ; 1 bytes @ 0x3
   140  000004                     	ds	1
   141                           
   142 ;; *************** function _Delay_One_Sec *****************
   143 ;; Defined at:
   144 ;;		line 42 in file "Lab2p4.c"
   145 ;; Parameters:    Size  Location     Type
   146 ;;		None
   147 ;; Auto vars:     Size  Location     Type
   148 ;;  I               2    0[COMRAM] int 
   149 ;; Return value:  Size  Location     Type
   150 ;;		None               void
   151 ;; Registers used:
   152 ;;		wreg, status,2, status,0
   153 ;; Tracked objects:
   154 ;;		On entry : 0/0
   155 ;;		On exit  : 0/0
   156 ;;		Unchanged: 0/0
   157 ;; Data sizes:     COMRAM   BANK0   BANK1   BANK2   BANK3   BANK4   BANK5   BANK6   BANK7   BANK8   BANK9  BANK10  BANK1
      +1  BANK12  BANK13  BANK14  BANK15
   158 ;;      Params:         0       0       0       0       0       0       0       0       0       0       0       0       
      +0       0       0       0       0
   159 ;;      Locals:         2       0       0       0       0       0       0       0       0       0       0       0       
      +0       0       0       0       0
   160 ;;      Temps:          0       0       0       0       0       0       0       0       0       0       0       0       
      +0       0       0       0       0
   161 ;;      Totals:         2       0       0       0       0       0       0       0       0       0       0       0       
      +0       0       0       0       0
   162 ;;Total ram usage:        2 bytes
   163 ;; Hardware stack levels used:    1
   164 ;; This function calls:
   165 ;;		Nothing
   166 ;; This function is called by:
   167 ;;		_main
   168 ;; This function uses a non-reentrant model
   169 ;;
   170                           
   171                           	psect	text1
   172  00FFA2                     __ptext1:
   173                           	opt stack 0
   174  00FFA2                     _Delay_One_Sec:
   175                           	opt stack 30
   176                           
   177                           ;Lab2p4.c: 44: for(int I=0; I <17000; I++);
   178                           
   179                           ;incstack = 0
   180  00FFA2  0E00               	movlw	0
   181  00FFA4  6E02               	movwf	Delay_One_Sec@I+1,c
   182  00FFA6  0E00               	movlw	0
   183  00FFA8  6E01               	movwf	Delay_One_Sec@I,c
   184  00FFAA                     l609:
   185  00FFAA  BE02               	btfsc	Delay_One_Sec@I+1,7,c
   186  00FFAC  D008               	goto	l613
   187  00FFAE  0E68               	movlw	104
   188  00FFB0  5C01               	subwf	Delay_One_Sec@I,w,c
   189  00FFB2  0E42               	movlw	66
   190  00FFB4  5802               	subwfb	Delay_One_Sec@I+1,w,c
   191  00FFB6  B0D8               	btfsc	status,0,c
   192  00FFB8  D005               	goto	l25
   193  00FFBA  D001               	goto	l613
   194  00FFBC  D003               	goto	l25
   195  00FFBE                     l613:
   196  00FFBE  4A01               	infsnz	Delay_One_Sec@I,f,c
   197  00FFC0  2A02               	incf	Delay_One_Sec@I+1,f,c
   198  00FFC2  D7F3               	goto	l609
   199  00FFC4                     l25:
   200  00FFC4  0012               	return		;funcret
   201  00FFC6                     __end_of_Delay_One_Sec:
   202                           	opt stack 0
   203  0000                     status	equ	0xFD8
   204                           status	equ	0xFD8
   205                           
   206                           	psect	rparam
   207  0000                     status	equ	0xFD8


Data Sizes:
    Strings     0
    Constant    0
    Data        0
    BSS         0
    Persistent  0
    Stack       0

Auto Spaces:
    Space          Size  Autos    Used
    COMRAM          127      4       4
    BANK0           128      0       0
    BANK1           256      0       0
    BANK2           256      0       0
    BANK3           256      0       0
    BANK4           256      0       0
    BANK5           256      0       0
    BANK6           256      0       0
    BANK7           256      0       0
    BANK8           256      0       0
    BANK9           256      0       0
    BANK10          256      0       0
    BANK11          256      0       0
    BANK12          256      0       0
    BANK13          256      0       0
    BANK14          256      0       0
    BANK15          128      0       0

Pointer List with Targets:

    None.

Critical Paths under _main in COMRAM

    _main->_Delay_One_Sec

Critical Paths under _main in BANK0

    None.

Critical Paths under _main in BANK1

    None.

Critical Paths under _main in BANK2

    None.

Critical Paths under _main in BANK3

    None.

Critical Paths under _main in BANK4

    None.

Critical Paths under _main in BANK5

    None.

Critical Paths under _main in BANK6

    None.

Critical Paths under _main in BANK7

    None.

Critical Paths under _main in BANK8

    None.

Critical Paths under _main in BANK9

    None.

Critical Paths under _main in BANK10

    None.

Critical Paths under _main in BANK11

    None.

Critical Paths under _main in BANK12

    None.

Critical Paths under _main in BANK13

    None.

Critical Paths under _main in BANK14

    None.

Critical Paths under _main in BANK15

    None.

Call Graph Tables:

 ---------------------------------------------------------------------------------
 (Depth) Function   	        Calls       Base Space   Used Autos Params    Refs
 ---------------------------------------------------------------------------------
 (0) _main                                                 2     2      0     120
                                              2 COMRAM     2     2      0
                      _Delay_One_Sec
 ---------------------------------------------------------------------------------
 (1) _Delay_One_Sec                                        2     2      0      30
                                              0 COMRAM     2     2      0
 ---------------------------------------------------------------------------------
 Estimated maximum stack depth 1
 ---------------------------------------------------------------------------------

 Call Graph Graphs:

 _main (ROOT)
   _Delay_One_Sec

 Address spaces:
Name               Size   Autos  Total    Cost      Usage
BITCOMRAM           7F      0       0       0        0.0%
EEDATA             400      0       0       0        0.0%
NULL                 0      0       0       0        0.0%
CODE                 0      0       0       0        0.0%
COMRAM              7F      4       4       1        3.1%
STACK                0      0       0       2        0.0%
DATA                 0      0       0       3        0.0%
BITBANK0            80      0       0       4        0.0%
BANK0               80      0       0       5        0.0%
BITBANK1           100      0       0       6        0.0%
BANK1              100      0       0       7        0.0%
BITBANK2           100      0       0       8        0.0%
BANK2              100      0       0       9        0.0%
BITBANK3           100      0       0      10        0.0%
BANK3              100      0       0      11        0.0%
BITBANK4           100      0       0      12        0.0%
BANK4              100      0       0      13        0.0%
BITBANK5           100      0       0      14        0.0%
BANK5              100      0       0      15        0.0%
BITBANK6           100      0       0      16        0.0%
BANK6              100      0       0      17        0.0%
BITBANK7           100      0       0      18        0.0%
BANK7              100      0       0      19        0.0%
BITBANK8           100      0       0      20        0.0%
BANK8              100      0       0      21        0.0%
BITBANK9           100      0       0      22        0.0%
BANK9              100      0       0      23        0.0%
BITBANK10          100      0       0      24        0.0%
BANK10             100      0       0      25        0.0%
BITBANK11          100      0       0      26        0.0%
BANK11             100      0       0      27        0.0%
BITBANK12          100      0       0      28        0.0%
BANK12             100      0       0      29        0.0%
BITBANK13          100      0       0      30        0.0%
BANK13             100      0       0      31        0.0%
BITBANK14          100      0       0      32        0.0%
BANK14             100      0       0      33        0.0%
ABS                  0      0       0      34        0.0%
BITBANK15           80      0       0      35        0.0%
BANK15              80      0       0      36        0.0%
BIGRAM             F7F      0       0      37        0.0%
BITSFR               0      0       0      40        0.0%
SFR                  0      0       0      40        0.0%


Microchip Technology PIC18 Macro Assembler V1.34 build -361300703 
Symbol Table                                                                                   Wed Feb 16 23:47:57 2022

                     l15 FFD2                       l16 FFDE                       l25 FFC4  
                    l613 FFBE                      l609 FFAA                      l619 FFD6  
           __CFG_LVP$OFF 000000             __CFG_WDT$OFF 000000                     _main FFC6  
                   start 0000             ___param_bank 000010                    ?_main 0001  
                  _PORTC 000F82                    _PORTD 000F83                    _TRISC 000F94  
                  _TRISD 000F95                    main@i 0004           __CFG_BOREN$OFF 000000  
                  status 000FD8          __initialization FF9C             __end_of_main 0000  
                 ??_main 0003            __activetblptr 000000                   _ADCON1 000FC1  
                 main@in 0003               __accesstop 0080  __end_of__initialization FF9C  
          ___rparam_used 000001           __pcstackCOMRAM 0001           Delay_One_Sec@I 0001  
     __CFG_CCP2MX$PORTBE 000000   __size_of_Delay_One_Sec 0024                  __Hparam 0000  
                __Lparam 0000                  __pcinit FF9C                  __ramtop 1000  
                __ptext0 FFC6                  __ptext1 FFA2     end_of_initialization FF9C  
          _Delay_One_Sec FFA2           ?_Delay_One_Sec 0001      start_initialization FF9C  
       __CFG_OSC$INTIO67 000000          ??_Delay_One_Sec 0001                 __Hrparam 0000  
               __Lrparam 0000            __size_of_main 003A    __end_of_Delay_One_Sec FFC6  
